2017-01-19T15:55:07.126438+00:00 app[web.1]: I, [2017-01-19T15:55:07.126086 #4]  INFO -- : [1db09850-cbf3-4e98-a75d-8132ec06e814] Started GET "/test_cases/rp-id_token-kid-absent-single-jwks" for 122.210.153.65 at 2017-01-19 15:55:07 +0000
2017-01-19T15:55:07.127275+00:00 app[web.1]: I, [2017-01-19T15:55:07.127194 #4]  INFO -- : [1db09850-cbf3-4e98-a75d-8132ec06e814] Processing by TestCasesController#show as HTML
2017-01-19T15:55:07.127371+00:00 app[web.1]: I, [2017-01-19T15:55:07.127294 #4]  INFO -- : [1db09850-cbf3-4e98-a75d-8132ec06e814]   Parameters: {"id"=>"rp-id_token-kid-absent-single-jwks"}
2017-01-19T15:55:07.137122+00:00 app[web.1]: D, [2017-01-19T15:55:07.137028 #4] DEBUG -- : [1db09850-cbf3-4e98-a75d-8132ec06e814]   TestCase Load (5.8ms)  SELECT  "test_cases".* FROM "test_cases" WHERE "test_cases"."identifier" = $1 LIMIT $2  [["identifier", "rp-id_token-kid-absent-single-jwks"], ["LIMIT", 1]]
2017-01-19T15:55:07.139394+00:00 app[web.1]: I, [2017-01-19T15:55:07.139194 #4]  INFO -- : [1db09850-cbf3-4e98-a75d-8132ec06e814] ======= [SWD] HTTP REQUEST STARTED =======
2017-01-19T15:55:07.139396+00:00 app[web.1]: GET /nov-rp-certified/rp-id_token-kid-absent-single-jwks/.well-known/openid-configuration HTTP/1.1
2017-01-19T15:55:07.139398+00:00 app[web.1]: Host: rp.certification.openid.net:8080
2017-01-19T15:55:07.139399+00:00 app[web.1]:
2017-01-19T15:55:07.139399+00:00 app[web.1]:
2017-01-19T15:55:07.225932+00:00 app[web.1]: I, [2017-01-19T15:55:07.225695 #4]  INFO -- : [1db09850-cbf3-4e98-a75d-8132ec06e814] --------------------------------------------------
2017-01-19T15:55:07.225934+00:00 app[web.1]: Status: 200 OK
2017-01-19T15:55:07.225937+00:00 app[web.1]: Cache-Control: no-store
2017-01-19T15:55:07.225938+00:00 app[web.1]: x-ffo: bar
2017-01-19T15:55:07.225938+00:00 app[web.1]: Content-type: application/json
2017-01-19T15:55:07.225939+00:00 app[web.1]: Access-Control-Allow-Origin: *
2017-01-19T15:55:07.225940+00:00 app[web.1]: Access-Control-Allow-Methods: GET
2017-01-19T15:55:07.225940+00:00 app[web.1]: Access-Control-Allow-Headers: Authorization
2017-01-19T15:55:07.225941+00:00 app[web.1]: Transfer-Encoding: chunked
2017-01-19T15:55:07.225942+00:00 app[web.1]: Date: Thu, 19 Jan 2017 15:55:07 GMT
2017-01-19T15:55:07.225942+00:00 app[web.1]: Server: openid-www2
2017-01-19T15:55:07.225943+00:00 app[web.1]: Content-Length: 0
2017-01-19T15:55:07.225943+00:00 app[web.1]:
2017-01-19T15:55:07.225946+00:00 app[web.1]: {"request_parameter_supported": true, "require_request_uri_registration": true, "response_types_supported": ["code", "id_token", "id_token token", "code id_token", "code token", "code id_token token"], "id_token_signing_alg_values_supported": ["RS256", "RS384", "RS512", "ES256", "ES384", "ES512", "HS256", "HS384", "HS512", "PS256", "PS384", "PS512", "none"], "token_endpoint_auth_methods_supported": ["client_secret_post", "client_secret_basic", "client_secret_jwt", "private_key_jwt"], "request_object_encryption_enc_values_supported": ["A128CBC-HS256", "A192CBC-HS384", "A256CBC-HS512", "A128GCM", "A192GCM", "A256GCM"], "response_modes_supported": ["query", "fragment", "form_post"], "jwks_uri": "https://rp.certification.openid.net:8080/static/jwks_uoCFh87UGgQzVKZp.json", "userinfo_endpoint": "https://rp.certification.openid.net:8080/nov-rp-certified/rp-id_token-kid-absent-single-jwks/userinfo", "request_object_signing_alg_values_supported": ["RS256", "RS384", "RS512", "ES256", "ES384", "ES512", "HS256", "HS384", "HS512", "PS256", "PS384", "PS512", "none"], "userinfo_encryption_enc_values_supported": ["A128CBC-HS256", "A192CBC-HS384", "A256CBC-HS512", "A128GCM", "A192GCM", "A256GCM"], "token_endpoint": "https://rp.certification.openid.net:8080/nov-rp-certified/rp-id_token-kid-absent-single-jwks/token", "userinfo_encryption_alg_values_supported": ["RSA1_5", "RSA-OAEP", "A128KW", "A192KW", "A256KW", "ECDH-ES", "ECDH-ES+A128KW", "ECDH-ES+A192KW", "ECDH-ES+A256KW"], "claim_types_supported": ["normal", "aggregated", "distributed"], "id_token_encryption_alg_values_supported": ["RSA1_5", "RSA-OAEP", "A128KW", "A192KW", "A256KW", "ECDH-ES", "ECDH-ES+A128KW", "ECDH-ES+A192KW", "ECDH-ES+A256KW"], "userinfo_signing_alg_values_supported": ["RS256", "RS384", "RS512", "ES256", "ES384", "ES512", "HS256", "HS384", "HS512", "PS256", "PS384", "PS512", "none"], "claims_supported": ["updated_at", "name", "nickname", "sub", "middle_name", "locale", "phone_number_verified", "family_name", "email_verified", "website", "address", "zoneinfo", "email", "given_name", "birthdate", "preferred_username", "profile", "phone_number", "picture", "gender"], "version": "3.0", "claims_parameter_supported": true, "grant_types_supported": ["authorization_code", "implicit", "urn:ietf:params:oauth:grant-type:jwt-bearer"], "request_uri_parameter_supported": true, "subject_types_supported": ["public", "pairwise"], "scopes_supported": ["phone", "email", "offline_access", "openid", "profile", "address", "openid"], "request_object_encryption_alg_values_supported": ["RSA1_5", "RSA-OAEP", "A128KW", "A192KW", "A256KW", "ECDH-ES", "ECDH-ES+A128KW", "ECDH-ES+A192KW", "ECDH-ES+A256KW"], "end_session_endpoint": "https://rp.certification.openid.net:8080/nov-rp-certified/rp-id_token-kid-absent-single-jwks/end_session", "registration_endpoint": "https://rp.certification.openid.net:8080/nov-rp-certified/rp-id_token-kid-absent-single-jwks/registration", "id_token_encryption_enc_values_supported": ["A128CBC-HS256", "A192CBC-HS384", "A256CBC-HS512", "A128GCM", "A192GCM", "A256GCM"], "token_endpoint_auth_signing_alg_values_supported": ["RS256", "RS384", "RS512", "ES256", "ES384", "ES512", "HS256", "HS384", "HS512", "PS256", "PS384", "PS512"], "issuer": "https://rp.certification.openid.net:8080/nov-rp-certified/rp-id_token-kid-absent-single-jwks", "authorization_endpoint": "https://rp.certification.openid.net:8080/nov-rp-certified/rp-id_token-kid-absent-single-jwks/authorization", "acr_values_supported": ["PASSWORD"]}
2017-01-19T15:55:07.225947+00:00 app[web.1]: ======= [SWD] HTTP REQUEST FINISHED =======
2017-01-19T15:55:07.230154+00:00 app[web.1]: I, [2017-01-19T15:55:07.230072 #4]  INFO -- : [1db09850-cbf3-4e98-a75d-8132ec06e814] ======= [OpenIDConnect] HTTP REQUEST STARTED =======
2017-01-19T15:55:07.230225+00:00 app[web.1]: I, [2017-01-19T15:55:07.230157 #4]  INFO -- : [1db09850-cbf3-4e98-a75d-8132ec06e814] POST /nov-rp-certified/rp-id_token-kid-absent-single-jwks/registration HTTP/1.1
2017-01-19T15:55:07.230227+00:00 app[web.1]: Content-Type: application/json
2017-01-19T15:55:07.230228+00:00 app[web.1]: Content-Length: 204
2017-01-19T15:55:07.230229+00:00 app[web.1]: Host: rp.certification.openid.net:8080
2017-01-19T15:55:07.230229+00:00 app[web.1]:
2017-01-19T15:55:07.230230+00:00 app[web.1]: {"application_type":"web","client_name":"NOV RP - rp-id_token-kid-absent-single-jwks","redirect_uris":["https://connect-rp-certified.herokuapp.com/test_case_callbacks/rp-id_token-kid-absent-single-jwks"]}
2017-01-19T15:55:07.279213+00:00 app[web.1]: I, [2017-01-19T15:55:07.279077 #4]  INFO -- : [1db09850-cbf3-4e98-a75d-8132ec06e814] --------------------------------------------------
2017-01-19T15:55:07.279286+00:00 app[web.1]: I, [2017-01-19T15:55:07.279199 #4]  INFO -- : [1db09850-cbf3-4e98-a75d-8132ec06e814] Status: 201 Created
2017-01-19T15:55:07.279288+00:00 app[web.1]: Cache-Control: no-store
2017-01-19T15:55:07.279289+00:00 app[web.1]: Content-type: application/json
2017-01-19T15:55:07.279289+00:00 app[web.1]: Access-Control-Allow-Origin: *
2017-01-19T15:55:07.279290+00:00 app[web.1]: Access-Control-Allow-Methods: GET
2017-01-19T15:55:07.279291+00:00 app[web.1]: Access-Control-Allow-Headers: Authorization
2017-01-19T15:55:07.279292+00:00 app[web.1]: Transfer-Encoding: chunked
2017-01-19T15:55:07.279292+00:00 app[web.1]: Date: Thu, 19 Jan 2017 15:55:07 GMT
2017-01-19T15:55:07.279293+00:00 app[web.1]: Server: openid-www2
2017-01-19T15:55:07.279294+00:00 app[web.1]: Content-Length: 0
2017-01-19T15:55:07.279294+00:00 app[web.1]:
2017-01-19T15:55:07.279298+00:00 app[web.1]: {"client_id": "DeYe136G3OiF", "client_secret": "8ade73ab16356385ca30ae7d9a57dff05e6fcab38633a78f0a113475", "response_types": ["code"], "client_name": "NOV RP - rp-id_token-kid-absent-single-jwks", "application_type": "web", "registration_client_uri": "https://rp.certification.openid.net:8080/nov-rp-certified/registration?client_id=DeYe136G3OiF", "registration_access_token": "RCIq74mAIvyKsaHVOmVq78AzrEINDVRx", "redirect_uris": ["https://connect-rp-certified.herokuapp.com/test_case_callbacks/rp-id_token-kid-absent-single-jwks"], "client_id_issued_at": 1484841307, "client_secret_expires_at": 1484927707}
2017-01-19T15:55:07.279410+00:00 app[web.1]: I, [2017-01-19T15:55:07.279287 #4]  INFO -- : [1db09850-cbf3-4e98-a75d-8132ec06e814] ======= [OpenIDConnect] HTTP REQUEST FINISHED =======
2017-01-19T15:55:07.285863+00:00 app[web.1]: D, [2017-01-19T15:55:07.285770 #4] DEBUG -- : [1db09850-cbf3-4e98-a75d-8132ec06e814]    (4.5ms)  BEGIN
2017-01-19T15:55:07.291277+00:00 app[web.1]: D, [2017-01-19T15:55:07.291142 #4] DEBUG -- : [1db09850-cbf3-4e98-a75d-8132ec06e814]   Client Exists (3.0ms)  SELECT  1 AS one FROM "clients" WHERE "clients"."identifier" = $1 LIMIT $2  [["identifier", "DeYe136G3OiF"], ["LIMIT", 1]]
2017-01-19T15:55:07.294901+00:00 app[web.1]: D, [2017-01-19T15:55:07.294825 #4] DEBUG -- : [1db09850-cbf3-4e98-a75d-8132ec06e814]   SQL (2.1ms)  INSERT INTO "clients" ("test_case_id", "identifier", "secret", "created_at", "updated_at") VALUES ($1, $2, $3, $4, $5) RETURNING "id"  [["test_case_id", 3], ["identifier", "DeYe136G3OiF"], ["secret", "8ade73ab16356385ca30ae7d9a57dff05e6fcab38633a78f0a113475"], ["created_at", 2017-01-19 15:55:07 UTC], ["updated_at", 2017-01-19 15:55:07 UTC]]
2017-01-19T15:55:07.298716+00:00 app[web.1]: D, [2017-01-19T15:55:07.298632 #4] DEBUG -- : [1db09850-cbf3-4e98-a75d-8132ec06e814]    (3.5ms)  COMMIT
2017-01-19T15:55:07.299589+00:00 app[web.1]: I, [2017-01-19T15:55:07.299477 #4]  INFO -- : [1db09850-cbf3-4e98-a75d-8132ec06e814] Redirected to https://rp.certification.openid.net:8080/nov-rp-certified/rp-id_token-kid-absent-single-jwks/authorization?client_id=DeYe136G3OiF&nonce=cbc948aefe751eb8472613a7d1638f6f&redirect_uri=https%3A%2F%2Fconnect-rp-certified.herokuapp.com%2Ftest_case_callbacks%2Frp-id_token-kid-absent-single-jwks&response_type=code&scope=profile+email+address+phone+openid&state=be5842e47bb1d054ee44da4f80b192f3
2017-01-19T15:55:07.299887+00:00 app[web.1]: I, [2017-01-19T15:55:07.299787 #4]  INFO -- : [1db09850-cbf3-4e98-a75d-8132ec06e814] Completed 302 Found in 172ms (ActiveRecord: 18.8ms)
2017-01-19T15:55:07.296788+00:00 heroku[router]: at=info method=GET path="/test_cases/rp-id_token-kid-absent-single-jwks" host=connect-rp-certified.herokuapp.com request_id=1db09850-cbf3-4e98-a75d-8132ec06e814 fwd="122.210.153.65" dyno=web.1 connect=0ms service=182ms status=302 bytes=1802
2017-01-19T15:55:08.031834+00:00 app[web.1]: I, [2017-01-19T15:55:08.031725 #4]  INFO -- : [749348b7-566a-438f-bd47-5acc79e3cbea] Started GET "/test_case_callbacks/rp-id_token-kid-absent-single-jwks?client_id=DeYe136G3OiF&iss=https%3A%2F%2Frp.certification.openid.net%3A8080%2Fnov-rp-certified%2Frp-id_token-kid-absent-single-jwks&scope=profile+email+address+phone+openid&code=qXlpKE5VCeRFFB%2Fxu2kuMhaE2A%2Bqq3est8RhvtA4yloghPA9OVpGsxM8Xyrmvuxt0KpZAPbWgG0z%2F9FctdlFGcgMbkU%2FtkKzVrybrmS%2F0HtFzqdSD6R%2BPSW77Lp1iINyOEqnEA8DX8kn2t362J%2FSPg%3D%3D&state=be5842e47bb1d054ee44da4f80b192f3" for 122.210.153.65 at 2017-01-19 15:55:08 +0000
2017-01-19T15:55:08.032950+00:00 app[web.1]: I, [2017-01-19T15:55:08.032867 #4]  INFO -- : [749348b7-566a-438f-bd47-5acc79e3cbea] Processing by TestCaseCallbacksController#show as HTML
2017-01-19T15:55:08.033028+00:00 app[web.1]: I, [2017-01-19T15:55:08.032967 #4]  INFO -- : [749348b7-566a-438f-bd47-5acc79e3cbea]   Parameters: {"client_id"=>"DeYe136G3OiF", "iss"=>"https://rp.certification.openid.net:8080/nov-rp-certified/rp-id_token-kid-absent-single-jwks", "scope"=>"profile email address phone openid", "code"=>"qXlpKE5VCeRFFB/xu2kuMhaE2A+qq3est8RhvtA4yloghPA9OVpGsxM8Xyrmvuxt0KpZAPbWgG0z/9FctdlFGcgMbkU/tkKzVrybrmS/0HtFzqdSD6R+PSW77Lp1iINyOEqnEA8DX8kn2t362J/SPg==", "state"=>"be5842e47bb1d054ee44da4f80b192f3", "id"=>"rp-id_token-kid-absent-single-jwks"}
2017-01-19T15:55:08.038107+00:00 app[web.1]: D, [2017-01-19T15:55:08.038028 #4] DEBUG -- : [749348b7-566a-438f-bd47-5acc79e3cbea]   TestCase Load (0.9ms)  SELECT  "test_cases".* FROM "test_cases" WHERE "test_cases"."identifier" = $1 LIMIT $2  [["identifier", "rp-id_token-kid-absent-single-jwks"], ["LIMIT", 1]]
2017-01-19T15:55:08.057893+00:00 app[web.1]: D, [2017-01-19T15:55:08.057773 #4] DEBUG -- : [749348b7-566a-438f-bd47-5acc79e3cbea]   Client Load (4.5ms)  SELECT  "clients".* FROM "clients" WHERE "clients"."test_case_id" = $1 AND "clients"."identifier" = $2 LIMIT $3  [["test_case_id", 3], ["identifier", "DeYe136G3OiF"], ["LIMIT", 1]]
2017-01-19T15:55:08.059077+00:00 app[web.1]: I, [2017-01-19T15:55:08.059005 #4]  INFO -- : [749348b7-566a-438f-bd47-5acc79e3cbea] ======= [SWD] HTTP REQUEST STARTED =======
2017-01-19T15:55:08.059079+00:00 app[web.1]: GET /nov-rp-certified/rp-id_token-kid-absent-single-jwks/.well-known/openid-configuration HTTP/1.1
2017-01-19T15:55:08.059080+00:00 app[web.1]: Host: rp.certification.openid.net:8080
2017-01-19T15:55:08.059081+00:00 app[web.1]:
2017-01-19T15:55:08.059082+00:00 app[web.1]:
2017-01-19T15:55:08.098530+00:00 app[web.1]: I, [2017-01-19T15:55:08.098405 #4]  INFO -- : [749348b7-566a-438f-bd47-5acc79e3cbea] --------------------------------------------------
2017-01-19T15:55:08.098533+00:00 app[web.1]: Status: 200 OK
2017-01-19T15:55:08.098533+00:00 app[web.1]: Cache-Control: no-store
2017-01-19T15:55:08.098534+00:00 app[web.1]: x-ffo: bar
2017-01-19T15:55:08.098534+00:00 app[web.1]: Content-type: application/json
2017-01-19T15:55:08.098535+00:00 app[web.1]: Access-Control-Allow-Origin: *
2017-01-19T15:55:08.098535+00:00 app[web.1]: Access-Control-Allow-Methods: GET
2017-01-19T15:55:08.098536+00:00 app[web.1]: Access-Control-Allow-Headers: Authorization
2017-01-19T15:55:08.098537+00:00 app[web.1]: Transfer-Encoding: chunked
2017-01-19T15:55:08.098537+00:00 app[web.1]: Date: Thu, 19 Jan 2017 15:55:08 GMT
2017-01-19T15:55:08.098538+00:00 app[web.1]: Server: openid-www2
2017-01-19T15:55:08.098538+00:00 app[web.1]: Content-Length: 0
2017-01-19T15:55:08.098539+00:00 app[web.1]:
2017-01-19T15:55:08.098545+00:00 app[web.1]: {"request_parameter_supported": true, "require_request_uri_registration": true, "response_types_supported": ["code", "id_token", "id_token token", "code id_token", "code token", "code id_token token"], "id_token_signing_alg_values_supported": ["RS256", "RS384", "RS512", "ES256", "ES384", "ES512", "HS256", "HS384", "HS512", "PS256", "PS384", "PS512", "none"], "token_endpoint_auth_methods_supported": ["client_secret_post", "client_secret_basic", "client_secret_jwt", "private_key_jwt"], "request_object_encryption_enc_values_supported": ["A128CBC-HS256", "A192CBC-HS384", "A256CBC-HS512", "A128GCM", "A192GCM", "A256GCM"], "response_modes_supported": ["query", "fragment", "form_post"], "jwks_uri": "https://rp.certification.openid.net:8080/static/jwks_gFDCs6YBiXvTDPzI.json", "userinfo_endpoint": "https://rp.certification.openid.net:8080/nov-rp-certified/rp-id_token-kid-absent-single-jwks/userinfo", "request_object_signing_alg_values_supported": ["RS256", "RS384", "RS512", "ES256", "ES384", "ES512", "HS256", "HS384", "HS512", "PS256", "PS384", "PS512", "none"], "userinfo_encryption_enc_values_supported": ["A128CBC-HS256", "A192CBC-HS384", "A256CBC-HS512", "A128GCM", "A192GCM", "A256GCM"], "token_endpoint": "https://rp.certification.openid.net:8080/nov-rp-certified/rp-id_token-kid-absent-single-jwks/token", "userinfo_encryption_alg_values_supported": ["RSA1_5", "RSA-OAEP", "A128KW", "A192KW", "A256KW", "ECDH-ES", "ECDH-ES+A128KW", "ECDH-ES+A192KW", "ECDH-ES+A256KW"], "claim_types_supported": ["normal", "aggregated", "distributed"], "id_token_encryption_alg_values_supported": ["RSA1_5", "RSA-OAEP", "A128KW", "A192KW", "A256KW", "ECDH-ES", "ECDH-ES+A128KW", "ECDH-ES+A192KW", "ECDH-ES+A256KW"], "userinfo_signing_alg_values_supported": ["RS256", "RS384", "RS512", "ES256", "ES384", "ES512", "HS256", "HS384", "HS512", "PS256", "PS384", "PS512", "none"], "claims_supported": ["updated_at", "name", "nickname", "sub", "middle_name", "locale", "phone_number_verified", "family_name", "email_verified", "website", "address", "zoneinfo", "email", "given_name", "birthdate", "preferred_username", "profile", "phone_number", "picture", "gender"], "version": "3.0", "claims_parameter_supported": true, "grant_types_supported": ["authorization_code", "implicit", "urn:ietf:params:oauth:grant-type:jwt-bearer"], "request_uri_parameter_supported": true, "subject_types_supported": ["public", "pairwise"], "scopes_supported": ["phone", "email", "offline_access", "openid", "profile", "address", "openid"], "request_object_encryption_alg_values_supported": ["RSA1_5", "RSA-OAEP", "A128KW", "A192KW", "A256KW", "ECDH-ES", "ECDH-ES+A128KW", "ECDH-ES+A192KW", "ECDH-ES+A256KW"], "end_session_endpoint": "https://rp.certification.openid.net:8080/nov-rp-certified/rp-id_token-kid-absent-single-jwks/end_session", "registration_endpoint": "https://rp.certification.openid.net:8080/nov-rp-certified/rp-id_token-kid-absent-single-jwks/registration", "id_token_encryption_enc_values_supported": ["A128CBC-HS256", "A192CBC-HS384", "A256CBC-HS512", "A128GCM", "A192GCM", "A256GCM"], "token_endpoint_auth_signing_alg_values_supported": ["RS256", "RS384", "RS512", "ES256", "ES384", "ES512", "HS256", "HS384", "HS512", "PS256", "PS384", "PS512"], "issuer": "https://rp.certification.openid.net:8080/nov-rp-certified/rp-id_token-kid-absent-single-jwks", "authorization_endpoint": "https://rp.certification.openid.net:8080/nov-rp-certified/rp-id_token-kid-absent-single-jwks/authorization", "acr_values_supported": ["PASSWORD"]}
2017-01-19T15:55:08.098545+00:00 app[web.1]: ======= [SWD] HTTP REQUEST FINISHED =======
2017-01-19T15:55:08.103977+00:00 app[web.1]: I, [2017-01-19T15:55:08.103904 #4]  INFO -- : [749348b7-566a-438f-bd47-5acc79e3cbea] ======= [Rack::OAuth2] HTTP REQUEST STARTED =======
2017-01-19T15:55:08.104078+00:00 app[web.1]: I, [2017-01-19T15:55:08.103999 #4]  INFO -- : [749348b7-566a-438f-bd47-5acc79e3cbea] POST /nov-rp-certified/rp-id_token-kid-absent-single-jwks/token HTTP/1.1
2017-01-19T15:55:08.104079+00:00 app[web.1]: Authorization: Basic RGVZZTEzNkczT2lGOjhhZGU3M2FiMTYzNTYzODVjYTMwYWU3ZDlhNTdkZmYwNWU2ZmNhYjM4NjMzYTc4ZjBhMTEzNDc1
2017-01-19T15:55:08.104082+00:00 app[web.1]: Content-Type: application/x-www-form-urlencoded
2017-01-19T15:55:08.104083+00:00 app[web.1]: Content-Length: 326
2017-01-19T15:55:08.104084+00:00 app[web.1]: Host: rp.certification.openid.net:8080
2017-01-19T15:55:08.104085+00:00 app[web.1]:
2017-01-19T15:55:08.104086+00:00 app[web.1]: grant_type=authorization_code&code=qXlpKE5VCeRFFB%2Fxu2kuMhaE2A%2Bqq3est8RhvtA4yloghPA9OVpGsxM8Xyrmvuxt0KpZAPbWgG0z%2F9FctdlFGcgMbkU%2FtkKzVrybrmS%2F0HtFzqdSD6R%2BPSW77Lp1iINyOEqnEA8DX8kn2t362J%2FSPg%3D%3D&redirect_uri=https%3A%2F%2Fconnect-rp-certified.herokuapp.com%2Ftest_case_callbacks%2Frp-id_token-kid-absent-single-jwks
2017-01-19T15:55:08.150888+00:00 app[web.1]: I, [2017-01-19T15:55:08.150786 #4]  INFO -- : [749348b7-566a-438f-bd47-5acc79e3cbea] --------------------------------------------------
2017-01-19T15:55:08.151467+00:00 app[web.1]: I, [2017-01-19T15:55:08.151407 #4]  INFO -- : [749348b7-566a-438f-bd47-5acc79e3cbea] Status: 200 OK
2017-01-19T15:55:08.151469+00:00 app[web.1]: Content-type: application/json
2017-01-19T15:55:08.151470+00:00 app[web.1]: Access-Control-Allow-Origin: *
2017-01-19T15:55:08.151470+00:00 app[web.1]: Access-Control-Allow-Methods: GET
2017-01-19T15:55:08.151471+00:00 app[web.1]: Access-Control-Allow-Headers: Authorization
2017-01-19T15:55:08.151472+00:00 app[web.1]: Transfer-Encoding: chunked
2017-01-19T15:55:08.151472+00:00 app[web.1]: Date: Thu, 19 Jan 2017 15:55:08 GMT
2017-01-19T15:55:08.151473+00:00 app[web.1]: Server: openid-www2
2017-01-19T15:55:08.151474+00:00 app[web.1]: Content-Length: 0
2017-01-19T15:55:08.151475+00:00 app[web.1]:
2017-01-19T15:55:08.151478+00:00 app[web.1]: {"token_type": "Bearer", "scope": "profile email address phone openid", "access_token": "hjon0IfHPizdlk5HPYPquFQhnnquikVhlb5a4KudzeVP6Haz8C8We2HnU9m5HLPWLBdPBc6Jn9oek5kq/IyhLc7t6mozLCXiN/5Q5bDGuF++CTOPf4hfhiJx1M+OMLz1xgJasx7nPAM8w1oCMPp8PA==", "state": "be5842e47bb1d054ee44da4f80b192f3", "id_token": "eyJhbGciOiJSUzI1NiJ9.eyJpc3MiOiAiaHR0cHM6Ly9ycC5jZXJ0aWZpY2F0aW9uLm9wZW5pZC5uZXQ6ODA4MC9ub3YtcnAtY2VydGlmaWVkL3JwLWlkX3Rva2VuLWtpZC1hYnNlbnQtc2luZ2xlLWp3a3MiLCAiaWF0IjogMTQ4NDg0MTMwOCwgIm5vbmNlIjogImNiYzk0OGFlZmU3NTFlYjg0NzI2MTNhN2QxNjM4ZjZmIiwgInN1YiI6ICIxYjJmYzkzNDFhMTZhZTRlMzAwODI5NjVkNTM3YWU0N2MyMWEwZjI3ZmQ0M2VhYjc4MzMwZWQ4MTc1MWFlNmRiIiwgImFjciI6ICJQQVNTV09SRCIsICJhdWQiOiBbIkRlWWUxMzZHM09pRiJdLCAiZXhwIjogMTQ4NDkyNzcwOCwgImF1dGhfdGltZSI6IDE0ODQ4NDEzMDd9.VTO7-3_IuINJgnJkG3yV6T7pwy_GeuDsHt0O48SbYi1eRbSKNbFMlZ5e0FweXqDFAE8mB6aw_ULhQysmu_YfKIqzQqQYDDo_xTT-DejIUcK0O1rwVr5q0QjewD4n-DSUa7DX2WkIjjVkv4CBvyirdaBpNC3rmsoFt66UKpGSr9lNaicNvCW1jghYro2WOmbJK5cd8pkjj6YEF5zis_IM7bJv0WEfjQRqQ0F1aH0s6YoDz-BLDJaYF3NdBJnY1rtr2CfrDZJCpBYfYTlbqMjEqBh3fIsBWUg4WCJ9aQJQ4kydwO4UwU0W-XivXzkNEgvdkHhe8HzSp3PKL0kMWepxKg"}
2017-01-19T15:55:08.151787+00:00 app[web.1]: I, [2017-01-19T15:55:08.151729 #4]  INFO -- : [749348b7-566a-438f-bd47-5acc79e3cbea] ======= [Rack::OAuth2] HTTP REQUEST FINISHED =======
2017-01-19T15:55:08.158870+00:00 app[web.1]: I, [2017-01-19T15:55:08.156822 #4]  INFO -- : [749348b7-566a-438f-bd47-5acc79e3cbea] ======= [OpenIDConnect] HTTP REQUEST STARTED =======
2017-01-19T15:55:08.158964+00:00 app[web.1]: I, [2017-01-19T15:55:08.158896 #4]  INFO -- : [749348b7-566a-438f-bd47-5acc79e3cbea] GET /static/jwks_gFDCs6YBiXvTDPzI.json HTTP/1.1
2017-01-19T15:55:08.158966+00:00 app[web.1]: Host: rp.certification.openid.net:8080
2017-01-19T15:55:08.158967+00:00 app[web.1]:
2017-01-19T15:55:08.158968+00:00 app[web.1]:
2017-01-19T15:55:08.207312+00:00 app[web.1]: I, [2017-01-19T15:55:08.207206 #4]  INFO -- : [749348b7-566a-438f-bd47-5acc79e3cbea] --------------------------------------------------
2017-01-19T15:55:08.207391+00:00 app[web.1]: I, [2017-01-19T15:55:08.207304 #4]  INFO -- : [749348b7-566a-438f-bd47-5acc79e3cbea] Status: 200 OK
2017-01-19T15:55:08.207393+00:00 app[web.1]: Content-type: text/html
2017-01-19T15:55:08.207394+00:00 app[web.1]: Access-Control-Allow-Origin: *
2017-01-19T15:55:08.207395+00:00 app[web.1]: Access-Control-Allow-Methods: GET
2017-01-19T15:55:08.207395+00:00 app[web.1]: Access-Control-Allow-Headers: Authorization
2017-01-19T15:55:08.207396+00:00 app[web.1]: Transfer-Encoding: chunked
2017-01-19T15:55:08.207396+00:00 app[web.1]: Date: Thu, 19 Jan 2017 15:55:08 GMT
2017-01-19T15:55:08.207397+00:00 app[web.1]: Server: openid-www2
2017-01-19T15:55:08.207398+00:00 app[web.1]: Content-Length: 0
2017-01-19T15:55:08.207398+00:00 app[web.1]:
2017-01-19T15:55:08.207402+00:00 app[web.1]: {"keys": [{"kty": "RSA", "e": "AQAB", "n": "qAEO5HN-iXYser8joW8u2Uhegg0egZ0Y1bk_WNt4NKrQJbMdf5o7Kl6eRIQ9oQfR5e7b6oUSwHtngNd3o1KZHKzyxPYp72i9HCKKxZPvnC7_1xNhBvqR3cjSogPDhBxtiho2vtgPxmhQOjtjV3yS-Ik8twPUSwfY1GxLZjeXeIXCLrd-3hFKgeoOcwENvaolTTUf9CxIfpKk0s95B1V8mLFvjVqT7ftn84VQdf88kwBTEIThRlM9Ot00NoNgbitmf95xj8sMera-ZT2zBElBnlMFiLN_bHuADQROimy-iGfhqpH3d_tWaAtXZFCJ7OY6CDPVQZ9fKSjmLeeDOyFR_Q", "kid": "48Afw-zz40sUw6Uj8ZCsfqnm0q9Bq3bK9yYcozi50Zw", "use": "enc"}, {"kty": "RSA", "e": "AQAB", "n": "tR3l3Oc1_sNfRbHp_BIjh52bL8o4-S21GlRAhRb0vSdnfIFWJKM6SRPtZh96ShDdWja-lZC7f2rqK1iNVsEi5FYcRcEUN5-wcZimoee7jo_DzFozRhqu2x57Y2YGE-b1GhgyM6PjLd8NMoU60eQ7SHACuJj_2ewtK-ffNuxCnyK9O_TMq-vi4OUousQXDJxaOrHnVYZvxGBtwgM-oGWF2o0VOAS9A8RRT-1SpIwcnNRrg_hUtCh3W-epzb_Hm5fBsA6YBmTc2cHIqDwq0ue8T3WM7NKX7Wg-FcZFV4IJOzkJ8KYDbTqDBjiiygYUVKTQl4WdIm9ova-Fblo8iceiOw", "kid": "b_DlfVNBmgGHUbzLfc3JkR9IJINcYgcQ7MrgHfRLap0", "use": "sig"}, {"y": "ZV-Qv-l0W4x6bRtZpY9nbtfB16IsbZgD_s1Ij0tzzqw", "x": "gbXzgi85BLLirjFbjdYU4xqvodAKOnPThlXE1I0h_q4", "kty": "EC", "crv": "P-256", "kid": "CzHDxT2OrV2yblaTU_M1T-FfYbLIlsyvSNJORAycY_Q", "use": "sig"}, {"y": "iq4cg4edBnFiCRQ8dtSPLpq76h7mO1Z3imKAwPYToQ", "x": "eS0QXtIGq1ri29CtaSa5PD8PBkGL3domM70f3YO-vaU", "kty": "EC", "crv": "P-256", "kid": "jctMt0kDRN2mxEszSTvfw1DqpESssVWnZo24vQQMjDc", "use": "enc"}]}
2017-01-19T15:55:08.207437+00:00 app[web.1]: I, [2017-01-19T15:55:08.207371 #4]  INFO -- : [749348b7-566a-438f-bd47-5acc79e3cbea] ======= [OpenIDConnect] HTTP REQUEST FINISHED =======
2017-01-19T15:55:08.215277+00:00 app[web.1]: I, [2017-01-19T15:55:08.215175 #4]  INFO -- : [749348b7-566a-438f-bd47-5acc79e3cbea] ======= [Rack::OAuth2] HTTP REQUEST STARTED =======
2017-01-19T15:55:08.215376+00:00 app[web.1]: I, [2017-01-19T15:55:08.215282 #4]  INFO -- : [749348b7-566a-438f-bd47-5acc79e3cbea] GET /nov-rp-certified/rp-id_token-kid-absent-single-jwks/userinfo? HTTP/1.1
2017-01-19T15:55:08.215378+00:00 app[web.1]: Authorization: Bearer hjon0IfHPizdlk5HPYPquFQhnnquikVhlb5a4KudzeVP6Haz8C8We2HnU9m5HLPWLBdPBc6Jn9oek5kq/IyhLc7t6mozLCXiN/5Q5bDGuF++CTOPf4hfhiJx1M+OMLz1xgJasx7nPAM8w1oCMPp8PA==
2017-01-19T15:55:08.215379+00:00 app[web.1]: Host: rp.certification.openid.net:8080
2017-01-19T15:55:08.215380+00:00 app[web.1]:
2017-01-19T15:55:08.215381+00:00 app[web.1]:
2017-01-19T15:55:08.272819+00:00 app[web.1]: I, [2017-01-19T15:55:08.272699 #4]  INFO -- : [749348b7-566a-438f-bd47-5acc79e3cbea] --------------------------------------------------
2017-01-19T15:55:08.272921+00:00 app[web.1]: I, [2017-01-19T15:55:08.272820 #4]  INFO -- : [749348b7-566a-438f-bd47-5acc79e3cbea] Status: 200 OK
2017-01-19T15:55:08.272923+00:00 app[web.1]: Content-type: application/json
2017-01-19T15:55:08.272923+00:00 app[web.1]: Access-Control-Allow-Origin: *
2017-01-19T15:55:08.272924+00:00 app[web.1]: Access-Control-Allow-Methods: GET
2017-01-19T15:55:08.272924+00:00 app[web.1]: Access-Control-Allow-Headers: Authorization
2017-01-19T15:55:08.272925+00:00 app[web.1]: Transfer-Encoding: chunked
2017-01-19T15:55:08.272925+00:00 app[web.1]: Date: Thu, 19 Jan 2017 15:55:08 GMT
2017-01-19T15:55:08.272926+00:00 app[web.1]: Server: openid-www2
2017-01-19T15:55:08.272926+00:00 app[web.1]: Content-Length: 0
2017-01-19T15:55:08.272927+00:00 app[web.1]:
2017-01-19T15:55:08.272930+00:00 app[web.1]: {"name": "Diana Krall", "nickname": "Dina", "sub": "1b2fc9341a16ae4e30082965d537ae47c21a0f27fd43eab78330ed81751ae6db", "email": "diana@example.org", "given_name": "Diana", "family_name": "Krall", "email_verified": false, "phone_number": "+46 90 7865000", "address": {"locality": "Ume\u00e5", "postal_code": "SE-90187", "country": "Sweden", "street_address": "Ume\u00e5 Universitet"}}
2017-01-19T15:55:08.272990+00:00 app[web.1]: I, [2017-01-19T15:55:08.272921 #4]  INFO -- : [749348b7-566a-438f-bd47-5acc79e3cbea] ======= [Rack::OAuth2] HTTP REQUEST FINISHED =======
2017-01-19T15:55:08.274918+00:00 app[web.1]: I, [2017-01-19T15:55:08.274841 #4]  INFO -- : [749348b7-566a-438f-bd47-5acc79e3cbea]   Rendering test_case_callbacks/show.html.erb within layouts/popup
2017-01-19T15:55:08.275411+00:00 app[web.1]: I, [2017-01-19T15:55:08.275340 #4]  INFO -- : [749348b7-566a-438f-bd47-5acc79e3cbea]   Rendered test_case_callbacks/show.html.erb within layouts/popup (0.3ms)
2017-01-19T15:55:08.278229+00:00 app[web.1]: I, [2017-01-19T15:55:08.278169 #4]  INFO -- : [749348b7-566a-438f-bd47-5acc79e3cbea]   Rendered layouts/_wrapper.html.erb (2.4ms)
2017-01-19T15:55:08.278627+00:00 app[web.1]: I, [2017-01-19T15:55:08.278489 #4]  INFO -- : [749348b7-566a-438f-bd47-5acc79e3cbea] Completed 200 OK in 245ms (Views: 4.4ms | ActiveRecord: 5.4ms)
2017-01-19T15:55:08.277418+00:00 heroku[router]: at=info method=GET path="/test_case_callbacks/rp-id_token-kid-absent-single-jwks?client_id=DeYe136G3OiF&iss=https%3A%2F%2Frp.certification.openid.net%3A8080%2Fnov-rp-certified%2Frp-id_token-kid-absent-single-jwks&scope=profile+email+address+phone+openid&code=qXlpKE5VCeRFFB%2Fxu2kuMhaE2A%2Bqq3est8RhvtA4yloghPA9OVpGsxM8Xyrmvuxt0KpZAPbWgG0z%2F9FctdlFGcgMbkU%2FtkKzVrybrmS%2F0HtFzqdSD6R%2BPSW77Lp1iINyOEqnEA8DX8kn2t362J%2FSPg%3D%3D&state=be5842e47bb1d054ee44da4f80b192f3" host=connect-rp-certified.herokuapp.com request_id=749348b7-566a-438f-bd47-5acc79e3cbea fwd="122.210.153.65" dyno=web.1 connect=0ms service=252ms status=200 bytes=5242