2017-01-19T15:57:40.345456+00:00 app[web.1]: I, [2017-01-19T15:57:40.345365 #4]  INFO -- : [b89a5837-f8ea-4589-b35f-7c17f3d0b926] Started GET "/test_cases/rp-id_token-bad-sig-rs256" for 122.210.153.65 at 2017-01-19 15:57:40 +0000
2017-01-19T15:57:40.346415+00:00 app[web.1]: I, [2017-01-19T15:57:40.346257 #4]  INFO -- : [b89a5837-f8ea-4589-b35f-7c17f3d0b926] Processing by TestCasesController#show as HTML
2017-01-19T15:57:40.346416+00:00 app[web.1]: I, [2017-01-19T15:57:40.346343 #4]  INFO -- : [b89a5837-f8ea-4589-b35f-7c17f3d0b926]   Parameters: {"id"=>"rp-id_token-bad-sig-rs256"}
2017-01-19T15:57:40.350823+00:00 app[web.1]: D, [2017-01-19T15:57:40.350741 #4] DEBUG -- : [b89a5837-f8ea-4589-b35f-7c17f3d0b926]   TestCase Load (1.0ms)  SELECT  "test_cases".* FROM "test_cases" WHERE "test_cases"."identifier" = $1 LIMIT $2  [["identifier", "rp-id_token-bad-sig-rs256"], ["LIMIT", 1]]
2017-01-19T15:57:40.351700+00:00 app[web.1]: I, [2017-01-19T15:57:40.351645 #4]  INFO -- : [b89a5837-f8ea-4589-b35f-7c17f3d0b926] ======= [SWD] HTTP REQUEST STARTED =======
2017-01-19T15:57:40.351702+00:00 app[web.1]: GET /nov-rp-certified/rp-id_token-bad-sig-rs256/.well-known/openid-configuration HTTP/1.1
2017-01-19T15:57:40.351703+00:00 app[web.1]: Host: rp.certification.openid.net:8080
2017-01-19T15:57:40.351704+00:00 app[web.1]:
2017-01-19T15:57:40.351705+00:00 app[web.1]:
2017-01-19T15:57:40.445077+00:00 app[web.1]: I, [2017-01-19T15:57:40.444971 #4]  INFO -- : [b89a5837-f8ea-4589-b35f-7c17f3d0b926] --------------------------------------------------
2017-01-19T15:57:40.445079+00:00 app[web.1]: Status: 200 OK
2017-01-19T15:57:40.445080+00:00 app[web.1]: Cache-Control: no-store
2017-01-19T15:57:40.445081+00:00 app[web.1]: x-ffo: bar
2017-01-19T15:57:40.445082+00:00 app[web.1]: Content-type: application/json
2017-01-19T15:57:40.445082+00:00 app[web.1]: Access-Control-Allow-Origin: *
2017-01-19T15:57:40.445083+00:00 app[web.1]: Access-Control-Allow-Methods: GET
2017-01-19T15:57:40.445084+00:00 app[web.1]: Access-Control-Allow-Headers: Authorization
2017-01-19T15:57:40.445084+00:00 app[web.1]: Transfer-Encoding: chunked
2017-01-19T15:57:40.445085+00:00 app[web.1]: Date: Thu, 19 Jan 2017 15:57:40 GMT
2017-01-19T15:57:40.445086+00:00 app[web.1]: Server: openid-www2
2017-01-19T15:57:40.445086+00:00 app[web.1]: Content-Length: 0
2017-01-19T15:57:40.445087+00:00 app[web.1]:
2017-01-19T15:57:40.445089+00:00 app[web.1]: {"request_parameter_supported": true, "require_request_uri_registration": true, "response_types_supported": ["code", "id_token", "id_token token", "code id_token", "code token", "code id_token token"], "id_token_signing_alg_values_supported": ["RS256"], "token_endpoint_auth_methods_supported": ["client_secret_post", "client_secret_basic", "client_secret_jwt", "private_key_jwt"], "request_object_encryption_enc_values_supported": ["A128CBC-HS256", "A192CBC-HS384", "A256CBC-HS512", "A128GCM", "A192GCM", "A256GCM"], "response_modes_supported": ["query", "fragment", "form_post"], "jwks_uri": "https://rp.certification.openid.net:8080/static/jwks_D7HqN3rMu9TnnJ1M.json", "userinfo_endpoint": "https://rp.certification.openid.net:8080/nov-rp-certified/rp-id_token-bad-sig-rs256/userinfo", "request_object_signing_alg_values_supported": ["RS256", "RS384", "RS512", "ES256", "ES384", "ES512", "HS256", "HS384", "HS512", "PS256", "PS384", "PS512", "none"], "userinfo_encryption_enc_values_supported": ["A128CBC-HS256", "A192CBC-HS384", "A256CBC-HS512", "A128GCM", "A192GCM", "A256GCM"], "token_endpoint": "https://rp.certification.openid.net:8080/nov-rp-certified/rp-id_token-bad-sig-rs256/token", "userinfo_encryption_alg_values_supported": ["RSA1_5", "RSA-OAEP", "A128KW", "A192KW", "A256KW", "ECDH-ES", "ECDH-ES+A128KW", "ECDH-ES+A192KW", "ECDH-ES+A256KW"], "claim_types_supported": ["normal", "aggregated", "distributed"], "id_token_encryption_alg_values_supported": ["RSA1_5", "RSA-OAEP", "A128KW", "A192KW", "A256KW", "ECDH-ES", "ECDH-ES+A128KW", "ECDH-ES+A192KW", "ECDH-ES+A256KW"], "userinfo_signing_alg_values_supported": ["RS256", "RS384", "RS512", "ES256", "ES384", "ES512", "HS256", "HS384", "HS512", "PS256", "PS384", "PS512", "none"], "claims_supported": ["updated_at", "name", "nickname", "sub", "middle_name", "locale", "phone_number_verified", "family_name", "email_verified", "website", "address", "zoneinfo", "email", "given_name", "birthdate", "preferred_username", "profile", "phone_number", "picture", "gender"], "version": "3.0", "claims_parameter_supported": true, "grant_types_supported": ["authorization_code", "implicit", "urn:ietf:params:oauth:grant-type:jwt-bearer"], "request_uri_parameter_supported": true, "subject_types_supported": ["public", "pairwise"], "scopes_supported": ["phone", "email", "offline_access", "openid", "profile", "address", "openid"], "request_object_encryption_alg_values_supported": ["RSA1_5", "RSA-OAEP", "A128KW", "A192KW", "A256KW", "ECDH-ES", "ECDH-ES+A128KW", "ECDH-ES+A192KW", "ECDH-ES+A256KW"], "end_session_endpoint": "https://rp.certification.openid.net:8080/nov-rp-certified/rp-id_token-bad-sig-rs256/end_session", "registration_endpoint": "https://rp.certification.openid.net:8080/nov-rp-certified/rp-id_token-bad-sig-rs256/registration", "id_token_encryption_enc_values_supported": ["A128CBC-HS256", "A192CBC-HS384", "A256CBC-HS512", "A128GCM", "A192GCM", "A256GCM"], "token_endpoint_auth_signing_alg_values_supported": ["RS256", "RS384", "RS512", "ES256", "ES384", "ES512", "HS256", "HS384", "HS512", "PS256", "PS384", "PS512"], "issuer": "https://rp.certification.openid.net:8080/nov-rp-certified/rp-id_token-bad-sig-rs256", "authorization_endpoint": "https://rp.certification.openid.net:8080/nov-rp-certified/rp-id_token-bad-sig-rs256/authorization", "acr_values_supported": ["PASSWORD"]}
2017-01-19T15:57:40.445090+00:00 app[web.1]: ======= [SWD] HTTP REQUEST FINISHED =======
2017-01-19T15:57:40.446635+00:00 app[web.1]: I, [2017-01-19T15:57:40.446574 #4]  INFO -- : [b89a5837-f8ea-4589-b35f-7c17f3d0b926] ======= [OpenIDConnect] HTTP REQUEST STARTED =======
2017-01-19T15:57:40.446694+00:00 app[web.1]: I, [2017-01-19T15:57:40.446635 #4]  INFO -- : [b89a5837-f8ea-4589-b35f-7c17f3d0b926] POST /nov-rp-certified/rp-id_token-bad-sig-rs256/registration HTTP/1.1
2017-01-19T15:57:40.446695+00:00 app[web.1]: Content-Type: application/json
2017-01-19T15:57:40.446696+00:00 app[web.1]: Content-Length: 186
2017-01-19T15:57:40.446697+00:00 app[web.1]: Host: rp.certification.openid.net:8080
2017-01-19T15:57:40.446697+00:00 app[web.1]:
2017-01-19T15:57:40.446698+00:00 app[web.1]: {"application_type":"web","client_name":"NOV RP - rp-id_token-bad-sig-rs256","redirect_uris":["https://connect-rp-certified.herokuapp.com/test_case_callbacks/rp-id_token-bad-sig-rs256"]}
2017-01-19T15:57:40.473655+00:00 app[web.1]: I, [2017-01-19T15:57:40.473569 #4]  INFO -- : [b89a5837-f8ea-4589-b35f-7c17f3d0b926] --------------------------------------------------
2017-01-19T15:57:40.473690+00:00 app[web.1]: I, [2017-01-19T15:57:40.473636 #4]  INFO -- : [b89a5837-f8ea-4589-b35f-7c17f3d0b926] Status: 201 Created
2017-01-19T15:57:40.473691+00:00 app[web.1]: Cache-Control: no-store
2017-01-19T15:57:40.473692+00:00 app[web.1]: Content-type: application/json
2017-01-19T15:57:40.473693+00:00 app[web.1]: Access-Control-Allow-Origin: *
2017-01-19T15:57:40.473694+00:00 app[web.1]: Access-Control-Allow-Methods: GET
2017-01-19T15:57:40.473694+00:00 app[web.1]: Access-Control-Allow-Headers: Authorization
2017-01-19T15:57:40.473695+00:00 app[web.1]: Transfer-Encoding: chunked
2017-01-19T15:57:40.473696+00:00 app[web.1]: Date: Thu, 19 Jan 2017 15:57:40 GMT
2017-01-19T15:57:40.473696+00:00 app[web.1]: Server: openid-www2
2017-01-19T15:57:40.473697+00:00 app[web.1]: Content-Length: 0
2017-01-19T15:57:40.473698+00:00 app[web.1]:
2017-01-19T15:57:40.473699+00:00 app[web.1]: {"client_id": "d22TAcLI8A1c", "client_secret": "1dfbb1c758d955c483baed3c2d145db7faff73bf2fe4e9e2ca539611", "response_types": ["code"], "client_name": "NOV RP - rp-id_token-bad-sig-rs256", "application_type": "web", "registration_client_uri": "https://rp.certification.openid.net:8080/nov-rp-certified/registration?client_id=d22TAcLI8A1c", "registration_access_token": "Yr8kQHdze1Ti684qFmEtPRTsQPLD3NGb", "redirect_uris": ["https://connect-rp-certified.herokuapp.com/test_case_callbacks/rp-id_token-bad-sig-rs256"], "client_id_issued_at": 1484841460, "client_secret_expires_at": 1484927860}
2017-01-19T15:57:40.473784+00:00 app[web.1]: I, [2017-01-19T15:57:40.473685 #4]  INFO -- : [b89a5837-f8ea-4589-b35f-7c17f3d0b926] ======= [OpenIDConnect] HTTP REQUEST FINISHED =======
2017-01-19T15:57:40.477279+00:00 app[web.1]: D, [2017-01-19T15:57:40.477216 #4] DEBUG -- : [b89a5837-f8ea-4589-b35f-7c17f3d0b926]    (0.8ms)  BEGIN
2017-01-19T15:57:40.480346+00:00 app[web.1]: D, [2017-01-19T15:57:40.480268 #4] DEBUG -- : [b89a5837-f8ea-4589-b35f-7c17f3d0b926]   Client Exists (0.9ms)  SELECT  1 AS one FROM "clients" WHERE "clients"."identifier" = $1 LIMIT $2  [["identifier", "d22TAcLI8A1c"], ["LIMIT", 1]]
2017-01-19T15:57:40.482671+00:00 app[web.1]: D, [2017-01-19T15:57:40.482588 #4] DEBUG -- : [b89a5837-f8ea-4589-b35f-7c17f3d0b926]   SQL (1.0ms)  INSERT INTO "clients" ("test_case_id", "identifier", "secret", "created_at", "updated_at") VALUES ($1, $2, $3, $4, $5) RETURNING "id"  [["test_case_id", 14], ["identifier", "d22TAcLI8A1c"], ["secret", "1dfbb1c758d955c483baed3c2d145db7faff73bf2fe4e9e2ca539611"], ["created_at", 2017-01-19 15:57:40 UTC], ["updated_at", 2017-01-19 15:57:40 UTC]]
2017-01-19T15:57:40.484611+00:00 app[web.1]: D, [2017-01-19T15:57:40.484555 #4] DEBUG -- : [b89a5837-f8ea-4589-b35f-7c17f3d0b926]    (1.6ms)  COMMIT
2017-01-19T15:57:40.485135+00:00 app[web.1]: I, [2017-01-19T15:57:40.485086 #4]  INFO -- : [b89a5837-f8ea-4589-b35f-7c17f3d0b926] Redirected to https://rp.certification.openid.net:8080/nov-rp-certified/rp-id_token-bad-sig-rs256/authorization?client_id=d22TAcLI8A1c&nonce=f4a3300e499d986df1eafb47c68a310e&redirect_uri=https%3A%2F%2Fconnect-rp-certified.herokuapp.com%2Ftest_case_callbacks%2Frp-id_token-bad-sig-rs256&response_type=code&scope=profile+email+address+phone+openid&state=9f6db7d8c355fe056ba7f0ea85200d72
2017-01-19T15:57:40.485292+00:00 app[web.1]: I, [2017-01-19T15:57:40.485248 #4]  INFO -- : [b89a5837-f8ea-4589-b35f-7c17f3d0b926] Completed 302 Found in 139ms (ActiveRecord: 5.2ms)
2017-01-19T15:57:41.610698+00:00 heroku[router]: at=info method=GET path="/test_case_callbacks/rp-id_token-bad-sig-rs256?client_id=d22TAcLI8A1c&iss=https%3A%2F%2Frp.certification.openid.net%3A8080%2Fnov-rp-certified%2Frp-id_token-bad-sig-rs256&scope=profile+email+address+phone+openid&code=oa0pq9R5hdfQbhLEqXGGSSnRjyk5mVCnLhYK5cSV8HvgfpuMtCvFnlyXz5UwVz5j4YA2PtwzdCPrx5AjYBz8eHHfm%2FleBLPoJ1iAd9jZRVncGW2fRD5nzadRmX7xKAHoZM9WpyZugW1i17V6D8pfqQ%3D%3D&state=9f6db7d8c355fe056ba7f0ea85200d72" host=connect-rp-certified.herokuapp.com request_id=44e05739-2c3f-496e-b671-b0714e47d37b fwd="122.210.153.65" dyno=web.1 connect=1ms service=102ms status=200 bytes=2799
2017-01-19T15:57:41.514258+00:00 app[web.1]: I, [2017-01-19T15:57:41.514176 #4]  INFO -- : [44e05739-2c3f-496e-b671-b0714e47d37b] Started GET "/test_case_callbacks/rp-id_token-bad-sig-rs256?client_id=d22TAcLI8A1c&iss=https%3A%2F%2Frp.certification.openid.net%3A8080%2Fnov-rp-certified%2Frp-id_token-bad-sig-rs256&scope=profile+email+address+phone+openid&code=oa0pq9R5hdfQbhLEqXGGSSnRjyk5mVCnLhYK5cSV8HvgfpuMtCvFnlyXz5UwVz5j4YA2PtwzdCPrx5AjYBz8eHHfm%2FleBLPoJ1iAd9jZRVncGW2fRD5nzadRmX7xKAHoZM9WpyZugW1i17V6D8pfqQ%3D%3D&state=9f6db7d8c355fe056ba7f0ea85200d72" for 122.210.153.65 at 2017-01-19 15:57:41 +0000
2017-01-19T15:57:41.515152+00:00 app[web.1]: I, [2017-01-19T15:57:41.515078 #4]  INFO -- : [44e05739-2c3f-496e-b671-b0714e47d37b] Processing by TestCaseCallbacksController#show as HTML
2017-01-19T15:57:41.515258+00:00 app[web.1]: I, [2017-01-19T15:57:41.515190 #4]  INFO -- : [44e05739-2c3f-496e-b671-b0714e47d37b]   Parameters: {"client_id"=>"d22TAcLI8A1c", "iss"=>"https://rp.certification.openid.net:8080/nov-rp-certified/rp-id_token-bad-sig-rs256", "scope"=>"profile email address phone openid", "code"=>"oa0pq9R5hdfQbhLEqXGGSSnRjyk5mVCnLhYK5cSV8HvgfpuMtCvFnlyXz5UwVz5j4YA2PtwzdCPrx5AjYBz8eHHfm/leBLPoJ1iAd9jZRVncGW2fRD5nzadRmX7xKAHoZM9WpyZugW1i17V6D8pfqQ==", "state"=>"9f6db7d8c355fe056ba7f0ea85200d72", "id"=>"rp-id_token-bad-sig-rs256"}
2017-01-19T15:57:41.518464+00:00 app[web.1]: D, [2017-01-19T15:57:41.518396 #4] DEBUG -- : [44e05739-2c3f-496e-b671-b0714e47d37b]   TestCase Load (0.8ms)  SELECT  "test_cases".* FROM "test_cases" WHERE "test_cases"."identifier" = $1 LIMIT $2  [["identifier", "rp-id_token-bad-sig-rs256"], ["LIMIT", 1]]
2017-01-19T15:57:41.521585+00:00 app[web.1]: D, [2017-01-19T15:57:41.521504 #4] DEBUG -- : [44e05739-2c3f-496e-b671-b0714e47d37b]   Client Load (1.0ms)  SELECT  "clients".* FROM "clients" WHERE "clients"."test_case_id" = $1 AND "clients"."identifier" = $2 LIMIT $3  [["test_case_id", 14], ["identifier", "d22TAcLI8A1c"], ["LIMIT", 1]]
2017-01-19T15:57:41.522805+00:00 app[web.1]: I, [2017-01-19T15:57:41.522729 #4]  INFO -- : [44e05739-2c3f-496e-b671-b0714e47d37b] ======= [SWD] HTTP REQUEST STARTED =======
2017-01-19T15:57:41.522807+00:00 app[web.1]: GET /nov-rp-certified/rp-id_token-bad-sig-rs256/.well-known/openid-configuration HTTP/1.1
2017-01-19T15:57:41.522808+00:00 app[web.1]: Host: rp.certification.openid.net:8080
2017-01-19T15:57:41.522809+00:00 app[web.1]:
2017-01-19T15:57:41.522810+00:00 app[web.1]:
2017-01-19T15:57:41.552619+00:00 app[web.1]: I, [2017-01-19T15:57:41.552513 #4]  INFO -- : [44e05739-2c3f-496e-b671-b0714e47d37b] --------------------------------------------------
2017-01-19T15:57:41.552622+00:00 app[web.1]: Status: 200 OK
2017-01-19T15:57:41.552623+00:00 app[web.1]: Cache-Control: no-store
2017-01-19T15:57:41.552624+00:00 app[web.1]: x-ffo: bar
2017-01-19T15:57:41.552624+00:00 app[web.1]: Content-type: application/json
2017-01-19T15:57:41.552625+00:00 app[web.1]: Access-Control-Allow-Origin: *
2017-01-19T15:57:41.552626+00:00 app[web.1]: Access-Control-Allow-Methods: GET
2017-01-19T15:57:41.552627+00:00 app[web.1]: Access-Control-Allow-Headers: Authorization
2017-01-19T15:57:41.552627+00:00 app[web.1]: Transfer-Encoding: chunked
2017-01-19T15:57:41.552628+00:00 app[web.1]: Date: Thu, 19 Jan 2017 15:57:41 GMT
2017-01-19T15:57:41.552628+00:00 app[web.1]: Server: openid-www2
2017-01-19T15:57:41.552629+00:00 app[web.1]: Content-Length: 0
2017-01-19T15:57:41.552630+00:00 app[web.1]:
2017-01-19T15:57:41.552632+00:00 app[web.1]: {"request_parameter_supported": true, "require_request_uri_registration": true, "response_types_supported": ["code", "id_token", "id_token token", "code id_token", "code token", "code id_token token"], "id_token_signing_alg_values_supported": ["RS256"], "token_endpoint_auth_methods_supported": ["client_secret_post", "client_secret_basic", "client_secret_jwt", "private_key_jwt"], "request_object_encryption_enc_values_supported": ["A128CBC-HS256", "A192CBC-HS384", "A256CBC-HS512", "A128GCM", "A192GCM", "A256GCM"], "response_modes_supported": ["query", "fragment", "form_post"], "jwks_uri": "https://rp.certification.openid.net:8080/static/jwks_Wctm131N79vJNNVS.json", "userinfo_endpoint": "https://rp.certification.openid.net:8080/nov-rp-certified/rp-id_token-bad-sig-rs256/userinfo", "request_object_signing_alg_values_supported": ["RS256", "RS384", "RS512", "ES256", "ES384", "ES512", "HS256", "HS384", "HS512", "PS256", "PS384", "PS512", "none"], "userinfo_encryption_enc_values_supported": ["A128CBC-HS256", "A192CBC-HS384", "A256CBC-HS512", "A128GCM", "A192GCM", "A256GCM"], "token_endpoint": "https://rp.certification.openid.net:8080/nov-rp-certified/rp-id_token-bad-sig-rs256/token", "userinfo_encryption_alg_values_supported": ["RSA1_5", "RSA-OAEP", "A128KW", "A192KW", "A256KW", "ECDH-ES", "ECDH-ES+A128KW", "ECDH-ES+A192KW", "ECDH-ES+A256KW"], "claim_types_supported": ["normal", "aggregated", "distributed"], "id_token_encryption_alg_values_supported": ["RSA1_5", "RSA-OAEP", "A128KW", "A192KW", "A256KW", "ECDH-ES", "ECDH-ES+A128KW", "ECDH-ES+A192KW", "ECDH-ES+A256KW"], "userinfo_signing_alg_values_supported": ["RS256", "RS384", "RS512", "ES256", "ES384", "ES512", "HS256", "HS384", "HS512", "PS256", "PS384", "PS512", "none"], "claims_supported": ["updated_at", "name", "nickname", "sub", "middle_name", "locale", "phone_number_verified", "family_name", "email_verified", "website", "address", "zoneinfo", "email", "given_name", "birthdate", "preferred_username", "profile", "phone_number", "picture", "gender"], "version": "3.0", "claims_parameter_supported": true, "grant_types_supported": ["authorization_code", "implicit", "urn:ietf:params:oauth:grant-type:jwt-bearer"], "request_uri_parameter_supported": true, "subject_types_supported": ["public", "pairwise"], "scopes_supported": ["phone", "email", "offline_access", "openid", "profile", "address", "openid"], "request_object_encryption_alg_values_supported": ["RSA1_5", "RSA-OAEP", "A128KW", "A192KW", "A256KW", "ECDH-ES", "ECDH-ES+A128KW", "ECDH-ES+A192KW", "ECDH-ES+A256KW"], "end_session_endpoint": "https://rp.certification.openid.net:8080/nov-rp-certified/rp-id_token-bad-sig-rs256/end_session", "registration_endpoint": "https://rp.certification.openid.net:8080/nov-rp-certified/rp-id_token-bad-sig-rs256/registration", "id_token_encryption_enc_values_supported": ["A128CBC-HS256", "A192CBC-HS384", "A256CBC-HS512", "A128GCM", "A192GCM", "A256GCM"], "token_endpoint_auth_signing_alg_values_supported": ["RS256", "RS384", "RS512", "ES256", "ES384", "ES512", "HS256", "HS384", "HS512", "PS256", "PS384", "PS512"], "issuer": "https://rp.certification.openid.net:8080/nov-rp-certified/rp-id_token-bad-sig-rs256", "authorization_endpoint": "https://rp.certification.openid.net:8080/nov-rp-certified/rp-id_token-bad-sig-rs256/authorization", "acr_values_supported": ["PASSWORD"]}
2017-01-19T15:57:41.552633+00:00 app[web.1]: ======= [SWD] HTTP REQUEST FINISHED =======
2017-01-19T15:57:41.555501+00:00 app[web.1]: I, [2017-01-19T15:57:41.555440 #4]  INFO -- : [44e05739-2c3f-496e-b671-b0714e47d37b] ======= [Rack::OAuth2] HTTP REQUEST STARTED =======
2017-01-19T15:57:41.555539+00:00 app[web.1]: I, [2017-01-19T15:57:41.555497 #4]  INFO -- : [44e05739-2c3f-496e-b671-b0714e47d37b] POST /nov-rp-certified/rp-id_token-bad-sig-rs256/token HTTP/1.1
2017-01-19T15:57:41.555541+00:00 app[web.1]: Authorization: Basic ZDIyVEFjTEk4QTFjOjFkZmJiMWM3NThkOTU1YzQ4M2JhZWQzYzJkMTQ1ZGI3ZmFmZjczYmYyZmU0ZTllMmNhNTM5NjEx
2017-01-19T15:57:41.555541+00:00 app[web.1]: Content-Type: application/x-www-form-urlencoded
2017-01-19T15:57:41.555542+00:00 app[web.1]: Content-Length: 305
2017-01-19T15:57:41.555542+00:00 app[web.1]: Host: rp.certification.openid.net:8080
2017-01-19T15:57:41.555543+00:00 app[web.1]:
2017-01-19T15:57:41.555544+00:00 app[web.1]: grant_type=authorization_code&code=oa0pq9R5hdfQbhLEqXGGSSnRjyk5mVCnLhYK5cSV8HvgfpuMtCvFnlyXz5UwVz5j4YA2PtwzdCPrx5AjYBz8eHHfm%2FleBLPoJ1iAd9jZRVncGW2fRD5nzadRmX7xKAHoZM9WpyZugW1i17V6D8pfqQ%3D%3D&redirect_uri=https%3A%2F%2Fconnect-rp-certified.herokuapp.com%2Ftest_case_callbacks%2Frp-id_token-bad-sig-rs256
2017-01-19T15:57:41.585298+00:00 app[web.1]: I, [2017-01-19T15:57:41.585200 #4]  INFO -- : [44e05739-2c3f-496e-b671-b0714e47d37b] --------------------------------------------------
2017-01-19T15:57:41.585348+00:00 app[web.1]: I, [2017-01-19T15:57:41.585280 #4]  INFO -- : [44e05739-2c3f-496e-b671-b0714e47d37b] Status: 200 OK
2017-01-19T15:57:41.585349+00:00 app[web.1]: Content-type: application/json
2017-01-19T15:57:41.585350+00:00 app[web.1]: Access-Control-Allow-Origin: *
2017-01-19T15:57:41.585350+00:00 app[web.1]: Access-Control-Allow-Methods: GET
2017-01-19T15:57:41.585351+00:00 app[web.1]: Access-Control-Allow-Headers: Authorization
2017-01-19T15:57:41.585352+00:00 app[web.1]: Transfer-Encoding: chunked
2017-01-19T15:57:41.585352+00:00 app[web.1]: Date: Thu, 19 Jan 2017 15:57:41 GMT
2017-01-19T15:57:41.585353+00:00 app[web.1]: Server: openid-www2
2017-01-19T15:57:41.585354+00:00 app[web.1]: Content-Length: 0
2017-01-19T15:57:41.585355+00:00 app[web.1]:
2017-01-19T15:57:41.585359+00:00 app[web.1]: {"token_type": "Bearer", "scope": "profile email address phone openid", "access_token": "WoYTZfo/SP5oODoq/vZm2LFbTXIC4PnzmgePwHWt6TTzT45N2q7BKsFeLvBlGGabCd2DkLcRrzRsm4K3AKUEleCL3hiRdidUFxVzxdxLtaSUp6n0KmYqImUrVclhwBKKQa5BA1IjFqrVdjrx20AhuA==", "state": "9f6db7d8c355fe056ba7f0ea85200d72", "id_token": "eyJhbGciOiJSUzI1NiIsImtpZCI6ImJfRGxmVk5CbWdHSFViekxmYzNKa1I5SUpJTmNZZ2NRN01yZ0hmUkxhcDAifQ.eyJpc3MiOiAiaHR0cHM6Ly9ycC5jZXJ0aWZpY2F0aW9uLm9wZW5pZC5uZXQ6ODA4MC9ub3YtcnAtY2VydGlmaWVkL3JwLWlkX3Rva2VuLWJhZC1zaWctcnMyNTYiLCAiaWF0IjogMTQ4NDg0MTQ2MSwgIm5vbmNlIjogImY0YTMzMDBlNDk5ZDk4NmRmMWVhZmI0N2M2OGEzMTBlIiwgInN1YiI6ICIxYjJmYzkzNDFhMTZhZTRlMzAwODI5NjVkNTM3YWU0N2MyMWEwZjI3ZmQ0M2VhYjc4MzMwZWQ4MTc1MWFlNmRiIiwgImFjciI6ICJQQVNTV09SRCIsICJhdWQiOiBbImQyMlRBY0xJOEExYyJdLCAiZXhwIjogMTQ4NDkyNzg2MSwgImF1dGhfdGltZSI6IDE0ODQ4NDE0NjF9.-------0001111111222222223333333344444445555555666777778888999AAAAAAAAAABBBBBCCCCDDDDDDEEEEFFFFFFFFGGGGGGGHHHHIIIIJJJJJJKKKKKLLLLMMMMMMMMNNNNNNOOOOOOOPQQQRRRRRRRSSSSSSSTTTTTUUVVVWWWWWXXXYYYZZZZ_____aaaabbbbbbbbbbbccccccdddddeeeeeefffffffggghhhhhhhhhhiiiiijjjjjjjjkkkkkklllmmmmnnnoopppqqqqqqrrrssssssttttuuuuvvvvvvvvvvvvwwwwwwwwxxxxxxxyyyzzzzz"}
2017-01-19T15:57:41.585411+00:00 app[web.1]: I, [2017-01-19T15:57:41.585350 #4]  INFO -- : [44e05739-2c3f-496e-b671-b0714e47d37b] ======= [Rack::OAuth2] HTTP REQUEST FINISHED =======
2017-01-19T15:57:41.586267+00:00 app[web.1]: I, [2017-01-19T15:57:41.586207 #4]  INFO -- : [44e05739-2c3f-496e-b671-b0714e47d37b] ======= [OpenIDConnect] HTTP REQUEST STARTED =======
2017-01-19T15:57:41.586324+00:00 app[web.1]: I, [2017-01-19T15:57:41.586262 #4]  INFO -- : [44e05739-2c3f-496e-b671-b0714e47d37b] GET /static/jwks_Wctm131N79vJNNVS.json HTTP/1.1
2017-01-19T15:57:41.586326+00:00 app[web.1]: Host: rp.certification.openid.net:8080
2017-01-19T15:57:41.586326+00:00 app[web.1]:
2017-01-19T15:57:41.586327+00:00 app[web.1]:
2017-01-19T15:57:41.606849+00:00 app[web.1]: I, [2017-01-19T15:57:41.606758 #4]  INFO -- : [44e05739-2c3f-496e-b671-b0714e47d37b] --------------------------------------------------
2017-01-19T15:57:41.606907+00:00 app[web.1]: I, [2017-01-19T15:57:41.606840 #4]  INFO -- : [44e05739-2c3f-496e-b671-b0714e47d37b] Status: 200 OK
2017-01-19T15:57:41.606908+00:00 app[web.1]: Content-type: text/html
2017-01-19T15:57:41.606909+00:00 app[web.1]: Access-Control-Allow-Origin: *
2017-01-19T15:57:41.606909+00:00 app[web.1]: Access-Control-Allow-Methods: GET
2017-01-19T15:57:41.606910+00:00 app[web.1]: Access-Control-Allow-Headers: Authorization
2017-01-19T15:57:41.606910+00:00 app[web.1]: Transfer-Encoding: chunked
2017-01-19T15:57:41.606911+00:00 app[web.1]: Date: Thu, 19 Jan 2017 15:57:41 GMT
2017-01-19T15:57:41.606911+00:00 app[web.1]: Server: openid-www2
2017-01-19T15:57:41.606912+00:00 app[web.1]: Content-Length: 0
2017-01-19T15:57:41.606912+00:00 app[web.1]:
2017-01-19T15:57:41.606913+00:00 app[web.1]: {"keys": [{"kty": "RSA", "e": "AQAB", "n": "qAEO5HN-iXYser8joW8u2Uhegg0egZ0Y1bk_WNt4NKrQJbMdf5o7Kl6eRIQ9oQfR5e7b6oUSwHtngNd3o1KZHKzyxPYp72i9HCKKxZPvnC7_1xNhBvqR3cjSogPDhBxtiho2vtgPxmhQOjtjV3yS-Ik8twPUSwfY1GxLZjeXeIXCLrd-3hFKgeoOcwENvaolTTUf9CxIfpKk0s95B1V8mLFvjVqT7ftn84VQdf88kwBTEIThRlM9Ot00NoNgbitmf95xj8sMera-ZT2zBElBnlMFiLN_bHuADQROimy-iGfhqpH3d_tWaAtXZFCJ7OY6CDPVQZ9fKSjmLeeDOyFR_Q", "kid": "48Afw-zz40sUw6Uj8ZCsfqnm0q9Bq3bK9yYcozi50Zw", "use": "enc"}, {"kty": "RSA", "e": "AQAB", "n": "tR3l3Oc1_sNfRbHp_BIjh52bL8o4-S21GlRAhRb0vSdnfIFWJKM6SRPtZh96ShDdWja-lZC7f2rqK1iNVsEi5FYcRcEUN5-wcZimoee7jo_DzFozRhqu2x57Y2YGE-b1GhgyM6PjLd8NMoU60eQ7SHACuJj_2ewtK-ffNuxCnyK9O_TMq-vi4OUousQXDJxaOrHnVYZvxGBtwgM-oGWF2o0VOAS9A8RRT-1SpIwcnNRrg_hUtCh3W-epzb_Hm5fBsA6YBmTc2cHIqDwq0ue8T3WM7NKX7Wg-FcZFV4IJOzkJ8KYDbTqDBjiiygYUVKTQl4WdIm9ova-Fblo8iceiOw", "kid": "b_DlfVNBmgGHUbzLfc3JkR9IJINcYgcQ7MrgHfRLap0", "use": "sig"}, {"y": "ZV-Qv-l0W4x6bRtZpY9nbtfB16IsbZgD_s1Ij0tzzqw", "x": "gbXzgi85BLLirjFbjdYU4xqvodAKOnPThlXE1I0h_q4", "kty": "EC", "crv": "P-256", "kid": "CzHDxT2OrV2yblaTU_M1T-FfYbLIlsyvSNJORAycY_Q", "use": "sig"}, {"y": "iq4cg4edBnFiCRQ8dtSPLpq76h7mO1Z3imKAwPYToQ", "x": "eS0QXtIGq1ri29CtaSa5PD8PBkGL3domM70f3YO-vaU", "kty": "EC", "crv": "P-256", "kid": "jctMt0kDRN2mxEszSTvfw1DqpESssVWnZo24vQQMjDc", "use": "enc"}]}
2017-01-19T15:57:41.606947+00:00 app[web.1]: I, [2017-01-19T15:57:41.606907 #4]  INFO -- : [44e05739-2c3f-496e-b671-b0714e47d37b] ======= [OpenIDConnect] HTTP REQUEST FINISHED =======
2017-01-19T15:57:41.607984+00:00 app[web.1]: I, [2017-01-19T15:57:41.607929 #4]  INFO -- : [44e05739-2c3f-496e-b671-b0714e47d37b] # ERROR => JSON::JWS::VerificationFailed (JSON::JWS::VerificationFailed)
2017-01-19T15:57:41.607985+00:00 app[web.1]:
2017-01-19T15:57:41.608418+00:00 app[web.1]: I, [2017-01-19T15:57:41.608373 #4]  INFO -- : [44e05739-2c3f-496e-b671-b0714e47d37b]   Rendering protocol_error.html.erb within layouts/popup
2017-01-19T15:57:41.608613+00:00 app[web.1]: I, [2017-01-19T15:57:41.608564 #4]  INFO -- : [44e05739-2c3f-496e-b671-b0714e47d37b]   Rendered protocol_error.html.erb within layouts/popup (0.1ms)
2017-01-19T15:57:41.609624+00:00 app[web.1]: I, [2017-01-19T15:57:41.609565 #4]  INFO -- : [44e05739-2c3f-496e-b671-b0714e47d37b]   Rendered layouts/_wrapper.html.erb (0.8ms)
2017-01-19T15:57:41.609866+00:00 app[web.1]: I, [2017-01-19T15:57:41.609811 #4]  INFO -- : [44e05739-2c3f-496e-b671-b0714e47d37b] Completed 200 OK in 94ms (Views: 1.7ms | ActiveRecord: 1.8ms)