2017-01-19T15:59:04.242457+00:00 app[web.1]: I, [2017-01-19T15:59:04.242353 #4]  INFO -- : [287f35b6-59e5-4de3-a0b6-431cc79607f9] Started GET "/test_cases/rp-id_token-sig-rs256" for 122.210.153.65 at 2017-01-19 15:59:04 +0000
2017-01-19T15:59:04.243113+00:00 app[web.1]: I, [2017-01-19T15:59:04.243061 #4]  INFO -- : [287f35b6-59e5-4de3-a0b6-431cc79607f9] Processing by TestCasesController#show as HTML
2017-01-19T15:59:04.243163+00:00 app[web.1]: I, [2017-01-19T15:59:04.243121 #4]  INFO -- : [287f35b6-59e5-4de3-a0b6-431cc79607f9]   Parameters: {"id"=>"rp-id_token-sig-rs256"}
2017-01-19T15:59:04.246163+00:00 app[web.1]: D, [2017-01-19T15:59:04.246102 #4] DEBUG -- : [287f35b6-59e5-4de3-a0b6-431cc79607f9]   TestCase Load (0.9ms)  SELECT  "test_cases".* FROM "test_cases" WHERE "test_cases"."identifier" = $1 LIMIT $2  [["identifier", "rp-id_token-sig-rs256"], ["LIMIT", 1]]
2017-01-19T15:59:04.246987+00:00 app[web.1]: I, [2017-01-19T15:59:04.246930 #4]  INFO -- : [287f35b6-59e5-4de3-a0b6-431cc79607f9] ======= [SWD] HTTP REQUEST STARTED =======
2017-01-19T15:59:04.246989+00:00 app[web.1]: GET /nov-rp-certified/rp-id_token-sig-rs256/.well-known/openid-configuration HTTP/1.1
2017-01-19T15:59:04.246991+00:00 app[web.1]: Host: rp.certification.openid.net:8080
2017-01-19T15:59:04.246992+00:00 app[web.1]:
2017-01-19T15:59:04.246993+00:00 app[web.1]:
2017-01-19T15:59:04.342427+00:00 app[web.1]: I, [2017-01-19T15:59:04.342335 #4]  INFO -- : [287f35b6-59e5-4de3-a0b6-431cc79607f9] --------------------------------------------------
2017-01-19T15:59:04.342430+00:00 app[web.1]: Status: 200 OK
2017-01-19T15:59:04.342435+00:00 app[web.1]: Cache-Control: no-store
2017-01-19T15:59:04.342436+00:00 app[web.1]: x-ffo: bar
2017-01-19T15:59:04.342437+00:00 app[web.1]: Content-type: application/json
2017-01-19T15:59:04.342437+00:00 app[web.1]: Access-Control-Allow-Origin: *
2017-01-19T15:59:04.342438+00:00 app[web.1]: Access-Control-Allow-Methods: GET
2017-01-19T15:59:04.342439+00:00 app[web.1]: Access-Control-Allow-Headers: Authorization
2017-01-19T15:59:04.342439+00:00 app[web.1]: Transfer-Encoding: chunked
2017-01-19T15:59:04.342440+00:00 app[web.1]: Date: Thu, 19 Jan 2017 15:59:04 GMT
2017-01-19T15:59:04.342441+00:00 app[web.1]: Server: openid-www2
2017-01-19T15:59:04.342441+00:00 app[web.1]: Content-Length: 0
2017-01-19T15:59:04.342442+00:00 app[web.1]:
2017-01-19T15:59:04.342445+00:00 app[web.1]: {"request_parameter_supported": true, "require_request_uri_registration": true, "response_types_supported": ["code", "id_token", "id_token token", "code id_token", "code token", "code id_token token"], "id_token_signing_alg_values_supported": ["RS256"], "token_endpoint_auth_methods_supported": ["client_secret_post", "client_secret_basic", "client_secret_jwt", "private_key_jwt"], "request_object_encryption_enc_values_supported": ["A128CBC-HS256", "A192CBC-HS384", "A256CBC-HS512", "A128GCM", "A192GCM", "A256GCM"], "response_modes_supported": ["query", "fragment", "form_post"], "jwks_uri": "https://rp.certification.openid.net:8080/static/jwks_jdRYQtlWB3lklew3.json", "userinfo_endpoint": "https://rp.certification.openid.net:8080/nov-rp-certified/rp-id_token-sig-rs256/userinfo", "request_object_signing_alg_values_supported": ["RS256", "RS384", "RS512", "ES256", "ES384", "ES512", "HS256", "HS384", "HS512", "PS256", "PS384", "PS512", "none"], "userinfo_encryption_enc_values_supported": ["A128CBC-HS256", "A192CBC-HS384", "A256CBC-HS512", "A128GCM", "A192GCM", "A256GCM"], "token_endpoint": "https://rp.certification.openid.net:8080/nov-rp-certified/rp-id_token-sig-rs256/token", "userinfo_encryption_alg_values_supported": ["RSA1_5", "RSA-OAEP", "A128KW", "A192KW", "A256KW", "ECDH-ES", "ECDH-ES+A128KW", "ECDH-ES+A192KW", "ECDH-ES+A256KW"], "claim_types_supported": ["normal", "aggregated", "distributed"], "id_token_encryption_alg_values_supported": ["RSA1_5", "RSA-OAEP", "A128KW", "A192KW", "A256KW", "ECDH-ES", "ECDH-ES+A128KW", "ECDH-ES+A192KW", "ECDH-ES+A256KW"], "userinfo_signing_alg_values_supported": ["RS256", "RS384", "RS512", "ES256", "ES384", "ES512", "HS256", "HS384", "HS512", "PS256", "PS384", "PS512", "none"], "claims_supported": ["updated_at", "name", "nickname", "sub", "middle_name", "locale", "phone_number_verified", "family_name", "email_verified", "website", "address", "zoneinfo", "email", "given_name", "birthdate", "preferred_username", "profile", "phone_number", "picture", "gender"], "version": "3.0", "claims_parameter_supported": true, "grant_types_supported": ["authorization_code", "implicit", "urn:ietf:params:oauth:grant-type:jwt-bearer"], "request_uri_parameter_supported": true, "subject_types_supported": ["public", "pairwise"], "scopes_supported": ["phone", "email", "offline_access", "openid", "profile", "address", "openid"], "request_object_encryption_alg_values_supported": ["RSA1_5", "RSA-OAEP", "A128KW", "A192KW", "A256KW", "ECDH-ES", "ECDH-ES+A128KW", "ECDH-ES+A192KW", "ECDH-ES+A256KW"], "end_session_endpoint": "https://rp.certification.openid.net:8080/nov-rp-certified/rp-id_token-sig-rs256/end_session", "registration_endpoint": "https://rp.certification.openid.net:8080/nov-rp-certified/rp-id_token-sig-rs256/registration", "id_token_encryption_enc_values_supported": ["A128CBC-HS256", "A192CBC-HS384", "A256CBC-HS512", "A128GCM", "A192GCM", "A256GCM"], "token_endpoint_auth_signing_alg_values_supported": ["RS256", "RS384", "RS512", "ES256", "ES384", "ES512", "HS256", "HS384", "HS512", "PS256", "PS384", "PS512"], "issuer": "https://rp.certification.openid.net:8080/nov-rp-certified/rp-id_token-sig-rs256", "authorization_endpoint": "https://rp.certification.openid.net:8080/nov-rp-certified/rp-id_token-sig-rs256/authorization", "acr_values_supported": ["PASSWORD"]}
2017-01-19T15:59:04.342446+00:00 app[web.1]: ======= [SWD] HTTP REQUEST FINISHED =======
2017-01-19T15:59:04.345037+00:00 app[web.1]: I, [2017-01-19T15:59:04.344969 #4]  INFO -- : [287f35b6-59e5-4de3-a0b6-431cc79607f9] ======= [OpenIDConnect] HTTP REQUEST STARTED =======
2017-01-19T15:59:04.345056+00:00 app[web.1]: I, [2017-01-19T15:59:04.345021 #4]  INFO -- : [287f35b6-59e5-4de3-a0b6-431cc79607f9] POST /nov-rp-certified/rp-id_token-sig-rs256/registration HTTP/1.1
2017-01-19T15:59:04.345057+00:00 app[web.1]: Content-Type: application/json
2017-01-19T15:59:04.345058+00:00 app[web.1]: Content-Length: 178
2017-01-19T15:59:04.345058+00:00 app[web.1]: Host: rp.certification.openid.net:8080
2017-01-19T15:59:04.345059+00:00 app[web.1]:
2017-01-19T15:59:04.345060+00:00 app[web.1]: {"application_type":"web","client_name":"NOV RP - rp-id_token-sig-rs256","redirect_uris":["https://connect-rp-certified.herokuapp.com/test_case_callbacks/rp-id_token-sig-rs256"]}
2017-01-19T15:59:04.369551+00:00 app[web.1]: I, [2017-01-19T15:59:04.369435 #4]  INFO -- : [287f35b6-59e5-4de3-a0b6-431cc79607f9] --------------------------------------------------
2017-01-19T15:59:04.369591+00:00 app[web.1]: I, [2017-01-19T15:59:04.369540 #4]  INFO -- : [287f35b6-59e5-4de3-a0b6-431cc79607f9] Status: 201 Created
2017-01-19T15:59:04.369592+00:00 app[web.1]: Cache-Control: no-store
2017-01-19T15:59:04.369592+00:00 app[web.1]: Content-type: application/json
2017-01-19T15:59:04.369593+00:00 app[web.1]: Access-Control-Allow-Origin: *
2017-01-19T15:59:04.369593+00:00 app[web.1]: Access-Control-Allow-Methods: GET
2017-01-19T15:59:04.369594+00:00 app[web.1]: Access-Control-Allow-Headers: Authorization
2017-01-19T15:59:04.369594+00:00 app[web.1]: Transfer-Encoding: chunked
2017-01-19T15:59:04.369595+00:00 app[web.1]: Date: Thu, 19 Jan 2017 15:59:04 GMT
2017-01-19T15:59:04.369595+00:00 app[web.1]: Server: openid-www2
2017-01-19T15:59:04.369595+00:00 app[web.1]: Content-Length: 0
2017-01-19T15:59:04.369596+00:00 app[web.1]:
2017-01-19T15:59:04.369598+00:00 app[web.1]: {"client_id": "cjtk989oh7C7", "client_secret": "abc071001a0c980106e043a80089863b0b234bf5680a807be06b994d", "response_types": ["code"], "client_name": "NOV RP - rp-id_token-sig-rs256", "application_type": "web", "registration_client_uri": "https://rp.certification.openid.net:8080/nov-rp-certified/registration?client_id=cjtk989oh7C7", "registration_access_token": "wvq95ciojFFvF2iYvCpBH5mj0gcGSroR", "redirect_uris": ["https://connect-rp-certified.herokuapp.com/test_case_callbacks/rp-id_token-sig-rs256"], "client_id_issued_at": 1484841544, "client_secret_expires_at": 1484927944}
2017-01-19T15:59:04.369628+00:00 app[web.1]: I, [2017-01-19T15:59:04.369589 #4]  INFO -- : [287f35b6-59e5-4de3-a0b6-431cc79607f9] ======= [OpenIDConnect] HTTP REQUEST FINISHED =======
2017-01-19T15:59:04.371567+00:00 app[web.1]: D, [2017-01-19T15:59:04.371513 #4] DEBUG -- : [287f35b6-59e5-4de3-a0b6-431cc79607f9]    (0.8ms)  BEGIN
2017-01-19T15:59:04.373815+00:00 app[web.1]: D, [2017-01-19T15:59:04.373760 #4] DEBUG -- : [287f35b6-59e5-4de3-a0b6-431cc79607f9]   Client Exists (0.9ms)  SELECT  1 AS one FROM "clients" WHERE "clients"."identifier" = $1 LIMIT $2  [["identifier", "cjtk989oh7C7"], ["LIMIT", 1]]
2017-01-19T15:59:04.375641+00:00 app[web.1]: D, [2017-01-19T15:59:04.375587 #4] DEBUG -- : [287f35b6-59e5-4de3-a0b6-431cc79607f9]   SQL (0.9ms)  INSERT INTO "clients" ("test_case_id", "identifier", "secret", "created_at", "updated_at") VALUES ($1, $2, $3, $4, $5) RETURNING "id"  [["test_case_id", 15], ["identifier", "cjtk989oh7C7"], ["secret", "abc071001a0c980106e043a80089863b0b234bf5680a807be06b994d"], ["created_at", 2017-01-19 15:59:04 UTC], ["updated_at", 2017-01-19 15:59:04 UTC]]
2017-01-19T15:59:04.377578+00:00 app[web.1]: D, [2017-01-19T15:59:04.377525 #4] DEBUG -- : [287f35b6-59e5-4de3-a0b6-431cc79607f9]    (1.7ms)  COMMIT
2017-01-19T15:59:04.378025+00:00 app[web.1]: I, [2017-01-19T15:59:04.377973 #4]  INFO -- : [287f35b6-59e5-4de3-a0b6-431cc79607f9] Redirected to https://rp.certification.openid.net:8080/nov-rp-certified/rp-id_token-sig-rs256/authorization?client_id=cjtk989oh7C7&nonce=3b3da2c795fd36b0ba5520a523436762&redirect_uri=https%3A%2F%2Fconnect-rp-certified.herokuapp.com%2Ftest_case_callbacks%2Frp-id_token-sig-rs256&response_type=code&scope=profile+email+address+phone+openid&state=3dac24b0fba509f611c4b1880e3a4f61
2017-01-19T15:59:04.378204+00:00 app[web.1]: I, [2017-01-19T15:59:04.378158 #4]  INFO -- : [287f35b6-59e5-4de3-a0b6-431cc79607f9] Completed 302 Found in 135ms (ActiveRecord: 5.2ms)
2017-01-19T15:59:04.377375+00:00 heroku[router]: at=info method=GET path="/test_cases/rp-id_token-sig-rs256" host=connect-rp-certified.herokuapp.com request_id=287f35b6-59e5-4de3-a0b6-431cc79607f9 fwd="122.210.153.65" dyno=web.1 connect=1ms service=142ms status=302 bytes=1750
2017-01-19T15:59:05.112866+00:00 app[web.1]: I, [2017-01-19T15:59:05.112767 #4]  INFO -- : [d2510f57-5f8f-4a01-b3f5-8f1f11da0fbc] Started GET "/test_case_callbacks/rp-id_token-sig-rs256?client_id=cjtk989oh7C7&iss=https%3A%2F%2Frp.certification.openid.net%3A8080%2Fnov-rp-certified%2Frp-id_token-sig-rs256&scope=profile+email+address+phone+openid&code=W0sfWOAVC1GwSW9ASFAQAZQFarU857j1l4ClSWkZIWiPrHwVLYIxgAPkP0bfFyrd36GBr7Op1eLnRJ4HM42gzYlrsSKpR%2FLtWg2HaFNje983WxSSzf8BF4xOBw0NEDKEA3rVX%2B5YZ58Ho8OFqZM9lw%3D%3D&state=3dac24b0fba509f611c4b1880e3a4f61" for 122.210.153.65 at 2017-01-19 15:59:05 +0000
2017-01-19T15:59:05.114005+00:00 app[web.1]: I, [2017-01-19T15:59:05.113942 #4]  INFO -- : [d2510f57-5f8f-4a01-b3f5-8f1f11da0fbc] Processing by TestCaseCallbacksController#show as HTML
2017-01-19T15:59:05.114091+00:00 app[web.1]: I, [2017-01-19T15:59:05.114032 #4]  INFO -- : [d2510f57-5f8f-4a01-b3f5-8f1f11da0fbc]   Parameters: {"client_id"=>"cjtk989oh7C7", "iss"=>"https://rp.certification.openid.net:8080/nov-rp-certified/rp-id_token-sig-rs256", "scope"=>"profile email address phone openid", "code"=>"W0sfWOAVC1GwSW9ASFAQAZQFarU857j1l4ClSWkZIWiPrHwVLYIxgAPkP0bfFyrd36GBr7Op1eLnRJ4HM42gzYlrsSKpR/LtWg2HaFNje983WxSSzf8BF4xOBw0NEDKEA3rVX+5YZ58Ho8OFqZM9lw==", "state"=>"3dac24b0fba509f611c4b1880e3a4f61", "id"=>"rp-id_token-sig-rs256"}
2017-01-19T15:59:05.118872+00:00 app[web.1]: D, [2017-01-19T15:59:05.118784 #4] DEBUG -- : [d2510f57-5f8f-4a01-b3f5-8f1f11da0fbc]   TestCase Load (0.8ms)  SELECT  "test_cases".* FROM "test_cases" WHERE "test_cases"."identifier" = $1 LIMIT $2  [["identifier", "rp-id_token-sig-rs256"], ["LIMIT", 1]]
2017-01-19T15:59:05.125991+00:00 app[web.1]: D, [2017-01-19T15:59:05.125918 #4] DEBUG -- : [d2510f57-5f8f-4a01-b3f5-8f1f11da0fbc]   Client Load (1.7ms)  SELECT  "clients".* FROM "clients" WHERE "clients"."test_case_id" = $1 AND "clients"."identifier" = $2 LIMIT $3  [["test_case_id", 15], ["identifier", "cjtk989oh7C7"], ["LIMIT", 1]]
2017-01-19T15:59:05.127438+00:00 app[web.1]: I, [2017-01-19T15:59:05.127375 #4]  INFO -- : [d2510f57-5f8f-4a01-b3f5-8f1f11da0fbc] ======= [SWD] HTTP REQUEST STARTED =======
2017-01-19T15:59:05.127440+00:00 app[web.1]: GET /nov-rp-certified/rp-id_token-sig-rs256/.well-known/openid-configuration HTTP/1.1
2017-01-19T15:59:05.127441+00:00 app[web.1]: Host: rp.certification.openid.net:8080
2017-01-19T15:59:05.127442+00:00 app[web.1]:
2017-01-19T15:59:05.127443+00:00 app[web.1]:
2017-01-19T15:59:05.161384+00:00 app[web.1]: I, [2017-01-19T15:59:05.161264 #4]  INFO -- : [d2510f57-5f8f-4a01-b3f5-8f1f11da0fbc] --------------------------------------------------
2017-01-19T15:59:05.161387+00:00 app[web.1]: Status: 200 OK
2017-01-19T15:59:05.161388+00:00 app[web.1]: Cache-Control: no-store
2017-01-19T15:59:05.161388+00:00 app[web.1]: x-ffo: bar
2017-01-19T15:59:05.161389+00:00 app[web.1]: Content-type: application/json
2017-01-19T15:59:05.161390+00:00 app[web.1]: Access-Control-Allow-Origin: *
2017-01-19T15:59:05.161391+00:00 app[web.1]: Access-Control-Allow-Methods: GET
2017-01-19T15:59:05.161391+00:00 app[web.1]: Access-Control-Allow-Headers: Authorization
2017-01-19T15:59:05.161392+00:00 app[web.1]: Transfer-Encoding: chunked
2017-01-19T15:59:05.161392+00:00 app[web.1]: Date: Thu, 19 Jan 2017 15:59:05 GMT
2017-01-19T15:59:05.161393+00:00 app[web.1]: Server: openid-www2
2017-01-19T15:59:05.161394+00:00 app[web.1]: Content-Length: 0
2017-01-19T15:59:05.161394+00:00 app[web.1]:
2017-01-19T15:59:05.161401+00:00 app[web.1]: {"request_parameter_supported": true, "require_request_uri_registration": true, "response_types_supported": ["code", "id_token", "id_token token", "code id_token", "code token", "code id_token token"], "id_token_signing_alg_values_supported": ["RS256"], "token_endpoint_auth_methods_supported": ["client_secret_post", "client_secret_basic", "client_secret_jwt", "private_key_jwt"], "request_object_encryption_enc_values_supported": ["A128CBC-HS256", "A192CBC-HS384", "A256CBC-HS512", "A128GCM", "A192GCM", "A256GCM"], "response_modes_supported": ["query", "fragment", "form_post"], "jwks_uri": "https://rp.certification.openid.net:8080/static/jwks_ftxNOtLA16AttLLx.json", "userinfo_endpoint": "https://rp.certification.openid.net:8080/nov-rp-certified/rp-id_token-sig-rs256/userinfo", "request_object_signing_alg_values_supported": ["RS256", "RS384", "RS512", "ES256", "ES384", "ES512", "HS256", "HS384", "HS512", "PS256", "PS384", "PS512", "none"], "userinfo_encryption_enc_values_supported": ["A128CBC-HS256", "A192CBC-HS384", "A256CBC-HS512", "A128GCM", "A192GCM", "A256GCM"], "token_endpoint": "https://rp.certification.openid.net:8080/nov-rp-certified/rp-id_token-sig-rs256/token", "userinfo_encryption_alg_values_supported": ["RSA1_5", "RSA-OAEP", "A128KW", "A192KW", "A256KW", "ECDH-ES", "ECDH-ES+A128KW", "ECDH-ES+A192KW", "ECDH-ES+A256KW"], "claim_types_supported": ["normal", "aggregated", "distributed"], "id_token_encryption_alg_values_supported": ["RSA1_5", "RSA-OAEP", "A128KW", "A192KW", "A256KW", "ECDH-ES", "ECDH-ES+A128KW", "ECDH-ES+A192KW", "ECDH-ES+A256KW"], "userinfo_signing_alg_values_supported": ["RS256", "RS384", "RS512", "ES256", "ES384", "ES512", "HS256", "HS384", "HS512", "PS256", "PS384", "PS512", "none"], "claims_supported": ["updated_at", "name", "nickname", "sub", "middle_name", "locale", "phone_number_verified", "family_name", "email_verified", "website", "address", "zoneinfo", "email", "given_name", "birthdate", "preferred_username", "profile", "phone_number", "picture", "gender"], "version": "3.0", "claims_parameter_supported": true, "grant_types_supported": ["authorization_code", "implicit", "urn:ietf:params:oauth:grant-type:jwt-bearer"], "request_uri_parameter_supported": true, "subject_types_supported": ["public", "pairwise"], "scopes_supported": ["phone", "email", "offline_access", "openid", "profile", "address", "openid"], "request_object_encryption_alg_values_supported": ["RSA1_5", "RSA-OAEP", "A128KW", "A192KW", "A256KW", "ECDH-ES", "ECDH-ES+A128KW", "ECDH-ES+A192KW", "ECDH-ES+A256KW"], "end_session_endpoint": "https://rp.certification.openid.net:8080/nov-rp-certified/rp-id_token-sig-rs256/end_session", "registration_endpoint": "https://rp.certification.openid.net:8080/nov-rp-certified/rp-id_token-sig-rs256/registration", "id_token_encryption_enc_values_supported": ["A128CBC-HS256", "A192CBC-HS384", "A256CBC-HS512", "A128GCM", "A192GCM", "A256GCM"], "token_endpoint_auth_signing_alg_values_supported": ["RS256", "RS384", "RS512", "ES256", "ES384", "ES512", "HS256", "HS384", "HS512", "PS256", "PS384", "PS512"], "issuer": "https://rp.certification.openid.net:8080/nov-rp-certified/rp-id_token-sig-rs256", "authorization_endpoint": "https://rp.certification.openid.net:8080/nov-rp-certified/rp-id_token-sig-rs256/authorization", "acr_values_supported": ["PASSWORD"]}
2017-01-19T15:59:05.161402+00:00 app[web.1]: ======= [SWD] HTTP REQUEST FINISHED =======
2017-01-19T15:59:05.163185+00:00 app[web.1]: I, [2017-01-19T15:59:05.163129 #4]  INFO -- : [d2510f57-5f8f-4a01-b3f5-8f1f11da0fbc] ======= [Rack::OAuth2] HTTP REQUEST STARTED =======
2017-01-19T15:59:05.163226+00:00 app[web.1]: I, [2017-01-19T15:59:05.163183 #4]  INFO -- : [d2510f57-5f8f-4a01-b3f5-8f1f11da0fbc] POST /nov-rp-certified/rp-id_token-sig-rs256/token HTTP/1.1
2017-01-19T15:59:05.163227+00:00 app[web.1]: Authorization: Basic Y2p0azk4OW9oN0M3OmFiYzA3MTAwMWEwYzk4MDEwNmUwNDNhODAwODk4NjNiMGIyMzRiZjU2ODBhODA3YmUwNmI5OTRk
2017-01-19T15:59:05.163228+00:00 app[web.1]: Content-Type: application/x-www-form-urlencoded
2017-01-19T15:59:05.163229+00:00 app[web.1]: Content-Length: 303
2017-01-19T15:59:05.163229+00:00 app[web.1]: Host: rp.certification.openid.net:8080
2017-01-19T15:59:05.163230+00:00 app[web.1]:
2017-01-19T15:59:05.163230+00:00 app[web.1]: grant_type=authorization_code&code=W0sfWOAVC1GwSW9ASFAQAZQFarU857j1l4ClSWkZIWiPrHwVLYIxgAPkP0bfFyrd36GBr7Op1eLnRJ4HM42gzYlrsSKpR%2FLtWg2HaFNje983WxSSzf8BF4xOBw0NEDKEA3rVX%2B5YZ58Ho8OFqZM9lw%3D%3D&redirect_uri=https%3A%2F%2Fconnect-rp-certified.herokuapp.com%2Ftest_case_callbacks%2Frp-id_token-sig-rs256
2017-01-19T15:59:05.195818+00:00 app[web.1]: I, [2017-01-19T15:59:05.195696 #4]  INFO -- : [d2510f57-5f8f-4a01-b3f5-8f1f11da0fbc] --------------------------------------------------
2017-01-19T15:59:05.195867+00:00 app[web.1]: I, [2017-01-19T15:59:05.195806 #4]  INFO -- : [d2510f57-5f8f-4a01-b3f5-8f1f11da0fbc] Status: 200 OK
2017-01-19T15:59:05.195868+00:00 app[web.1]: Content-type: application/json
2017-01-19T15:59:05.195868+00:00 app[web.1]: Access-Control-Allow-Origin: *
2017-01-19T15:59:05.195869+00:00 app[web.1]: Access-Control-Allow-Methods: GET
2017-01-19T15:59:05.195870+00:00 app[web.1]: Access-Control-Allow-Headers: Authorization
2017-01-19T15:59:05.195870+00:00 app[web.1]: Transfer-Encoding: chunked
2017-01-19T15:59:05.195870+00:00 app[web.1]: Date: Thu, 19 Jan 2017 15:59:05 GMT
2017-01-19T15:59:05.195871+00:00 app[web.1]: Server: openid-www2
2017-01-19T15:59:05.195871+00:00 app[web.1]: Content-Length: 0
2017-01-19T15:59:05.195872+00:00 app[web.1]:
2017-01-19T15:59:05.195873+00:00 app[web.1]: {"token_type": "Bearer", "scope": "profile email address phone openid", "access_token": "qkYZFdSy0VhSEX+/dceWAV0n/6QQ+UYVjTWUPoVfWBfVTio8vo7urpFnFw+wcdUk3EV+Mdo4KxiQXjbyHi39oidxIVpXvqTSK02jSW9ub8ZmKEGy+x+aXnJCXuYB/s/qAbeonNC2Cdct2o+2sfctkQ==", "state": "3dac24b0fba509f611c4b1880e3a4f61", "id_token": "eyJhbGciOiJSUzI1NiIsImtpZCI6ImJfRGxmVk5CbWdHSFViekxmYzNKa1I5SUpJTmNZZ2NRN01yZ0hmUkxhcDAifQ.eyJpc3MiOiAiaHR0cHM6Ly9ycC5jZXJ0aWZpY2F0aW9uLm9wZW5pZC5uZXQ6ODA4MC9ub3YtcnAtY2VydGlmaWVkL3JwLWlkX3Rva2VuLXNpZy1yczI1NiIsICJpYXQiOiAxNDg0ODQxNTQ1LCAibm9uY2UiOiAiM2IzZGEyYzc5NWZkMzZiMGJhNTUyMGE1MjM0MzY3NjIiLCAic3ViIjogIjFiMmZjOTM0MWExNmFlNGUzMDA4Mjk2NWQ1MzdhZTQ3YzIxYTBmMjdmZDQzZWFiNzgzMzBlZDgxNzUxYWU2ZGIiLCAiYWNyIjogIlBBU1NXT1JEIiwgImF1ZCI6IFsiY2p0azk4OW9oN0M3Il0sICJleHAiOiAxNDg0OTI3OTQ1LCAiYXV0aF90aW1lIjogMTQ4NDg0MTU0NH0.Y4n9-cqlEMcNcR8cZ5_fyWXev7IJNkl2s0hI6nrb9UvsqEuOrke0FKfGvAlCIwHDLCNLLAJHcYF5__s4DdXGRXmdLK2HlEItcl6Cw6WsCKiRBGMyk_o2a3LbRJSfqMYm4jzT5fbw64eoHVyTF_YWATGoipVCdyAunXH-jRql7qSzH0JBMkMLBEbwAUdFwk8CEtmlGXVlykFjMl_va2IStf8KlvEE7qs20FLzbXK3l7UOQzBZT7RznPY07XWDdMgBoD8MeLyb58-VZRl8vVo67at_yrahxyLyzDHxTPnijG1-BBdcZ9ilkMSA-O-f-YHSnrJu_z4mdDLSjVkbCpJ9LA"}
2017-01-19T15:59:05.195919+00:00 app[web.1]: I, [2017-01-19T15:59:05.195867 #4]  INFO -- : [d2510f57-5f8f-4a01-b3f5-8f1f11da0fbc] ======= [Rack::OAuth2] HTTP REQUEST FINISHED =======
2017-01-19T15:59:05.196850+00:00 app[web.1]: I, [2017-01-19T15:59:05.196797 #4]  INFO -- : [d2510f57-5f8f-4a01-b3f5-8f1f11da0fbc] ======= [OpenIDConnect] HTTP REQUEST STARTED =======
2017-01-19T15:59:05.196890+00:00 app[web.1]: I, [2017-01-19T15:59:05.196850 #4]  INFO -- : [d2510f57-5f8f-4a01-b3f5-8f1f11da0fbc] GET /static/jwks_ftxNOtLA16AttLLx.json HTTP/1.1
2017-01-19T15:59:05.196891+00:00 app[web.1]: Host: rp.certification.openid.net:8080
2017-01-19T15:59:05.196891+00:00 app[web.1]:
2017-01-19T15:59:05.196892+00:00 app[web.1]:
2017-01-19T15:59:05.218566+00:00 app[web.1]: I, [2017-01-19T15:59:05.218464 #4]  INFO -- : [d2510f57-5f8f-4a01-b3f5-8f1f11da0fbc] --------------------------------------------------
2017-01-19T15:59:05.218613+00:00 app[web.1]: I, [2017-01-19T15:59:05.218546 #4]  INFO -- : [d2510f57-5f8f-4a01-b3f5-8f1f11da0fbc] Status: 200 OK
2017-01-19T15:59:05.218614+00:00 app[web.1]: Content-type: text/html
2017-01-19T15:59:05.218615+00:00 app[web.1]: Access-Control-Allow-Origin: *
2017-01-19T15:59:05.218616+00:00 app[web.1]: Access-Control-Allow-Methods: GET
2017-01-19T15:59:05.218617+00:00 app[web.1]: Access-Control-Allow-Headers: Authorization
2017-01-19T15:59:05.218617+00:00 app[web.1]: Transfer-Encoding: chunked
2017-01-19T15:59:05.218618+00:00 app[web.1]: Date: Thu, 19 Jan 2017 15:59:05 GMT
2017-01-19T15:59:05.218618+00:00 app[web.1]: Server: openid-www2
2017-01-19T15:59:05.218619+00:00 app[web.1]: Content-Length: 0
2017-01-19T15:59:05.218620+00:00 app[web.1]:
2017-01-19T15:59:05.218625+00:00 app[web.1]: {"keys": [{"kty": "RSA", "e": "AQAB", "n": "qAEO5HN-iXYser8joW8u2Uhegg0egZ0Y1bk_WNt4NKrQJbMdf5o7Kl6eRIQ9oQfR5e7b6oUSwHtngNd3o1KZHKzyxPYp72i9HCKKxZPvnC7_1xNhBvqR3cjSogPDhBxtiho2vtgPxmhQOjtjV3yS-Ik8twPUSwfY1GxLZjeXeIXCLrd-3hFKgeoOcwENvaolTTUf9CxIfpKk0s95B1V8mLFvjVqT7ftn84VQdf88kwBTEIThRlM9Ot00NoNgbitmf95xj8sMera-ZT2zBElBnlMFiLN_bHuADQROimy-iGfhqpH3d_tWaAtXZFCJ7OY6CDPVQZ9fKSjmLeeDOyFR_Q", "kid": "48Afw-zz40sUw6Uj8ZCsfqnm0q9Bq3bK9yYcozi50Zw", "use": "enc"}, {"kty": "RSA", "e": "AQAB", "n": "tR3l3Oc1_sNfRbHp_BIjh52bL8o4-S21GlRAhRb0vSdnfIFWJKM6SRPtZh96ShDdWja-lZC7f2rqK1iNVsEi5FYcRcEUN5-wcZimoee7jo_DzFozRhqu2x57Y2YGE-b1GhgyM6PjLd8NMoU60eQ7SHACuJj_2ewtK-ffNuxCnyK9O_TMq-vi4OUousQXDJxaOrHnVYZvxGBtwgM-oGWF2o0VOAS9A8RRT-1SpIwcnNRrg_hUtCh3W-epzb_Hm5fBsA6YBmTc2cHIqDwq0ue8T3WM7NKX7Wg-FcZFV4IJOzkJ8KYDbTqDBjiiygYUVKTQl4WdIm9ova-Fblo8iceiOw", "kid": "b_DlfVNBmgGHUbzLfc3JkR9IJINcYgcQ7MrgHfRLap0", "use": "sig"}, {"y": "ZV-Qv-l0W4x6bRtZpY9nbtfB16IsbZgD_s1Ij0tzzqw", "x": "gbXzgi85BLLirjFbjdYU4xqvodAKOnPThlXE1I0h_q4", "kty": "EC", "crv": "P-256", "kid": "CzHDxT2OrV2yblaTU_M1T-FfYbLIlsyvSNJORAycY_Q", "use": "sig"}, {"y": "iq4cg4edBnFiCRQ8dtSPLpq76h7mO1Z3imKAwPYToQ", "x": "eS0QXtIGq1ri29CtaSa5PD8PBkGL3domM70f3YO-vaU", "kty": "EC", "crv": "P-256", "kid": "jctMt0kDRN2mxEszSTvfw1DqpESssVWnZo24vQQMjDc", "use": "enc"}]}
2017-01-19T15:59:05.218671+00:00 app[web.1]: I, [2017-01-19T15:59:05.218613 #4]  INFO -- : [d2510f57-5f8f-4a01-b3f5-8f1f11da0fbc] ======= [OpenIDConnect] HTTP REQUEST FINISHED =======
2017-01-19T15:59:05.219722+00:00 app[web.1]: I, [2017-01-19T15:59:05.219664 #4]  INFO -- : [d2510f57-5f8f-4a01-b3f5-8f1f11da0fbc] ======= [Rack::OAuth2] HTTP REQUEST STARTED =======
2017-01-19T15:59:05.219778+00:00 app[web.1]: I, [2017-01-19T15:59:05.219720 #4]  INFO -- : [d2510f57-5f8f-4a01-b3f5-8f1f11da0fbc] GET /nov-rp-certified/rp-id_token-sig-rs256/userinfo? HTTP/1.1
2017-01-19T15:59:05.219781+00:00 app[web.1]: Authorization: Bearer qkYZFdSy0VhSEX+/dceWAV0n/6QQ+UYVjTWUPoVfWBfVTio8vo7urpFnFw+wcdUk3EV+Mdo4KxiQXjbyHi39oidxIVpXvqTSK02jSW9ub8ZmKEGy+x+aXnJCXuYB/s/qAbeonNC2Cdct2o+2sfctkQ==
2017-01-19T15:59:05.219782+00:00 app[web.1]: Host: rp.certification.openid.net:8080
2017-01-19T15:59:05.219783+00:00 app[web.1]:
2017-01-19T15:59:05.219784+00:00 app[web.1]:
2017-01-19T15:59:05.247375+00:00 app[web.1]: I, [2017-01-19T15:59:05.247262 #4]  INFO -- : [d2510f57-5f8f-4a01-b3f5-8f1f11da0fbc] --------------------------------------------------
2017-01-19T15:59:05.247475+00:00 app[web.1]: I, [2017-01-19T15:59:05.247405 #4]  INFO -- : [d2510f57-5f8f-4a01-b3f5-8f1f11da0fbc] Status: 200 OK
2017-01-19T15:59:05.247477+00:00 app[web.1]: Content-type: application/json
2017-01-19T15:59:05.247477+00:00 app[web.1]: Access-Control-Allow-Origin: *
2017-01-19T15:59:05.247478+00:00 app[web.1]: Access-Control-Allow-Methods: GET
2017-01-19T15:59:05.247479+00:00 app[web.1]: Access-Control-Allow-Headers: Authorization
2017-01-19T15:59:05.247479+00:00 app[web.1]: Transfer-Encoding: chunked
2017-01-19T15:59:05.247479+00:00 app[web.1]: Date: Thu, 19 Jan 2017 15:59:05 GMT
2017-01-19T15:59:05.247480+00:00 app[web.1]: Server: openid-www2
2017-01-19T15:59:05.247480+00:00 app[web.1]: Content-Length: 0
2017-01-19T15:59:05.247481+00:00 app[web.1]:
2017-01-19T15:59:05.247484+00:00 app[web.1]: {"name": "Diana Krall", "nickname": "Dina", "sub": "1b2fc9341a16ae4e30082965d537ae47c21a0f27fd43eab78330ed81751ae6db", "email": "diana@example.org", "given_name": "Diana", "family_name": "Krall", "email_verified": false, "phone_number": "+46 90 7865000", "address": {"locality": "Ume\u00e5", "postal_code": "SE-90187", "country": "Sweden", "street_address": "Ume\u00e5 Universitet"}}
2017-01-19T15:59:05.247543+00:00 app[web.1]: I, [2017-01-19T15:59:05.247481 #4]  INFO -- : [d2510f57-5f8f-4a01-b3f5-8f1f11da0fbc] ======= [Rack::OAuth2] HTTP REQUEST FINISHED =======
2017-01-19T15:59:05.248442+00:00 app[web.1]: I, [2017-01-19T15:59:05.248381 #4]  INFO -- : [d2510f57-5f8f-4a01-b3f5-8f1f11da0fbc]   Rendering test_case_callbacks/show.html.erb within layouts/popup
2017-01-19T15:59:05.248939+00:00 app[web.1]: I, [2017-01-19T15:59:05.248868 #4]  INFO -- : [d2510f57-5f8f-4a01-b3f5-8f1f11da0fbc]   Rendered test_case_callbacks/show.html.erb within layouts/popup (0.3ms)
2017-01-19T15:59:05.250371+00:00 app[web.1]: I, [2017-01-19T15:59:05.250310 #4]  INFO -- : [d2510f57-5f8f-4a01-b3f5-8f1f11da0fbc]   Rendered layouts/_wrapper.html.erb (1.2ms)
2017-01-19T15:59:05.250891+00:00 app[web.1]: I, [2017-01-19T15:59:05.250817 #4]  INFO -- : [d2510f57-5f8f-4a01-b3f5-8f1f11da0fbc] Completed 200 OK in 137ms (Views: 2.5ms | ActiveRecord: 2.5ms)
2017-01-19T15:59:05.251056+00:00 heroku[router]: at=info method=GET path="/test_case_callbacks/rp-id_token-sig-rs256?client_id=cjtk989oh7C7&iss=https%3A%2F%2Frp.certification.openid.net%3A8080%2Fnov-rp-certified%2Frp-id_token-sig-rs256&scope=profile+email+address+phone+openid&code=W0sfWOAVC1GwSW9ASFAQAZQFarU857j1l4ClSWkZIWiPrHwVLYIxgAPkP0bfFyrd36GBr7Op1eLnRJ4HM42gzYlrsSKpR%2FLtWg2HaFNje983WxSSzf8BF4xOBw0NEDKEA3rVX%2B5YZ58Ho8OFqZM9lw%3D%3D&state=3dac24b0fba509f611c4b1880e3a4f61" host=connect-rp-certified.herokuapp.com request_id=d2510f57-5f8f-4a01-b3f5-8f1f11da0fbc fwd="122.210.153.65" dyno=web.1 connect=1ms service=142ms status=200 bytes=5279