2017-01-19T15:58:26.024720+00:00 app[web.1]: I, [2017-01-19T15:58:26.024635 #4]  INFO -- : [e6b56671-1920-403f-a6f1-e488cf93d00b] Started GET "/test_cases/rp-id_token-iat" for 122.210.153.65 at 2017-01-19 15:58:26 +0000
2017-01-19T15:58:26.026734+00:00 app[web.1]: I, [2017-01-19T15:58:26.026664 #4]  INFO -- : [e6b56671-1920-403f-a6f1-e488cf93d00b] Processing by TestCasesController#show as HTML
2017-01-19T15:58:26.026802+00:00 app[web.1]: I, [2017-01-19T15:58:26.026750 #4]  INFO -- : [e6b56671-1920-403f-a6f1-e488cf93d00b]   Parameters: {"id"=>"rp-id_token-iat"}
2017-01-19T15:58:26.029927+00:00 app[web.1]: D, [2017-01-19T15:58:26.029857 #4] DEBUG -- : [e6b56671-1920-403f-a6f1-e488cf93d00b]   TestCase Load (0.9ms)  SELECT  "test_cases".* FROM "test_cases" WHERE "test_cases"."identifier" = $1 LIMIT $2  [["identifier", "rp-id_token-iat"], ["LIMIT", 1]]
2017-01-19T15:58:26.031160+00:00 app[web.1]: I, [2017-01-19T15:58:26.031095 #4]  INFO -- : [e6b56671-1920-403f-a6f1-e488cf93d00b] ======= [SWD] HTTP REQUEST STARTED =======
2017-01-19T15:58:26.031162+00:00 app[web.1]: GET /nov-rp-certified/rp-id_token-iat/.well-known/openid-configuration HTTP/1.1
2017-01-19T15:58:26.031163+00:00 app[web.1]: Host: rp.certification.openid.net:8080
2017-01-19T15:58:26.031164+00:00 app[web.1]:
2017-01-19T15:58:26.031165+00:00 app[web.1]:
2017-01-19T15:58:26.062401+00:00 app[web.1]: I, [2017-01-19T15:58:26.062281 #4]  INFO -- : [e6b56671-1920-403f-a6f1-e488cf93d00b] --------------------------------------------------
2017-01-19T15:58:26.062404+00:00 app[web.1]: Status: 200 OK
2017-01-19T15:58:26.062405+00:00 app[web.1]: Cache-Control: no-store
2017-01-19T15:58:26.062406+00:00 app[web.1]: x-ffo: bar
2017-01-19T15:58:26.062406+00:00 app[web.1]: Content-type: application/json
2017-01-19T15:58:26.062407+00:00 app[web.1]: Access-Control-Allow-Origin: *
2017-01-19T15:58:26.062408+00:00 app[web.1]: Access-Control-Allow-Methods: GET
2017-01-19T15:58:26.062408+00:00 app[web.1]: Access-Control-Allow-Headers: Authorization
2017-01-19T15:58:26.062411+00:00 app[web.1]: Transfer-Encoding: chunked
2017-01-19T15:58:26.062412+00:00 app[web.1]: Date: Thu, 19 Jan 2017 15:58:26 GMT
2017-01-19T15:58:26.062412+00:00 app[web.1]: Server: openid-www2
2017-01-19T15:58:26.062413+00:00 app[web.1]: Content-Length: 0
2017-01-19T15:58:26.062413+00:00 app[web.1]:
2017-01-19T15:58:26.062421+00:00 app[web.1]: {"request_parameter_supported": true, "require_request_uri_registration": true, "response_types_supported": ["code", "id_token", "id_token token", "code id_token", "code token", "code id_token token"], "id_token_signing_alg_values_supported": ["RS256", "RS384", "RS512", "ES256", "ES384", "ES512", "HS256", "HS384", "HS512", "PS256", "PS384", "PS512", "none"], "token_endpoint_auth_methods_supported": ["client_secret_post", "client_secret_basic", "client_secret_jwt", "private_key_jwt"], "request_object_encryption_enc_values_supported": ["A128CBC-HS256", "A192CBC-HS384", "A256CBC-HS512", "A128GCM", "A192GCM", "A256GCM"], "response_modes_supported": ["query", "fragment", "form_post"], "jwks_uri": "https://rp.certification.openid.net:8080/static/jwks_ml3hjKsB5ouuhFUV.json", "userinfo_endpoint": "https://rp.certification.openid.net:8080/nov-rp-certified/rp-id_token-iat/userinfo", "request_object_signing_alg_values_supported": ["RS256", "RS384", "RS512", "ES256", "ES384", "ES512", "HS256", "HS384", "HS512", "PS256", "PS384", "PS512", "none"], "userinfo_encryption_enc_values_supported": ["A128CBC-HS256", "A192CBC-HS384", "A256CBC-HS512", "A128GCM", "A192GCM", "A256GCM"], "token_endpoint": "https://rp.certification.openid.net:8080/nov-rp-certified/rp-id_token-iat/token", "userinfo_encryption_alg_values_supported": ["RSA1_5", "RSA-OAEP", "A128KW", "A192KW", "A256KW", "ECDH-ES", "ECDH-ES+A128KW", "ECDH-ES+A192KW", "ECDH-ES+A256KW"], "claim_types_supported": ["normal", "aggregated", "distributed"], "id_token_encryption_alg_values_supported": ["RSA1_5", "RSA-OAEP", "A128KW", "A192KW", "A256KW", "ECDH-ES", "ECDH-ES+A128KW", "ECDH-ES+A192KW", "ECDH-ES+A256KW"], "userinfo_signing_alg_values_supported": ["RS256", "RS384", "RS512", "ES256", "ES384", "ES512", "HS256", "HS384", "HS512", "PS256", "PS384", "PS512", "none"], "claims_supported": ["updated_at", "name", "nickname", "sub", "middle_name", "locale", "phone_number_verified", "family_name", "email_verified", "website", "address", "zoneinfo", "email", "given_name", "birthdate", "preferred_username", "profile", "phone_number", "picture", "gender"], "version": "3.0", "claims_parameter_supported": true, "grant_types_supported": ["authorization_code", "implicit", "urn:ietf:params:oauth:grant-type:jwt-bearer"], "request_uri_parameter_supported": true, "subject_types_supported": ["public", "pairwise"], "scopes_supported": ["phone", "email", "offline_access", "openid", "profile", "address", "openid"], "request_object_encryption_alg_values_supported": ["RSA1_5", "RSA-OAEP", "A128KW", "A192KW", "A256KW", "ECDH-ES", "ECDH-ES+A128KW", "ECDH-ES+A192KW", "ECDH-ES+A256KW"], "end_session_endpoint": "https://rp.certification.openid.net:8080/nov-rp-certified/rp-id_token-iat/end_session", "registration_endpoint": "https://rp.certification.openid.net:8080/nov-rp-certified/rp-id_token-iat/registration", "id_token_encryption_enc_values_supported": ["A128CBC-HS256", "A192CBC-HS384", "A256CBC-HS512", "A128GCM", "A192GCM", "A256GCM"], "token_endpoint_auth_signing_alg_values_supported": ["RS256", "RS384", "RS512", "ES256", "ES384", "ES512", "HS256", "HS384", "HS512", "PS256", "PS384", "PS512"], "issuer": "https://rp.certification.openid.net:8080/nov-rp-certified/rp-id_token-iat", "authorization_endpoint": "https://rp.certification.openid.net:8080/nov-rp-certified/rp-id_token-iat/authorization", "acr_values_supported": ["PASSWORD"]}
2017-01-19T15:58:26.062422+00:00 app[web.1]: ======= [SWD] HTTP REQUEST FINISHED =======
2017-01-19T15:58:26.064890+00:00 app[web.1]: I, [2017-01-19T15:58:26.064823 #4]  INFO -- : [e6b56671-1920-403f-a6f1-e488cf93d00b] ======= [OpenIDConnect] HTTP REQUEST STARTED =======
2017-01-19T15:58:26.064973+00:00 app[web.1]: I, [2017-01-19T15:58:26.064913 #4]  INFO -- : [e6b56671-1920-403f-a6f1-e488cf93d00b] POST /nov-rp-certified/rp-id_token-iat/registration HTTP/1.1
2017-01-19T15:58:26.064974+00:00 app[web.1]: Content-Type: application/json
2017-01-19T15:58:26.064975+00:00 app[web.1]: Content-Length: 166
2017-01-19T15:58:26.064975+00:00 app[web.1]: Host: rp.certification.openid.net:8080
2017-01-19T15:58:26.064976+00:00 app[web.1]:
2017-01-19T15:58:26.064978+00:00 app[web.1]: {"application_type":"web","client_name":"NOV RP - rp-id_token-iat","redirect_uris":["https://connect-rp-certified.herokuapp.com/test_case_callbacks/rp-id_token-iat"]}
2017-01-19T15:58:26.088866+00:00 app[web.1]: I, [2017-01-19T15:58:26.088781 #4]  INFO -- : [e6b56671-1920-403f-a6f1-e488cf93d00b] --------------------------------------------------
2017-01-19T15:58:26.088897+00:00 app[web.1]: I, [2017-01-19T15:58:26.088854 #4]  INFO -- : [e6b56671-1920-403f-a6f1-e488cf93d00b] Status: 201 Created
2017-01-19T15:58:26.088898+00:00 app[web.1]: Cache-Control: no-store
2017-01-19T15:58:26.088899+00:00 app[web.1]: Content-type: application/json
2017-01-19T15:58:26.088899+00:00 app[web.1]: Access-Control-Allow-Origin: *
2017-01-19T15:58:26.088900+00:00 app[web.1]: Access-Control-Allow-Methods: GET
2017-01-19T15:58:26.088900+00:00 app[web.1]: Access-Control-Allow-Headers: Authorization
2017-01-19T15:58:26.088901+00:00 app[web.1]: Transfer-Encoding: chunked
2017-01-19T15:58:26.088901+00:00 app[web.1]: Date: Thu, 19 Jan 2017 15:58:26 GMT
2017-01-19T15:58:26.088902+00:00 app[web.1]: Server: openid-www2
2017-01-19T15:58:26.088902+00:00 app[web.1]: Content-Length: 0
2017-01-19T15:58:26.088903+00:00 app[web.1]:
2017-01-19T15:58:26.088904+00:00 app[web.1]: {"client_id": "0RoQQrJaRRhK", "client_secret": "9f8e522b1f542bb16460a4795e1548afa35a98a6c2487223952a066e", "response_types": ["code"], "client_name": "NOV RP - rp-id_token-iat", "application_type": "web", "registration_client_uri": "https://rp.certification.openid.net:8080/nov-rp-certified/registration?client_id=0RoQQrJaRRhK", "registration_access_token": "Rm8VqQQyA2kaRxBkc8yWu7lPo5Ij1bR1", "redirect_uris": ["https://connect-rp-certified.herokuapp.com/test_case_callbacks/rp-id_token-iat"], "client_id_issued_at": 1484841506, "client_secret_expires_at": 1484927906}
2017-01-19T15:58:26.088936+00:00 app[web.1]: I, [2017-01-19T15:58:26.088898 #4]  INFO -- : [e6b56671-1920-403f-a6f1-e488cf93d00b] ======= [OpenIDConnect] HTTP REQUEST FINISHED =======
2017-01-19T15:58:26.091143+00:00 app[web.1]: D, [2017-01-19T15:58:26.091085 #4] DEBUG -- : [e6b56671-1920-403f-a6f1-e488cf93d00b]    (0.8ms)  BEGIN
2017-01-19T15:58:26.093436+00:00 app[web.1]: D, [2017-01-19T15:58:26.093376 #4] DEBUG -- : [e6b56671-1920-403f-a6f1-e488cf93d00b]   Client Exists (0.9ms)  SELECT  1 AS one FROM "clients" WHERE "clients"."identifier" = $1 LIMIT $2  [["identifier", "0RoQQrJaRRhK"], ["LIMIT", 1]]
2017-01-19T15:58:26.095225+00:00 app[web.1]: D, [2017-01-19T15:58:26.095166 #4] DEBUG -- : [e6b56671-1920-403f-a6f1-e488cf93d00b]   SQL (0.8ms)  INSERT INTO "clients" ("test_case_id", "identifier", "secret", "created_at", "updated_at") VALUES ($1, $2, $3, $4, $5) RETURNING "id"  [["test_case_id", 8], ["identifier", "0RoQQrJaRRhK"], ["secret", "9f8e522b1f542bb16460a4795e1548afa35a98a6c2487223952a066e"], ["created_at", 2017-01-19 15:58:26 UTC], ["updated_at", 2017-01-19 15:58:26 UTC]]
2017-01-19T15:58:26.097320+00:00 app[web.1]: D, [2017-01-19T15:58:26.097265 #4] DEBUG -- : [e6b56671-1920-403f-a6f1-e488cf93d00b]    (1.7ms)  COMMIT
2017-01-19T15:58:26.098148+00:00 app[web.1]: I, [2017-01-19T15:58:26.098093 #4]  INFO -- : [e6b56671-1920-403f-a6f1-e488cf93d00b] Redirected to https://rp.certification.openid.net:8080/nov-rp-certified/rp-id_token-iat/authorization?client_id=0RoQQrJaRRhK&nonce=b20872e49c68d47bd93c844b2b9ebf51&redirect_uri=https%3A%2F%2Fconnect-rp-certified.herokuapp.com%2Ftest_case_callbacks%2Frp-id_token-iat&response_type=code&scope=profile+email+address+phone+openid&state=04bd760bcd36d326fd235fc3bbce5368
2017-01-19T15:58:26.098360+00:00 app[web.1]: I, [2017-01-19T15:58:26.098310 #4]  INFO -- : [e6b56671-1920-403f-a6f1-e488cf93d00b] Completed 302 Found in 71ms (ActiveRecord: 5.1ms)
2017-01-19T15:58:26.895462+00:00 heroku[router]: at=info method=GET path="/test_case_callbacks/rp-id_token-iat?client_id=0RoQQrJaRRhK&iss=https%3A%2F%2Frp.certification.openid.net%3A8080%2Fnov-rp-certified%2Frp-id_token-iat&scope=profile+email+address+phone+openid&code=p2KXlRdOOHybLk0f5R4qNGsl06Ijeo0YcA3loi3JsXulLeEt7K%2B61dN6wm%2F0ZMndMpIGQdHjushQUC6dTkodPtteo09QOEWquOjkIpLkOHWwj%2BBo8SveVENfphhq7f6CRkbuPfQb1UOGhzVI4aPdTg%3D%3D&state=04bd760bcd36d326fd235fc3bbce5368" host=connect-rp-certified.herokuapp.com request_id=07d173f8-40c7-475a-b9d9-8f1b62035463 fwd="122.210.153.65" dyno=web.1 connect=1ms service=102ms status=200 bytes=2789
2017-01-19T15:58:26.796385+00:00 app[web.1]: I, [2017-01-19T15:58:26.796307 #4]  INFO -- : [07d173f8-40c7-475a-b9d9-8f1b62035463] Started GET "/test_case_callbacks/rp-id_token-iat?client_id=0RoQQrJaRRhK&iss=https%3A%2F%2Frp.certification.openid.net%3A8080%2Fnov-rp-certified%2Frp-id_token-iat&scope=profile+email+address+phone+openid&code=p2KXlRdOOHybLk0f5R4qNGsl06Ijeo0YcA3loi3JsXulLeEt7K%2B61dN6wm%2F0ZMndMpIGQdHjushQUC6dTkodPtteo09QOEWquOjkIpLkOHWwj%2BBo8SveVENfphhq7f6CRkbuPfQb1UOGhzVI4aPdTg%3D%3D&state=04bd760bcd36d326fd235fc3bbce5368" for 122.210.153.65 at 2017-01-19 15:58:26 +0000
2017-01-19T15:58:26.797190+00:00 app[web.1]: I, [2017-01-19T15:58:26.797105 #4]  INFO -- : [07d173f8-40c7-475a-b9d9-8f1b62035463] Processing by TestCaseCallbacksController#show as HTML
2017-01-19T15:58:26.797215+00:00 app[web.1]: I, [2017-01-19T15:58:26.797171 #4]  INFO -- : [07d173f8-40c7-475a-b9d9-8f1b62035463]   Parameters: {"client_id"=>"0RoQQrJaRRhK", "iss"=>"https://rp.certification.openid.net:8080/nov-rp-certified/rp-id_token-iat", "scope"=>"profile email address phone openid", "code"=>"p2KXlRdOOHybLk0f5R4qNGsl06Ijeo0YcA3loi3JsXulLeEt7K+61dN6wm/0ZMndMpIGQdHjushQUC6dTkodPtteo09QOEWquOjkIpLkOHWwj+Bo8SveVENfphhq7f6CRkbuPfQb1UOGhzVI4aPdTg==", "state"=>"04bd760bcd36d326fd235fc3bbce5368", "id"=>"rp-id_token-iat"}
2017-01-19T15:58:26.800148+00:00 app[web.1]: D, [2017-01-19T15:58:26.800072 #4] DEBUG -- : [07d173f8-40c7-475a-b9d9-8f1b62035463]   TestCase Load (0.8ms)  SELECT  "test_cases".* FROM "test_cases" WHERE "test_cases"."identifier" = $1 LIMIT $2  [["identifier", "rp-id_token-iat"], ["LIMIT", 1]]
2017-01-19T15:58:26.804580+00:00 app[web.1]: D, [2017-01-19T15:58:26.804492 #4] DEBUG -- : [07d173f8-40c7-475a-b9d9-8f1b62035463]   Client Load (1.1ms)  SELECT  "clients".* FROM "clients" WHERE "clients"."test_case_id" = $1 AND "clients"."identifier" = $2 LIMIT $3  [["test_case_id", 8], ["identifier", "0RoQQrJaRRhK"], ["LIMIT", 1]]
2017-01-19T15:58:26.805993+00:00 app[web.1]: I, [2017-01-19T15:58:26.805924 #4]  INFO -- : [07d173f8-40c7-475a-b9d9-8f1b62035463] ======= [SWD] HTTP REQUEST STARTED =======
2017-01-19T15:58:26.805995+00:00 app[web.1]: GET /nov-rp-certified/rp-id_token-iat/.well-known/openid-configuration HTTP/1.1
2017-01-19T15:58:26.805996+00:00 app[web.1]: Host: rp.certification.openid.net:8080
2017-01-19T15:58:26.805997+00:00 app[web.1]:
2017-01-19T15:58:26.805998+00:00 app[web.1]:
2017-01-19T15:58:26.838022+00:00 app[web.1]: I, [2017-01-19T15:58:26.837913 #4]  INFO -- : [07d173f8-40c7-475a-b9d9-8f1b62035463] --------------------------------------------------
2017-01-19T15:58:26.838027+00:00 app[web.1]: Status: 200 OK
2017-01-19T15:58:26.838028+00:00 app[web.1]: Cache-Control: no-store
2017-01-19T15:58:26.838029+00:00 app[web.1]: x-ffo: bar
2017-01-19T15:58:26.838030+00:00 app[web.1]: Content-type: application/json
2017-01-19T15:58:26.838030+00:00 app[web.1]: Access-Control-Allow-Origin: *
2017-01-19T15:58:26.838031+00:00 app[web.1]: Access-Control-Allow-Methods: GET
2017-01-19T15:58:26.838032+00:00 app[web.1]: Access-Control-Allow-Headers: Authorization
2017-01-19T15:58:26.838033+00:00 app[web.1]: Transfer-Encoding: chunked
2017-01-19T15:58:26.838034+00:00 app[web.1]: Date: Thu, 19 Jan 2017 15:58:26 GMT
2017-01-19T15:58:26.838034+00:00 app[web.1]: Server: openid-www2
2017-01-19T15:58:26.838035+00:00 app[web.1]: Content-Length: 0
2017-01-19T15:58:26.838036+00:00 app[web.1]:
2017-01-19T15:58:26.838038+00:00 app[web.1]: {"request_parameter_supported": true, "require_request_uri_registration": true, "response_types_supported": ["code", "id_token", "id_token token", "code id_token", "code token", "code id_token token"], "id_token_signing_alg_values_supported": ["RS256", "RS384", "RS512", "ES256", "ES384", "ES512", "HS256", "HS384", "HS512", "PS256", "PS384", "PS512", "none"], "token_endpoint_auth_methods_supported": ["client_secret_post", "client_secret_basic", "client_secret_jwt", "private_key_jwt"], "request_object_encryption_enc_values_supported": ["A128CBC-HS256", "A192CBC-HS384", "A256CBC-HS512", "A128GCM", "A192GCM", "A256GCM"], "response_modes_supported": ["query", "fragment", "form_post"], "jwks_uri": "https://rp.certification.openid.net:8080/static/jwks_EAbP1jEMY4uHG4KE.json", "userinfo_endpoint": "https://rp.certification.openid.net:8080/nov-rp-certified/rp-id_token-iat/userinfo", "request_object_signing_alg_values_supported": ["RS256", "RS384", "RS512", "ES256", "ES384", "ES512", "HS256", "HS384", "HS512", "PS256", "PS384", "PS512", "none"], "userinfo_encryption_enc_values_supported": ["A128CBC-HS256", "A192CBC-HS384", "A256CBC-HS512", "A128GCM", "A192GCM", "A256GCM"], "token_endpoint": "https://rp.certification.openid.net:8080/nov-rp-certified/rp-id_token-iat/token", "userinfo_encryption_alg_values_supported": ["RSA1_5", "RSA-OAEP", "A128KW", "A192KW", "A256KW", "ECDH-ES", "ECDH-ES+A128KW", "ECDH-ES+A192KW", "ECDH-ES+A256KW"], "claim_types_supported": ["normal", "aggregated", "distributed"], "id_token_encryption_alg_values_supported": ["RSA1_5", "RSA-OAEP", "A128KW", "A192KW", "A256KW", "ECDH-ES", "ECDH-ES+A128KW", "ECDH-ES+A192KW", "ECDH-ES+A256KW"], "userinfo_signing_alg_values_supported": ["RS256", "RS384", "RS512", "ES256", "ES384", "ES512", "HS256", "HS384", "HS512", "PS256", "PS384", "PS512", "none"], "claims_supported": ["updated_at", "name", "nickname", "sub", "middle_name", "locale", "phone_number_verified", "family_name", "email_verified", "website", "address", "zoneinfo", "email", "given_name", "birthdate", "preferred_username", "profile", "phone_number", "picture", "gender"], "version": "3.0", "claims_parameter_supported": true, "grant_types_supported": ["authorization_code", "implicit", "urn:ietf:params:oauth:grant-type:jwt-bearer"], "request_uri_parameter_supported": true, "subject_types_supported": ["public", "pairwise"], "scopes_supported": ["phone", "email", "offline_access", "openid", "profile", "address", "openid"], "request_object_encryption_alg_values_supported": ["RSA1_5", "RSA-OAEP", "A128KW", "A192KW", "A256KW", "ECDH-ES", "ECDH-ES+A128KW", "ECDH-ES+A192KW", "ECDH-ES+A256KW"], "end_session_endpoint": "https://rp.certification.openid.net:8080/nov-rp-certified/rp-id_token-iat/end_session", "registration_endpoint": "https://rp.certification.openid.net:8080/nov-rp-certified/rp-id_token-iat/registration", "id_token_encryption_enc_values_supported": ["A128CBC-HS256", "A192CBC-HS384", "A256CBC-HS512", "A128GCM", "A192GCM", "A256GCM"], "token_endpoint_auth_signing_alg_values_supported": ["RS256", "RS384", "RS512", "ES256", "ES384", "ES512", "HS256", "HS384", "HS512", "PS256", "PS384", "PS512"], "issuer": "https://rp.certification.openid.net:8080/nov-rp-certified/rp-id_token-iat", "authorization_endpoint": "https://rp.certification.openid.net:8080/nov-rp-certified/rp-id_token-iat/authorization", "acr_values_supported": ["PASSWORD"]}
2017-01-19T15:58:26.838038+00:00 app[web.1]: ======= [SWD] HTTP REQUEST FINISHED =======
2017-01-19T15:58:26.839842+00:00 app[web.1]: I, [2017-01-19T15:58:26.839781 #4]  INFO -- : [07d173f8-40c7-475a-b9d9-8f1b62035463] ======= [Rack::OAuth2] HTTP REQUEST STARTED =======
2017-01-19T15:58:26.839903+00:00 app[web.1]: I, [2017-01-19T15:58:26.839839 #4]  INFO -- : [07d173f8-40c7-475a-b9d9-8f1b62035463] POST /nov-rp-certified/rp-id_token-iat/token HTTP/1.1
2017-01-19T15:58:26.839905+00:00 app[web.1]: Authorization: Basic MFJvUVFySmFSUmhLOjlmOGU1MjJiMWY1NDJiYjE2NDYwYTQ3OTVlMTU0OGFmYTM1YTk4YTZjMjQ4NzIyMzk1MmEwNjZl
2017-01-19T15:58:26.839906+00:00 app[web.1]: Content-Type: application/x-www-form-urlencoded
2017-01-19T15:58:26.839907+00:00 app[web.1]: Content-Length: 299
2017-01-19T15:58:26.839908+00:00 app[web.1]: Host: rp.certification.openid.net:8080
2017-01-19T15:58:26.839909+00:00 app[web.1]:
2017-01-19T15:58:26.839910+00:00 app[web.1]: grant_type=authorization_code&code=p2KXlRdOOHybLk0f5R4qNGsl06Ijeo0YcA3loi3JsXulLeEt7K%2B61dN6wm%2F0ZMndMpIGQdHjushQUC6dTkodPtteo09QOEWquOjkIpLkOHWwj%2BBo8SveVENfphhq7f6CRkbuPfQb1UOGhzVI4aPdTg%3D%3D&redirect_uri=https%3A%2F%2Fconnect-rp-certified.herokuapp.com%2Ftest_case_callbacks%2Frp-id_token-iat
2017-01-19T15:58:26.868710+00:00 app[web.1]: I, [2017-01-19T15:58:26.868621 #4]  INFO -- : [07d173f8-40c7-475a-b9d9-8f1b62035463] --------------------------------------------------
2017-01-19T15:58:26.868802+00:00 app[web.1]: I, [2017-01-19T15:58:26.868704 #4]  INFO -- : [07d173f8-40c7-475a-b9d9-8f1b62035463] Status: 200 OK
2017-01-19T15:58:26.868803+00:00 app[web.1]: Content-type: application/json
2017-01-19T15:58:26.868803+00:00 app[web.1]: Access-Control-Allow-Origin: *
2017-01-19T15:58:26.868804+00:00 app[web.1]: Access-Control-Allow-Methods: GET
2017-01-19T15:58:26.868804+00:00 app[web.1]: Access-Control-Allow-Headers: Authorization
2017-01-19T15:58:26.868805+00:00 app[web.1]: Transfer-Encoding: chunked
2017-01-19T15:58:26.868805+00:00 app[web.1]: Date: Thu, 19 Jan 2017 15:58:26 GMT
2017-01-19T15:58:26.868806+00:00 app[web.1]: Server: openid-www2
2017-01-19T15:58:26.868806+00:00 app[web.1]: Content-Length: 0
2017-01-19T15:58:26.868807+00:00 app[web.1]:
2017-01-19T15:58:26.868808+00:00 app[web.1]: {"token_type": "Bearer", "scope": "profile email address phone openid", "access_token": "TNU5xwTU/IprVFBYINWbBxrU2vIi8PtlvM+FG7mQi2m5mljMmqBXXd2OKnUF8kZMactrpZ7ev6lvkHpyp98ztJ0p2iDgakj3ERzZ/+d9RGalUo67mbfJDxqgtshDrKOpjb5E8h3RnkMLme12e8E3EQ==", "state": "04bd760bcd36d326fd235fc3bbce5368", "id_token": "eyJhbGciOiJSUzI1NiIsImtpZCI6ImJfRGxmVk5CbWdHSFViekxmYzNKa1I5SUpJTmNZZ2NRN01yZ0hmUkxhcDAifQ.eyJpc3MiOiAiaHR0cHM6Ly9ycC5jZXJ0aWZpY2F0aW9uLm9wZW5pZC5uZXQ6ODA4MC9ub3YtcnAtY2VydGlmaWVkL3JwLWlkX3Rva2VuLWlhdCIsICJub25jZSI6ICJiMjA4NzJlNDljNjhkNDdiZDkzYzg0NGIyYjllYmY1MSIsICJzdWIiOiAiMWIyZmM5MzQxYTE2YWU0ZTMwMDgyOTY1ZDUzN2FlNDdjMjFhMGYyN2ZkNDNlYWI3ODMzMGVkODE3NTFhZTZkYiIsICJhY3IiOiAiUEFTU1dPUkQiLCAiYXVkIjogWyIwUm9RUXJKYVJSaEsiXSwgImV4cCI6IDE0ODQ5Mjc5MDYsICJhdXRoX3RpbWUiOiAxNDg0ODQxNTA2fQ.ZoWeFX2iy1fXDQm2vinlRCsll3LyeR-rpkPhh3jeHTxPU9J8etHxLbsf266_xyR3Zmz7qFXOYgabzg-h2Bxrmk3K69gGJAZVcYWmkhmpy-beiDR79ppwNIQ01q-u0z5OaJd-PjHbw_1AJ9B1Od4HpwD7UCav2gTRxI1_tM90qknXpczzV-bIgRuqcf__viFG-wK1RpKkiVqgZ_UR7xPPyqFhku0Sg14rnfSG71A9Hqjaf8WXtNjXQn4rEPN-MTriruNjWBKpw4cyFxzkF7QJL10a6nkpKr7kOPDtvDPnHi6QJKnCAmQODnB2SqR7DAjf0BR1DxzjRX-0EeJKbMW3pA"}
2017-01-19T15:58:26.868867+00:00 app[web.1]: I, [2017-01-19T15:58:26.868808 #4]  INFO -- : [07d173f8-40c7-475a-b9d9-8f1b62035463] ======= [Rack::OAuth2] HTTP REQUEST FINISHED =======
2017-01-19T15:58:26.869900+00:00 app[web.1]: I, [2017-01-19T15:58:26.869832 #4]  INFO -- : [07d173f8-40c7-475a-b9d9-8f1b62035463] ======= [OpenIDConnect] HTTP REQUEST STARTED =======
2017-01-19T15:58:26.869981+00:00 app[web.1]: I, [2017-01-19T15:58:26.869896 #4]  INFO -- : [07d173f8-40c7-475a-b9d9-8f1b62035463] GET /static/jwks_EAbP1jEMY4uHG4KE.json HTTP/1.1
2017-01-19T15:58:26.869982+00:00 app[web.1]: Host: rp.certification.openid.net:8080
2017-01-19T15:58:26.869982+00:00 app[web.1]:
2017-01-19T15:58:26.869983+00:00 app[web.1]:
2017-01-19T15:58:26.891477+00:00 app[web.1]: I, [2017-01-19T15:58:26.891388 #4]  INFO -- : [07d173f8-40c7-475a-b9d9-8f1b62035463] --------------------------------------------------
2017-01-19T15:58:26.891527+00:00 app[web.1]: I, [2017-01-19T15:58:26.891465 #4]  INFO -- : [07d173f8-40c7-475a-b9d9-8f1b62035463] Status: 200 OK
2017-01-19T15:58:26.891528+00:00 app[web.1]: Content-type: text/html
2017-01-19T15:58:26.891529+00:00 app[web.1]: Access-Control-Allow-Origin: *
2017-01-19T15:58:26.891530+00:00 app[web.1]: Access-Control-Allow-Methods: GET
2017-01-19T15:58:26.891531+00:00 app[web.1]: Access-Control-Allow-Headers: Authorization
2017-01-19T15:58:26.891531+00:00 app[web.1]: Transfer-Encoding: chunked
2017-01-19T15:58:26.891532+00:00 app[web.1]: Date: Thu, 19 Jan 2017 15:58:26 GMT
2017-01-19T15:58:26.891532+00:00 app[web.1]: Server: openid-www2
2017-01-19T15:58:26.891533+00:00 app[web.1]: Content-Length: 0
2017-01-19T15:58:26.891533+00:00 app[web.1]:
2017-01-19T15:58:26.891535+00:00 app[web.1]: {"keys": [{"kty": "RSA", "e": "AQAB", "n": "qAEO5HN-iXYser8joW8u2Uhegg0egZ0Y1bk_WNt4NKrQJbMdf5o7Kl6eRIQ9oQfR5e7b6oUSwHtngNd3o1KZHKzyxPYp72i9HCKKxZPvnC7_1xNhBvqR3cjSogPDhBxtiho2vtgPxmhQOjtjV3yS-Ik8twPUSwfY1GxLZjeXeIXCLrd-3hFKgeoOcwENvaolTTUf9CxIfpKk0s95B1V8mLFvjVqT7ftn84VQdf88kwBTEIThRlM9Ot00NoNgbitmf95xj8sMera-ZT2zBElBnlMFiLN_bHuADQROimy-iGfhqpH3d_tWaAtXZFCJ7OY6CDPVQZ9fKSjmLeeDOyFR_Q", "kid": "48Afw-zz40sUw6Uj8ZCsfqnm0q9Bq3bK9yYcozi50Zw", "use": "enc"}, {"kty": "RSA", "e": "AQAB", "n": "tR3l3Oc1_sNfRbHp_BIjh52bL8o4-S21GlRAhRb0vSdnfIFWJKM6SRPtZh96ShDdWja-lZC7f2rqK1iNVsEi5FYcRcEUN5-wcZimoee7jo_DzFozRhqu2x57Y2YGE-b1GhgyM6PjLd8NMoU60eQ7SHACuJj_2ewtK-ffNuxCnyK9O_TMq-vi4OUousQXDJxaOrHnVYZvxGBtwgM-oGWF2o0VOAS9A8RRT-1SpIwcnNRrg_hUtCh3W-epzb_Hm5fBsA6YBmTc2cHIqDwq0ue8T3WM7NKX7Wg-FcZFV4IJOzkJ8KYDbTqDBjiiygYUVKTQl4WdIm9ova-Fblo8iceiOw", "kid": "b_DlfVNBmgGHUbzLfc3JkR9IJINcYgcQ7MrgHfRLap0", "use": "sig"}, {"y": "ZV-Qv-l0W4x6bRtZpY9nbtfB16IsbZgD_s1Ij0tzzqw", "x": "gbXzgi85BLLirjFbjdYU4xqvodAKOnPThlXE1I0h_q4", "kty": "EC", "crv": "P-256", "kid": "CzHDxT2OrV2yblaTU_M1T-FfYbLIlsyvSNJORAycY_Q", "use": "sig"}, {"y": "iq4cg4edBnFiCRQ8dtSPLpq76h7mO1Z3imKAwPYToQ", "x": "eS0QXtIGq1ri29CtaSa5PD8PBkGL3domM70f3YO-vaU", "kty": "EC", "crv": "P-256", "kid": "jctMt0kDRN2mxEszSTvfw1DqpESssVWnZo24vQQMjDc", "use": "enc"}]}
2017-01-19T15:58:26.891568+00:00 app[web.1]: I, [2017-01-19T15:58:26.891525 #4]  INFO -- : [07d173f8-40c7-475a-b9d9-8f1b62035463] ======= [OpenIDConnect] HTTP REQUEST FINISHED =======
2017-01-19T15:58:26.892696+00:00 app[web.1]: I, [2017-01-19T15:58:26.892625 #4]  INFO -- : [07d173f8-40c7-475a-b9d9-8f1b62035463] # ERROR => 'iat' required. (AttrRequired::AttrMissing)
2017-01-19T15:58:26.892698+00:00 app[web.1]:
2017-01-19T15:58:26.893161+00:00 app[web.1]: I, [2017-01-19T15:58:26.893097 #4]  INFO -- : [07d173f8-40c7-475a-b9d9-8f1b62035463]   Rendering protocol_error.html.erb within layouts/popup
2017-01-19T15:58:26.893347+00:00 app[web.1]: I, [2017-01-19T15:58:26.893273 #4]  INFO -- : [07d173f8-40c7-475a-b9d9-8f1b62035463]   Rendered protocol_error.html.erb within layouts/popup (0.1ms)
2017-01-19T15:58:26.894304+00:00 app[web.1]: I, [2017-01-19T15:58:26.894247 #4]  INFO -- : [07d173f8-40c7-475a-b9d9-8f1b62035463]   Rendered layouts/_wrapper.html.erb (0.8ms)
2017-01-19T15:58:26.894549+00:00 app[web.1]: I, [2017-01-19T15:58:26.894476 #4]  INFO -- : [07d173f8-40c7-475a-b9d9-8f1b62035463] Completed 200 OK in 97ms (Views: 1.6ms | ActiveRecord: 1.9ms)