2017-01-19T15:54:09.689597+00:00 app[web.1]: I, [2017-01-19T15:54:09.689479 #4]  INFO -- : [79c674f8-c8ef-4aa4-bc0a-5241465008cb] Started GET "/test_cases/rp-id_token-aud" for 122.210.153.65 at 2017-01-19 15:54:09 +0000
2017-01-19T15:54:09.690333+00:00 app[web.1]: I, [2017-01-19T15:54:09.690280 #4]  INFO -- : [79c674f8-c8ef-4aa4-bc0a-5241465008cb] Processing by TestCasesController#show as HTML
2017-01-19T15:54:09.690390+00:00 app[web.1]: I, [2017-01-19T15:54:09.690343 #4]  INFO -- : [79c674f8-c8ef-4aa4-bc0a-5241465008cb]   Parameters: {"id"=>"rp-id_token-aud"}
2017-01-19T15:54:09.693618+00:00 app[web.1]: D, [2017-01-19T15:54:09.693536 #4] DEBUG -- : [79c674f8-c8ef-4aa4-bc0a-5241465008cb]   TestCase Load (0.9ms)  SELECT  "test_cases".* FROM "test_cases" WHERE "test_cases"."identifier" = $1 LIMIT $2  [["identifier", "rp-id_token-aud"], ["LIMIT", 1]]
2017-01-19T15:54:09.694381+00:00 app[web.1]: I, [2017-01-19T15:54:09.694328 #4]  INFO -- : [79c674f8-c8ef-4aa4-bc0a-5241465008cb] ======= [SWD] HTTP REQUEST STARTED =======
2017-01-19T15:54:09.694382+00:00 app[web.1]: GET /nov-rp-certified/rp-id_token-aud/.well-known/openid-configuration HTTP/1.1
2017-01-19T15:54:09.694383+00:00 app[web.1]: Host: rp.certification.openid.net:8080
2017-01-19T15:54:09.694384+00:00 app[web.1]:
2017-01-19T15:54:09.694384+00:00 app[web.1]:
2017-01-19T15:54:09.724643+00:00 app[web.1]: I, [2017-01-19T15:54:09.724550 #4]  INFO -- : [79c674f8-c8ef-4aa4-bc0a-5241465008cb] --------------------------------------------------
2017-01-19T15:54:09.724645+00:00 app[web.1]: Status: 200 OK
2017-01-19T15:54:09.724646+00:00 app[web.1]: Cache-Control: no-store
2017-01-19T15:54:09.724646+00:00 app[web.1]: x-ffo: bar
2017-01-19T15:54:09.724647+00:00 app[web.1]: Content-type: application/json
2017-01-19T15:54:09.724647+00:00 app[web.1]: Access-Control-Allow-Origin: *
2017-01-19T15:54:09.724648+00:00 app[web.1]: Access-Control-Allow-Methods: GET
2017-01-19T15:54:09.724649+00:00 app[web.1]: Access-Control-Allow-Headers: Authorization
2017-01-19T15:54:09.724649+00:00 app[web.1]: Transfer-Encoding: chunked
2017-01-19T15:54:09.724649+00:00 app[web.1]: Date: Thu, 19 Jan 2017 15:54:09 GMT
2017-01-19T15:54:09.724650+00:00 app[web.1]: Server: openid-www2
2017-01-19T15:54:09.724650+00:00 app[web.1]: Content-Length: 0
2017-01-19T15:54:09.724651+00:00 app[web.1]:
2017-01-19T15:54:09.724656+00:00 app[web.1]: {"request_parameter_supported": true, "require_request_uri_registration": true, "response_types_supported": ["code", "id_token", "id_token token", "code id_token", "code token", "code id_token token"], "id_token_signing_alg_values_supported": ["RS256", "RS384", "RS512", "ES256", "ES384", "ES512", "HS256", "HS384", "HS512", "PS256", "PS384", "PS512", "none"], "token_endpoint_auth_methods_supported": ["client_secret_post", "client_secret_basic", "client_secret_jwt", "private_key_jwt"], "request_object_encryption_enc_values_supported": ["A128CBC-HS256", "A192CBC-HS384", "A256CBC-HS512", "A128GCM", "A192GCM", "A256GCM"], "response_modes_supported": ["query", "fragment", "form_post"], "jwks_uri": "https://rp.certification.openid.net:8080/static/jwks_BBFZaoR6Ru9iKkdL.json", "userinfo_endpoint": "https://rp.certification.openid.net:8080/nov-rp-certified/rp-id_token-aud/userinfo", "request_object_signing_alg_values_supported": ["RS256", "RS384", "RS512", "ES256", "ES384", "ES512", "HS256", "HS384", "HS512", "PS256", "PS384", "PS512", "none"], "userinfo_encryption_enc_values_supported": ["A128CBC-HS256", "A192CBC-HS384", "A256CBC-HS512", "A128GCM", "A192GCM", "A256GCM"], "token_endpoint": "https://rp.certification.openid.net:8080/nov-rp-certified/rp-id_token-aud/token", "userinfo_encryption_alg_values_supported": ["RSA1_5", "RSA-OAEP", "A128KW", "A192KW", "A256KW", "ECDH-ES", "ECDH-ES+A128KW", "ECDH-ES+A192KW", "ECDH-ES+A256KW"], "claim_types_supported": ["normal", "aggregated", "distributed"], "id_token_encryption_alg_values_supported": ["RSA1_5", "RSA-OAEP", "A128KW", "A192KW", "A256KW", "ECDH-ES", "ECDH-ES+A128KW", "ECDH-ES+A192KW", "ECDH-ES+A256KW"], "userinfo_signing_alg_values_supported": ["RS256", "RS384", "RS512", "ES256", "ES384", "ES512", "HS256", "HS384", "HS512", "PS256", "PS384", "PS512", "none"], "claims_supported": ["updated_at", "name", "nickname", "sub", "middle_name", "locale", "phone_number_verified", "family_name", "email_verified", "website", "address", "zoneinfo", "email", "given_name", "birthdate", "preferred_username", "profile", "phone_number", "picture", "gender"], "version": "3.0", "claims_parameter_supported": true, "grant_types_supported": ["authorization_code", "implicit", "urn:ietf:params:oauth:grant-type:jwt-bearer"], "request_uri_parameter_supported": true, "subject_types_supported": ["public", "pairwise"], "scopes_supported": ["phone", "email", "offline_access", "openid", "profile", "address", "openid"], "request_object_encryption_alg_values_supported": ["RSA1_5", "RSA-OAEP", "A128KW", "A192KW", "A256KW", "ECDH-ES", "ECDH-ES+A128KW", "ECDH-ES+A192KW", "ECDH-ES+A256KW"], "end_session_endpoint": "https://rp.certification.openid.net:8080/nov-rp-certified/rp-id_token-aud/end_session", "registration_endpoint": "https://rp.certification.openid.net:8080/nov-rp-certified/rp-id_token-aud/registration", "id_token_encryption_enc_values_supported": ["A128CBC-HS256", "A192CBC-HS384", "A256CBC-HS512", "A128GCM", "A192GCM", "A256GCM"], "token_endpoint_auth_signing_alg_values_supported": ["RS256", "RS384", "RS512", "ES256", "ES384", "ES512", "HS256", "HS384", "HS512", "PS256", "PS384", "PS512"], "issuer": "https://rp.certification.openid.net:8080/nov-rp-certified/rp-id_token-aud", "authorization_endpoint": "https://rp.certification.openid.net:8080/nov-rp-certified/rp-id_token-aud/authorization", "acr_values_supported": ["PASSWORD"]}
2017-01-19T15:54:09.724656+00:00 app[web.1]: ======= [SWD] HTTP REQUEST FINISHED =======
2017-01-19T15:54:09.726148+00:00 app[web.1]: I, [2017-01-19T15:54:09.726093 #4]  INFO -- : [79c674f8-c8ef-4aa4-bc0a-5241465008cb] ======= [OpenIDConnect] HTTP REQUEST STARTED =======
2017-01-19T15:54:09.726188+00:00 app[web.1]: I, [2017-01-19T15:54:09.726146 #4]  INFO -- : [79c674f8-c8ef-4aa4-bc0a-5241465008cb] POST /nov-rp-certified/rp-id_token-aud/registration HTTP/1.1
2017-01-19T15:54:09.726189+00:00 app[web.1]: Content-Type: application/json
2017-01-19T15:54:09.726190+00:00 app[web.1]: Content-Length: 166
2017-01-19T15:54:09.726190+00:00 app[web.1]: Host: rp.certification.openid.net:8080
2017-01-19T15:54:09.726190+00:00 app[web.1]:
2017-01-19T15:54:09.726191+00:00 app[web.1]: {"application_type":"web","client_name":"NOV RP - rp-id_token-aud","redirect_uris":["https://connect-rp-certified.herokuapp.com/test_case_callbacks/rp-id_token-aud"]}
2017-01-19T15:54:09.750585+00:00 app[web.1]: I, [2017-01-19T15:54:09.750510 #4]  INFO -- : [79c674f8-c8ef-4aa4-bc0a-5241465008cb] --------------------------------------------------
2017-01-19T15:54:09.750619+00:00 app[web.1]: I, [2017-01-19T15:54:09.750574 #4]  INFO -- : [79c674f8-c8ef-4aa4-bc0a-5241465008cb] Status: 201 Created
2017-01-19T15:54:09.750620+00:00 app[web.1]: Cache-Control: no-store
2017-01-19T15:54:09.750621+00:00 app[web.1]: Content-type: application/json
2017-01-19T15:54:09.750621+00:00 app[web.1]: Access-Control-Allow-Origin: *
2017-01-19T15:54:09.750622+00:00 app[web.1]: Access-Control-Allow-Methods: GET
2017-01-19T15:54:09.750622+00:00 app[web.1]: Access-Control-Allow-Headers: Authorization
2017-01-19T15:54:09.750623+00:00 app[web.1]: Transfer-Encoding: chunked
2017-01-19T15:54:09.750623+00:00 app[web.1]: Date: Thu, 19 Jan 2017 15:54:09 GMT
2017-01-19T15:54:09.750623+00:00 app[web.1]: Server: openid-www2
2017-01-19T15:54:09.750624+00:00 app[web.1]: Content-Length: 0
2017-01-19T15:54:09.750625+00:00 app[web.1]:
2017-01-19T15:54:09.750629+00:00 app[web.1]: {"client_id": "gtIyzY5EHyIo", "client_secret": "76213ef959a850736a18938f057b2c10d2c50066ecd184c70f603210", "response_types": ["code"], "client_name": "NOV RP - rp-id_token-aud", "application_type": "web", "registration_client_uri": "https://rp.certification.openid.net:8080/nov-rp-certified/registration?client_id=gtIyzY5EHyIo", "registration_access_token": "Bq1LMkn37mOwYj5p8LPnY1JWY2JzBNJ2", "redirect_uris": ["https://connect-rp-certified.herokuapp.com/test_case_callbacks/rp-id_token-aud"], "client_id_issued_at": 1484841249, "client_secret_expires_at": 1484927649}
2017-01-19T15:54:09.750655+00:00 app[web.1]: I, [2017-01-19T15:54:09.750617 #4]  INFO -- : [79c674f8-c8ef-4aa4-bc0a-5241465008cb] ======= [OpenIDConnect] HTTP REQUEST FINISHED =======
2017-01-19T15:54:09.752673+00:00 app[web.1]: D, [2017-01-19T15:54:09.752598 #4] DEBUG -- : [79c674f8-c8ef-4aa4-bc0a-5241465008cb]    (0.8ms)  BEGIN
2017-01-19T15:54:09.755544+00:00 app[web.1]: D, [2017-01-19T15:54:09.755488 #4] DEBUG -- : [79c674f8-c8ef-4aa4-bc0a-5241465008cb]   Client Exists (1.1ms)  SELECT  1 AS one FROM "clients" WHERE "clients"."identifier" = $1 LIMIT $2  [["identifier", "gtIyzY5EHyIo"], ["LIMIT", 1]]
2017-01-19T15:54:09.757479+00:00 app[web.1]: D, [2017-01-19T15:54:09.757405 #4] DEBUG -- : [79c674f8-c8ef-4aa4-bc0a-5241465008cb]   SQL (1.0ms)  INSERT INTO "clients" ("test_case_id", "identifier", "secret", "created_at", "updated_at") VALUES ($1, $2, $3, $4, $5) RETURNING "id"  [["test_case_id", 2], ["identifier", "gtIyzY5EHyIo"], ["secret", "76213ef959a850736a18938f057b2c10d2c50066ecd184c70f603210"], ["created_at", 2017-01-19 15:54:09 UTC], ["updated_at", 2017-01-19 15:54:09 UTC]]
2017-01-19T15:54:09.759529+00:00 app[web.1]: D, [2017-01-19T15:54:09.759477 #4] DEBUG -- : [79c674f8-c8ef-4aa4-bc0a-5241465008cb]    (1.7ms)  COMMIT
2017-01-19T15:54:09.760083+00:00 app[web.1]: I, [2017-01-19T15:54:09.760011 #4]  INFO -- : [79c674f8-c8ef-4aa4-bc0a-5241465008cb] Redirected to https://rp.certification.openid.net:8080/nov-rp-certified/rp-id_token-aud/authorization?client_id=gtIyzY5EHyIo&nonce=6c81b5bddbfa1bd9c5a6155dd775e1d9&redirect_uri=https%3A%2F%2Fconnect-rp-certified.herokuapp.com%2Ftest_case_callbacks%2Frp-id_token-aud&response_type=code&scope=profile+email+address+phone+openid&state=8c300ba74229f571ce19560e7be96c93
2017-01-19T15:54:09.760289+00:00 app[web.1]: I, [2017-01-19T15:54:09.760234 #4]  INFO -- : [79c674f8-c8ef-4aa4-bc0a-5241465008cb] Completed 302 Found in 70ms (ActiveRecord: 5.5ms)
2017-01-19T15:54:09.761484+00:00 heroku[router]: at=info method=GET path="/test_cases/rp-id_token-aud" host=connect-rp-certified.herokuapp.com request_id=79c674f8-c8ef-4aa4-bc0a-5241465008cb fwd="122.210.153.65" dyno=web.1 connect=0ms service=74ms status=302 bytes=1726
2017-01-19T15:54:10.536907+00:00 heroku[router]: at=info method=GET path="/test_case_callbacks/rp-id_token-aud?client_id=gtIyzY5EHyIo&iss=https%3A%2F%2Frp.certification.openid.net%3A8080%2Fnov-rp-certified%2Frp-id_token-aud&scope=profile+email+address+phone+openid&code=04TbwpIJYR9TkPXphGawQWhdWFpU7%2BAfJEQRJnjBsAm5JJxu69mj0n7smUKYU6mMEO7w7Wr21VOUnvXm4yqR98YA1NN7ytxEmX59BhEMLxHQIxY7hX9T%2BW3d9MA9eHjL9asml8G3FL%2Be749JBJPZEg%3D%3D&state=8c300ba74229f571ce19560e7be96c93" host=connect-rp-certified.herokuapp.com request_id=9be83fe6-628d-4754-8bbd-6349d5e3679b fwd="122.210.153.65" dyno=web.1 connect=1ms service=93ms status=200 bytes=2809
2017-01-19T15:54:10.444471+00:00 app[web.1]: I, [2017-01-19T15:54:10.444397 #4]  INFO -- : [9be83fe6-628d-4754-8bbd-6349d5e3679b] Started GET "/test_case_callbacks/rp-id_token-aud?client_id=gtIyzY5EHyIo&iss=https%3A%2F%2Frp.certification.openid.net%3A8080%2Fnov-rp-certified%2Frp-id_token-aud&scope=profile+email+address+phone+openid&code=04TbwpIJYR9TkPXphGawQWhdWFpU7%2BAfJEQRJnjBsAm5JJxu69mj0n7smUKYU6mMEO7w7Wr21VOUnvXm4yqR98YA1NN7ytxEmX59BhEMLxHQIxY7hX9T%2BW3d9MA9eHjL9asml8G3FL%2Be749JBJPZEg%3D%3D&state=8c300ba74229f571ce19560e7be96c93" for 122.210.153.65 at 2017-01-19 15:54:10 +0000
2017-01-19T15:54:10.445310+00:00 app[web.1]: I, [2017-01-19T15:54:10.445253 #4]  INFO -- : [9be83fe6-628d-4754-8bbd-6349d5e3679b] Processing by TestCaseCallbacksController#show as HTML
2017-01-19T15:54:10.445372+00:00 app[web.1]: I, [2017-01-19T15:54:10.445329 #4]  INFO -- : [9be83fe6-628d-4754-8bbd-6349d5e3679b]   Parameters: {"client_id"=>"gtIyzY5EHyIo", "iss"=>"https://rp.certification.openid.net:8080/nov-rp-certified/rp-id_token-aud", "scope"=>"profile email address phone openid", "code"=>"04TbwpIJYR9TkPXphGawQWhdWFpU7+AfJEQRJnjBsAm5JJxu69mj0n7smUKYU6mMEO7w7Wr21VOUnvXm4yqR98YA1NN7ytxEmX59BhEMLxHQIxY7hX9T+W3d9MA9eHjL9asml8G3FL+e749JBJPZEg==", "state"=>"8c300ba74229f571ce19560e7be96c93", "id"=>"rp-id_token-aud"}
2017-01-19T15:54:10.448002+00:00 app[web.1]: D, [2017-01-19T15:54:10.447938 #4] DEBUG -- : [9be83fe6-628d-4754-8bbd-6349d5e3679b]   TestCase Load (0.8ms)  SELECT  "test_cases".* FROM "test_cases" WHERE "test_cases"."identifier" = $1 LIMIT $2  [["identifier", "rp-id_token-aud"], ["LIMIT", 1]]
2017-01-19T15:54:10.450683+00:00 app[web.1]: D, [2017-01-19T15:54:10.450623 #4] DEBUG -- : [9be83fe6-628d-4754-8bbd-6349d5e3679b]   Client Load (1.0ms)  SELECT  "clients".* FROM "clients" WHERE "clients"."test_case_id" = $1 AND "clients"."identifier" = $2 LIMIT $3  [["test_case_id", 2], ["identifier", "gtIyzY5EHyIo"], ["LIMIT", 1]]
2017-01-19T15:54:10.451522+00:00 app[web.1]: I, [2017-01-19T15:54:10.451469 #4]  INFO -- : [9be83fe6-628d-4754-8bbd-6349d5e3679b] ======= [SWD] HTTP REQUEST STARTED =======
2017-01-19T15:54:10.451523+00:00 app[web.1]: GET /nov-rp-certified/rp-id_token-aud/.well-known/openid-configuration HTTP/1.1
2017-01-19T15:54:10.451524+00:00 app[web.1]: Host: rp.certification.openid.net:8080
2017-01-19T15:54:10.451524+00:00 app[web.1]:
2017-01-19T15:54:10.451525+00:00 app[web.1]:
2017-01-19T15:54:10.476973+00:00 app[web.1]: I, [2017-01-19T15:54:10.476880 #4]  INFO -- : [9be83fe6-628d-4754-8bbd-6349d5e3679b] --------------------------------------------------
2017-01-19T15:54:10.476975+00:00 app[web.1]: Status: 200 OK
2017-01-19T15:54:10.476976+00:00 app[web.1]: Cache-Control: no-store
2017-01-19T15:54:10.476976+00:00 app[web.1]: x-ffo: bar
2017-01-19T15:54:10.476977+00:00 app[web.1]: Content-type: application/json
2017-01-19T15:54:10.476977+00:00 app[web.1]: Access-Control-Allow-Origin: *
2017-01-19T15:54:10.476978+00:00 app[web.1]: Access-Control-Allow-Methods: GET
2017-01-19T15:54:10.476978+00:00 app[web.1]: Access-Control-Allow-Headers: Authorization
2017-01-19T15:54:10.476979+00:00 app[web.1]: Transfer-Encoding: chunked
2017-01-19T15:54:10.476979+00:00 app[web.1]: Date: Thu, 19 Jan 2017 15:54:10 GMT
2017-01-19T15:54:10.476979+00:00 app[web.1]: Server: openid-www2
2017-01-19T15:54:10.476980+00:00 app[web.1]: Content-Length: 0
2017-01-19T15:54:10.476980+00:00 app[web.1]:
2017-01-19T15:54:10.476988+00:00 app[web.1]: {"request_parameter_supported": true, "require_request_uri_registration": true, "response_types_supported": ["code", "id_token", "id_token token", "code id_token", "code token", "code id_token token"], "id_token_signing_alg_values_supported": ["RS256", "RS384", "RS512", "ES256", "ES384", "ES512", "HS256", "HS384", "HS512", "PS256", "PS384", "PS512", "none"], "token_endpoint_auth_methods_supported": ["client_secret_post", "client_secret_basic", "client_secret_jwt", "private_key_jwt"], "request_object_encryption_enc_values_supported": ["A128CBC-HS256", "A192CBC-HS384", "A256CBC-HS512", "A128GCM", "A192GCM", "A256GCM"], "response_modes_supported": ["query", "fragment", "form_post"], "jwks_uri": "https://rp.certification.openid.net:8080/static/jwks_9nuSdm1a2ScSve4Z.json", "userinfo_endpoint": "https://rp.certification.openid.net:8080/nov-rp-certified/rp-id_token-aud/userinfo", "request_object_signing_alg_values_supported": ["RS256", "RS384", "RS512", "ES256", "ES384", "ES512", "HS256", "HS384", "HS512", "PS256", "PS384", "PS512", "none"], "userinfo_encryption_enc_values_supported": ["A128CBC-HS256", "A192CBC-HS384", "A256CBC-HS512", "A128GCM", "A192GCM", "A256GCM"], "token_endpoint": "https://rp.certification.openid.net:8080/nov-rp-certified/rp-id_token-aud/token", "userinfo_encryption_alg_values_supported": ["RSA1_5", "RSA-OAEP", "A128KW", "A192KW", "A256KW", "ECDH-ES", "ECDH-ES+A128KW", "ECDH-ES+A192KW", "ECDH-ES+A256KW"], "claim_types_supported": ["normal", "aggregated", "distributed"], "id_token_encryption_alg_values_supported": ["RSA1_5", "RSA-OAEP", "A128KW", "A192KW", "A256KW", "ECDH-ES", "ECDH-ES+A128KW", "ECDH-ES+A192KW", "ECDH-ES+A256KW"], "userinfo_signing_alg_values_supported": ["RS256", "RS384", "RS512", "ES256", "ES384", "ES512", "HS256", "HS384", "HS512", "PS256", "PS384", "PS512", "none"], "claims_supported": ["updated_at", "name", "nickname", "sub", "middle_name", "locale", "phone_number_verified", "family_name", "email_verified", "website", "address", "zoneinfo", "email", "given_name", "birthdate", "preferred_username", "profile", "phone_number", "picture", "gender"], "version": "3.0", "claims_parameter_supported": true, "grant_types_supported": ["authorization_code", "implicit", "urn:ietf:params:oauth:grant-type:jwt-bearer"], "request_uri_parameter_supported": true, "subject_types_supported": ["public", "pairwise"], "scopes_supported": ["phone", "email", "offline_access", "openid", "profile", "address", "openid"], "request_object_encryption_alg_values_supported": ["RSA1_5", "RSA-OAEP", "A128KW", "A192KW", "A256KW", "ECDH-ES", "ECDH-ES+A128KW", "ECDH-ES+A192KW", "ECDH-ES+A256KW"], "end_session_endpoint": "https://rp.certification.openid.net:8080/nov-rp-certified/rp-id_token-aud/end_session", "registration_endpoint": "https://rp.certification.openid.net:8080/nov-rp-certified/rp-id_token-aud/registration", "id_token_encryption_enc_values_supported": ["A128CBC-HS256", "A192CBC-HS384", "A256CBC-HS512", "A128GCM", "A192GCM", "A256GCM"], "token_endpoint_auth_signing_alg_values_supported": ["RS256", "RS384", "RS512", "ES256", "ES384", "ES512", "HS256", "HS384", "HS512", "PS256", "PS384", "PS512"], "issuer": "https://rp.certification.openid.net:8080/nov-rp-certified/rp-id_token-aud", "authorization_endpoint": "https://rp.certification.openid.net:8080/nov-rp-certified/rp-id_token-aud/authorization", "acr_values_supported": ["PASSWORD"]}
2017-01-19T15:54:10.476989+00:00 app[web.1]: ======= [SWD] HTTP REQUEST FINISHED =======
2017-01-19T15:54:10.479706+00:00 app[web.1]: I, [2017-01-19T15:54:10.479620 #4]  INFO -- : [9be83fe6-628d-4754-8bbd-6349d5e3679b] ======= [Rack::OAuth2] HTTP REQUEST STARTED =======
2017-01-19T15:54:10.479707+00:00 app[web.1]: I, [2017-01-19T15:54:10.479673 #4]  INFO -- : [9be83fe6-628d-4754-8bbd-6349d5e3679b] POST /nov-rp-certified/rp-id_token-aud/token HTTP/1.1
2017-01-19T15:54:10.479708+00:00 app[web.1]: Authorization: Basic Z3RJeXpZNUVIeUlvOjc2MjEzZWY5NTlhODUwNzM2YTE4OTM4ZjA1N2IyYzEwZDJjNTAwNjZlY2QxODRjNzBmNjAzMjEw
2017-01-19T15:54:10.479709+00:00 app[web.1]: Content-Type: application/x-www-form-urlencoded
2017-01-19T15:54:10.479709+00:00 app[web.1]: Content-Length: 299
2017-01-19T15:54:10.479710+00:00 app[web.1]: Host: rp.certification.openid.net:8080
2017-01-19T15:54:10.479710+00:00 app[web.1]:
2017-01-19T15:54:10.479711+00:00 app[web.1]: grant_type=authorization_code&code=04TbwpIJYR9TkPXphGawQWhdWFpU7%2BAfJEQRJnjBsAm5JJxu69mj0n7smUKYU6mMEO7w7Wr21VOUnvXm4yqR98YA1NN7ytxEmX59BhEMLxHQIxY7hX9T%2BW3d9MA9eHjL9asml8G3FL%2Be749JBJPZEg%3D%3D&redirect_uri=https%3A%2F%2Fconnect-rp-certified.herokuapp.com%2Ftest_case_callbacks%2Frp-id_token-aud
2017-01-19T15:54:10.509000+00:00 app[web.1]: I, [2017-01-19T15:54:10.508913 #4]  INFO -- : [9be83fe6-628d-4754-8bbd-6349d5e3679b] --------------------------------------------------
2017-01-19T15:54:10.509031+00:00 app[web.1]: I, [2017-01-19T15:54:10.508985 #4]  INFO -- : [9be83fe6-628d-4754-8bbd-6349d5e3679b] Status: 200 OK
2017-01-19T15:54:10.509032+00:00 app[web.1]: Content-type: application/json
2017-01-19T15:54:10.509033+00:00 app[web.1]: Access-Control-Allow-Origin: *
2017-01-19T15:54:10.509034+00:00 app[web.1]: Access-Control-Allow-Methods: GET
2017-01-19T15:54:10.509034+00:00 app[web.1]: Access-Control-Allow-Headers: Authorization
2017-01-19T15:54:10.509037+00:00 app[web.1]: Transfer-Encoding: chunked
2017-01-19T15:54:10.509037+00:00 app[web.1]: Date: Thu, 19 Jan 2017 15:54:10 GMT
2017-01-19T15:54:10.509038+00:00 app[web.1]: Server: openid-www2
2017-01-19T15:54:10.509038+00:00 app[web.1]: Content-Length: 0
2017-01-19T15:54:10.509039+00:00 app[web.1]:
2017-01-19T15:54:10.509042+00:00 app[web.1]: {"token_type": "Bearer", "scope": "profile email address phone openid", "access_token": "vNOU0nuzFPvp7sP4RrMYl4ErsDe27MduW/3JD31y5UKswndE3K85lgkDcT76fz+T0Z1aejJyEFeWqTqS6yF9pIXa3WG5XcKV+54laE1YoVmF3Iq1pNyMEMOy4XtQPKQ/KmX2j7OP+YnTiXc1QzdtZw==", "state": "8c300ba74229f571ce19560e7be96c93", "id_token": "eyJhbGciOiJSUzI1NiIsImtpZCI6ImJfRGxmVk5CbWdHSFViekxmYzNKa1I5SUpJTmNZZ2NRN01yZ0hmUkxhcDAifQ.eyJpc3MiOiAiaHR0cHM6Ly9ycC5jZXJ0aWZpY2F0aW9uLm9wZW5pZC5uZXQ6ODA4MC9ub3YtcnAtY2VydGlmaWVkL3JwLWlkX3Rva2VuLWF1ZCIsICJpYXQiOiAxNDg0ODQxMjUwLCAibm9uY2UiOiAiNmM4MWI1YmRkYmZhMWJkOWM1YTYxNTVkZDc3NWUxZDkiLCAic3ViIjogIjFiMmZjOTM0MWExNmFlNGUzMDA4Mjk2NWQ1MzdhZTQ3YzIxYTBmMjdmZDQzZWFiNzgzMzBlZDgxNzUxYWU2ZGIiLCAiYWNyIjogIlBBU1NXT1JEIiwgImF1ZCI6IFsiaHR0cHM6Ly9leGFtcGxlLmNvbS8iXSwgImV4cCI6IDE0ODQ5Mjc2NTAsICJhdXRoX3RpbWUiOiAxNDg0ODQxMjUwfQ.Ie8Q42jlmlcKK9ndrYslQe-7zhnTBuUloMN8YTQPuqUBHdYLNSPN7fR3wwDfVmGHWFUAsxBFGAx5PehIPRCeV6xZBeEz_c3-hES1YuMO7yweaXfSZ-eXrnN-mIZwN1c-pJ_sEO6wHXdscEYEQSdsyCcJjYVAjmZDHP6aGfzQJ91YPOKLFBpvcT7zfaXY-Pc_SWj7WPjCcf_j72CtNcmeJNR8yGCt8ycqBCkS04q6L1hzh-4UZsEaQde8Dw77-ID5MG1H5r2tjm1-tbeO1tHxLTmdKvjeSdswSi4Cz2Pwsyt2kh4q-u1uRZHFBZOrjR0Zn3mgBbU3O41kxnMvxSSzAA"}
2017-01-19T15:54:10.509088+00:00 app[web.1]: I, [2017-01-19T15:54:10.509032 #4]  INFO -- : [9be83fe6-628d-4754-8bbd-6349d5e3679b] ======= [Rack::OAuth2] HTTP REQUEST FINISHED =======
2017-01-19T15:54:10.509854+00:00 app[web.1]: I, [2017-01-19T15:54:10.509768 #4]  INFO -- : [9be83fe6-628d-4754-8bbd-6349d5e3679b] ======= [OpenIDConnect] HTTP REQUEST STARTED =======
2017-01-19T15:54:10.509912+00:00 app[web.1]: I, [2017-01-19T15:54:10.509855 #4]  INFO -- : [9be83fe6-628d-4754-8bbd-6349d5e3679b] GET /static/jwks_9nuSdm1a2ScSve4Z.json HTTP/1.1
2017-01-19T15:54:10.509913+00:00 app[web.1]: Host: rp.certification.openid.net:8080
2017-01-19T15:54:10.509914+00:00 app[web.1]:
2017-01-19T15:54:10.509915+00:00 app[web.1]:
2017-01-19T15:54:10.531685+00:00 app[web.1]: I, [2017-01-19T15:54:10.531589 #4]  INFO -- : [9be83fe6-628d-4754-8bbd-6349d5e3679b] --------------------------------------------------
2017-01-19T15:54:10.531761+00:00 app[web.1]: I, [2017-01-19T15:54:10.531682 #4]  INFO -- : [9be83fe6-628d-4754-8bbd-6349d5e3679b] Status: 200 OK
2017-01-19T15:54:10.531762+00:00 app[web.1]: Content-type: text/html
2017-01-19T15:54:10.531763+00:00 app[web.1]: Access-Control-Allow-Origin: *
2017-01-19T15:54:10.531764+00:00 app[web.1]: Access-Control-Allow-Methods: GET
2017-01-19T15:54:10.531764+00:00 app[web.1]: Access-Control-Allow-Headers: Authorization
2017-01-19T15:54:10.531765+00:00 app[web.1]: Transfer-Encoding: chunked
2017-01-19T15:54:10.531766+00:00 app[web.1]: Date: Thu, 19 Jan 2017 15:54:10 GMT
2017-01-19T15:54:10.531766+00:00 app[web.1]: Server: openid-www2
2017-01-19T15:54:10.531767+00:00 app[web.1]: Content-Length: 0
2017-01-19T15:54:10.531768+00:00 app[web.1]:
2017-01-19T15:54:10.531772+00:00 app[web.1]: {"keys": [{"kty": "RSA", "e": "AQAB", "n": "qAEO5HN-iXYser8joW8u2Uhegg0egZ0Y1bk_WNt4NKrQJbMdf5o7Kl6eRIQ9oQfR5e7b6oUSwHtngNd3o1KZHKzyxPYp72i9HCKKxZPvnC7_1xNhBvqR3cjSogPDhBxtiho2vtgPxmhQOjtjV3yS-Ik8twPUSwfY1GxLZjeXeIXCLrd-3hFKgeoOcwENvaolTTUf9CxIfpKk0s95B1V8mLFvjVqT7ftn84VQdf88kwBTEIThRlM9Ot00NoNgbitmf95xj8sMera-ZT2zBElBnlMFiLN_bHuADQROimy-iGfhqpH3d_tWaAtXZFCJ7OY6CDPVQZ9fKSjmLeeDOyFR_Q", "kid": "48Afw-zz40sUw6Uj8ZCsfqnm0q9Bq3bK9yYcozi50Zw", "use": "enc"}, {"kty": "RSA", "e": "AQAB", "n": "tR3l3Oc1_sNfRbHp_BIjh52bL8o4-S21GlRAhRb0vSdnfIFWJKM6SRPtZh96ShDdWja-lZC7f2rqK1iNVsEi5FYcRcEUN5-wcZimoee7jo_DzFozRhqu2x57Y2YGE-b1GhgyM6PjLd8NMoU60eQ7SHACuJj_2ewtK-ffNuxCnyK9O_TMq-vi4OUousQXDJxaOrHnVYZvxGBtwgM-oGWF2o0VOAS9A8RRT-1SpIwcnNRrg_hUtCh3W-epzb_Hm5fBsA6YBmTc2cHIqDwq0ue8T3WM7NKX7Wg-FcZFV4IJOzkJ8KYDbTqDBjiiygYUVKTQl4WdIm9ova-Fblo8iceiOw", "kid": "b_DlfVNBmgGHUbzLfc3JkR9IJINcYgcQ7MrgHfRLap0", "use": "sig"}, {"y": "ZV-Qv-l0W4x6bRtZpY9nbtfB16IsbZgD_s1Ij0tzzqw", "x": "gbXzgi85BLLirjFbjdYU4xqvodAKOnPThlXE1I0h_q4", "kty": "EC", "crv": "P-256", "kid": "CzHDxT2OrV2yblaTU_M1T-FfYbLIlsyvSNJORAycY_Q", "use": "sig"}, {"y": "iq4cg4edBnFiCRQ8dtSPLpq76h7mO1Z3imKAwPYToQ", "x": "eS0QXtIGq1ri29CtaSa5PD8PBkGL3domM70f3YO-vaU", "kty": "EC", "crv": "P-256", "kid": "jctMt0kDRN2mxEszSTvfw1DqpESssVWnZo24vQQMjDc", "use": "enc"}]}
2017-01-19T15:54:10.531822+00:00 app[web.1]: I, [2017-01-19T15:54:10.531758 #4]  INFO -- : [9be83fe6-628d-4754-8bbd-6349d5e3679b] ======= [OpenIDConnect] HTTP REQUEST FINISHED =======
2017-01-19T15:54:10.532730+00:00 app[web.1]: I, [2017-01-19T15:54:10.532669 #4]  INFO -- : [9be83fe6-628d-4754-8bbd-6349d5e3679b] # ERROR => Invalid ID Token (OpenIDConnect::ResponseObject::IdToken::InvalidToken)
2017-01-19T15:54:10.532732+00:00 app[web.1]:
2017-01-19T15:54:10.533194+00:00 app[web.1]: I, [2017-01-19T15:54:10.533132 #4]  INFO -- : [9be83fe6-628d-4754-8bbd-6349d5e3679b]   Rendering protocol_error.html.erb within layouts/popup
2017-01-19T15:54:10.533398+00:00 app[web.1]: I, [2017-01-19T15:54:10.533340 #4]  INFO -- : [9be83fe6-628d-4754-8bbd-6349d5e3679b]   Rendered protocol_error.html.erb within layouts/popup (0.1ms)
2017-01-19T15:54:10.534379+00:00 app[web.1]: I, [2017-01-19T15:54:10.534319 #4]  INFO -- : [9be83fe6-628d-4754-8bbd-6349d5e3679b]   Rendered layouts/_wrapper.html.erb (0.8ms)
2017-01-19T15:54:10.534607+00:00 app[web.1]: I, [2017-01-19T15:54:10.534549 #4]  INFO -- : [9be83fe6-628d-4754-8bbd-6349d5e3679b] Completed 200 OK in 89ms (Views: 1.7ms | ActiveRecord: 1.7ms)