2017-01-19T15:53:27.755059+00:00 app[web.1]: I, [2017-01-19T15:53:27.754948 #4]  INFO -- : [e00e4029-5c0a-4d97-bae9-b9092e2bea03] Started GET "/test_cases/rp-token_endpoint-client_secret_basic" for 122.210.153.65 at 2017-01-19 15:53:27 +0000
2017-01-19T15:53:27.756149+00:00 app[web.1]: I, [2017-01-19T15:53:27.756075 #4]  INFO -- : [e00e4029-5c0a-4d97-bae9-b9092e2bea03] Processing by TestCasesController#show as HTML
2017-01-19T15:53:27.756230+00:00 app[web.1]: I, [2017-01-19T15:53:27.756164 #4]  INFO -- : [e00e4029-5c0a-4d97-bae9-b9092e2bea03]   Parameters: {"id"=>"rp-token_endpoint-client_secret_basic"}
2017-01-19T15:53:27.760531+00:00 app[web.1]: D, [2017-01-19T15:53:27.760449 #4] DEBUG -- : [e00e4029-5c0a-4d97-bae9-b9092e2bea03]   TestCase Load (1.2ms)  SELECT  "test_cases".* FROM "test_cases" WHERE "test_cases"."identifier" = $1 LIMIT $2  [["identifier", "rp-token_endpoint-client_secret_basic"], ["LIMIT", 1]]
2017-01-19T15:53:27.761790+00:00 app[web.1]: I, [2017-01-19T15:53:27.761721 #4]  INFO -- : [e00e4029-5c0a-4d97-bae9-b9092e2bea03] ======= [SWD] HTTP REQUEST STARTED =======
2017-01-19T15:53:27.761791+00:00 app[web.1]: GET /nov-rp-certified/rp-token_endpoint-client_secret_basic/.well-known/openid-configuration HTTP/1.1
2017-01-19T15:53:27.761792+00:00 app[web.1]: Host: rp.certification.openid.net:8080
2017-01-19T15:53:27.761793+00:00 app[web.1]:
2017-01-19T15:53:27.761793+00:00 app[web.1]:
2017-01-19T15:53:27.856722+00:00 app[web.1]: I, [2017-01-19T15:53:27.856616 #4]  INFO -- : [e00e4029-5c0a-4d97-bae9-b9092e2bea03] --------------------------------------------------
2017-01-19T15:53:27.856725+00:00 app[web.1]: Status: 200 OK
2017-01-19T15:53:27.856726+00:00 app[web.1]: Cache-Control: no-store
2017-01-19T15:53:27.856727+00:00 app[web.1]: x-ffo: bar
2017-01-19T15:53:27.856727+00:00 app[web.1]: Content-type: application/json
2017-01-19T15:53:27.856728+00:00 app[web.1]: Access-Control-Allow-Origin: *
2017-01-19T15:53:27.856729+00:00 app[web.1]: Access-Control-Allow-Methods: GET
2017-01-19T15:53:27.856729+00:00 app[web.1]: Access-Control-Allow-Headers: Authorization
2017-01-19T15:53:27.856730+00:00 app[web.1]: Transfer-Encoding: chunked
2017-01-19T15:53:27.856731+00:00 app[web.1]: Date: Thu, 19 Jan 2017 15:53:27 GMT
2017-01-19T15:53:27.856731+00:00 app[web.1]: Server: openid-www2
2017-01-19T15:53:27.856732+00:00 app[web.1]: Content-Length: 0
2017-01-19T15:53:27.856732+00:00 app[web.1]:
2017-01-19T15:53:27.856740+00:00 app[web.1]: {"request_parameter_supported": true, "require_request_uri_registration": true, "response_types_supported": ["code", "id_token token", "code id_token", "code token", "code id_token token"], "id_token_signing_alg_values_supported": ["RS256", "RS384", "RS512", "ES256", "ES384", "ES512", "HS256", "HS384", "HS512", "PS256", "PS384", "PS512", "none"], "token_endpoint_auth_methods_supported": ["client_secret_post", "client_secret_basic", "client_secret_jwt", "private_key_jwt"], "request_object_encryption_enc_values_supported": ["A128CBC-HS256", "A192CBC-HS384", "A256CBC-HS512", "A128GCM", "A192GCM", "A256GCM"], "response_modes_supported": ["query", "fragment", "form_post"], "jwks_uri": "https://rp.certification.openid.net:8080/static/jwks_2aL9aRDD7RrU5NoD.json", "userinfo_endpoint": "https://rp.certification.openid.net:8080/nov-rp-certified/rp-token_endpoint-client_secret_basic/userinfo", "request_object_signing_alg_values_supported": ["RS256", "RS384", "RS512", "ES256", "ES384", "ES512", "HS256", "HS384", "HS512", "PS256", "PS384", "PS512", "none"], "userinfo_encryption_enc_values_supported": ["A128CBC-HS256", "A192CBC-HS384", "A256CBC-HS512", "A128GCM", "A192GCM", "A256GCM"], "token_endpoint": "https://rp.certification.openid.net:8080/nov-rp-certified/rp-token_endpoint-client_secret_basic/token", "userinfo_encryption_alg_values_supported": ["RSA1_5", "RSA-OAEP", "A128KW", "A192KW", "A256KW", "ECDH-ES", "ECDH-ES+A128KW", "ECDH-ES+A192KW", "ECDH-ES+A256KW"], "claim_types_supported": ["normal", "aggregated", "distributed"], "id_token_encryption_alg_values_supported": ["RSA1_5", "RSA-OAEP", "A128KW", "A192KW", "A256KW", "ECDH-ES", "ECDH-ES+A128KW", "ECDH-ES+A192KW", "ECDH-ES+A256KW"], "userinfo_signing_alg_values_supported": ["RS256", "RS384", "RS512", "ES256", "ES384", "ES512", "HS256", "HS384", "HS512", "PS256", "PS384", "PS512", "none"], "claims_supported": ["updated_at", "name", "nickname", "sub", "middle_name", "locale", "phone_number_verified", "family_name", "email_verified", "website", "address", "zoneinfo", "email", "given_name", "birthdate", "preferred_username", "profile", "phone_number", "picture", "gender"], "version": "3.0", "claims_parameter_supported": true, "grant_types_supported": ["authorization_code", "implicit", "urn:ietf:params:oauth:grant-type:jwt-bearer"], "request_uri_parameter_supported": true, "subject_types_supported": ["public", "pairwise"], "scopes_supported": ["phone", "email", "offline_access", "openid", "profile", "address", "openid"], "request_object_encryption_alg_values_supported": ["RSA1_5", "RSA-OAEP", "A128KW", "A192KW", "A256KW", "ECDH-ES", "ECDH-ES+A128KW", "ECDH-ES+A192KW", "ECDH-ES+A256KW"], "end_session_endpoint": "https://rp.certification.openid.net:8080/nov-rp-certified/rp-token_endpoint-client_secret_basic/end_session", "registration_endpoint": "https://rp.certification.openid.net:8080/nov-rp-certified/rp-token_endpoint-client_secret_basic/registration", "id_token_encryption_enc_values_supported": ["A128CBC-HS256", "A192CBC-HS384", "A256CBC-HS512", "A128GCM", "A192GCM", "A256GCM"], "token_endpoint_auth_signing_alg_values_supported": ["RS256", "RS384", "RS512", "ES256", "ES384", "ES512", "HS256", "HS384", "HS512", "PS256", "PS384", "PS512"], "issuer": "https://rp.certification.openid.net:8080/nov-rp-certified/rp-token_endpoint-client_secret_basic", "authorization_endpoint": "https://rp.certification.openid.net:8080/nov-rp-certified/rp-token_endpoint-client_secret_basic/authorization", "acr_values_supported": ["PASSWORD"]}
2017-01-19T15:53:27.856740+00:00 app[web.1]: ======= [SWD] HTTP REQUEST FINISHED =======
2017-01-19T15:53:27.858223+00:00 app[web.1]: I, [2017-01-19T15:53:27.858127 #4]  INFO -- : [e00e4029-5c0a-4d97-bae9-b9092e2bea03] ======= [OpenIDConnect] HTTP REQUEST STARTED =======
2017-01-19T15:53:27.858262+00:00 app[web.1]: I, [2017-01-19T15:53:27.858212 #4]  INFO -- : [e00e4029-5c0a-4d97-bae9-b9092e2bea03] POST /nov-rp-certified/rp-token_endpoint-client_secret_basic/registration HTTP/1.1
2017-01-19T15:53:27.858263+00:00 app[web.1]: Content-Type: application/json
2017-01-19T15:53:27.858264+00:00 app[web.1]: Content-Length: 210
2017-01-19T15:53:27.858265+00:00 app[web.1]: Host: rp.certification.openid.net:8080
2017-01-19T15:53:27.858266+00:00 app[web.1]:
2017-01-19T15:53:27.858267+00:00 app[web.1]: {"application_type":"web","client_name":"NOV RP - rp-token_endpoint-client_secret_basic","redirect_uris":["https://connect-rp-certified.herokuapp.com/test_case_callbacks/rp-token_endpoint-client_secret_basic"]}
2017-01-19T15:53:27.884723+00:00 app[web.1]: I, [2017-01-19T15:53:27.884631 #4]  INFO -- : [e00e4029-5c0a-4d97-bae9-b9092e2bea03] --------------------------------------------------
2017-01-19T15:53:27.884769+00:00 app[web.1]: I, [2017-01-19T15:53:27.884705 #4]  INFO -- : [e00e4029-5c0a-4d97-bae9-b9092e2bea03] Status: 201 Created
2017-01-19T15:53:27.884770+00:00 app[web.1]: Cache-Control: no-store
2017-01-19T15:53:27.884771+00:00 app[web.1]: Content-type: application/json
2017-01-19T15:53:27.884772+00:00 app[web.1]: Access-Control-Allow-Origin: *
2017-01-19T15:53:27.884773+00:00 app[web.1]: Access-Control-Allow-Methods: GET
2017-01-19T15:53:27.884773+00:00 app[web.1]: Access-Control-Allow-Headers: Authorization
2017-01-19T15:53:27.884774+00:00 app[web.1]: Transfer-Encoding: chunked
2017-01-19T15:53:27.884775+00:00 app[web.1]: Date: Thu, 19 Jan 2017 15:53:27 GMT
2017-01-19T15:53:27.884775+00:00 app[web.1]: Server: openid-www2
2017-01-19T15:53:27.884776+00:00 app[web.1]: Content-Length: 0
2017-01-19T15:53:27.884777+00:00 app[web.1]:
2017-01-19T15:53:27.884781+00:00 app[web.1]: {"client_id": "Ld2ybuQf61Sq", "client_secret": "ffee9da50e60120ac304f1835b73804a40e83001f2c8002f341730a9", "response_types": ["code"], "client_name": "NOV RP - rp-token_endpoint-client_secret_basic", "application_type": "web", "registration_client_uri": "https://rp.certification.openid.net:8080/nov-rp-certified/registration?client_id=Ld2ybuQf61Sq", "registration_access_token": "IkwUfhQSG5PFseEVe8RXDGMAgnjtKHzd", "redirect_uris": ["https://connect-rp-certified.herokuapp.com/test_case_callbacks/rp-token_endpoint-client_secret_basic"], "client_id_issued_at": 1484841207, "client_secret_expires_at": 1484927607}
2017-01-19T15:53:27.884784+00:00 app[web.1]: I, [2017-01-19T15:53:27.884753 #4]  INFO -- : [e00e4029-5c0a-4d97-bae9-b9092e2bea03] ======= [OpenIDConnect] HTTP REQUEST FINISHED =======
2017-01-19T15:53:27.888015+00:00 app[web.1]: D, [2017-01-19T15:53:27.887949 #4] DEBUG -- : [e00e4029-5c0a-4d97-bae9-b9092e2bea03]    (0.9ms)  BEGIN
2017-01-19T15:53:27.890734+00:00 app[web.1]: D, [2017-01-19T15:53:27.890657 #4] DEBUG -- : [e00e4029-5c0a-4d97-bae9-b9092e2bea03]   Client Exists (1.1ms)  SELECT  1 AS one FROM "clients" WHERE "clients"."identifier" = $1 LIMIT $2  [["identifier", "Ld2ybuQf61Sq"], ["LIMIT", 1]]
2017-01-19T15:53:27.896525+00:00 app[web.1]: D, [2017-01-19T15:53:27.896459 #4] DEBUG -- : [e00e4029-5c0a-4d97-bae9-b9092e2bea03]   SQL (1.6ms)  INSERT INTO "clients" ("test_case_id", "identifier", "secret", "created_at", "updated_at") VALUES ($1, $2, $3, $4, $5) RETURNING "id"  [["test_case_id", 11], ["identifier", "Ld2ybuQf61Sq"], ["secret", "ffee9da50e60120ac304f1835b73804a40e83001f2c8002f341730a9"], ["created_at", 2017-01-19 15:53:27 UTC], ["updated_at", 2017-01-19 15:53:27 UTC]]
2017-01-19T15:53:27.898407+00:00 app[web.1]: D, [2017-01-19T15:53:27.898350 #4] DEBUG -- : [e00e4029-5c0a-4d97-bae9-b9092e2bea03]    (1.5ms)  COMMIT
2017-01-19T15:53:27.899133+00:00 app[web.1]: I, [2017-01-19T15:53:27.899075 #4]  INFO -- : [e00e4029-5c0a-4d97-bae9-b9092e2bea03] Redirected to https://rp.certification.openid.net:8080/nov-rp-certified/rp-token_endpoint-client_secret_basic/authorization?client_id=Ld2ybuQf61Sq&nonce=5c21007f663ea0b4dcb6aba2152d622e&redirect_uri=https%3A%2F%2Fconnect-rp-certified.herokuapp.com%2Ftest_case_callbacks%2Frp-token_endpoint-client_secret_basic&response_type=code&scope=profile+email+address+phone+openid&state=2205deeaf5e00094f2c00e8f85b71596
2017-01-19T15:53:27.899379+00:00 app[web.1]: I, [2017-01-19T15:53:27.899324 #4]  INFO -- : [e00e4029-5c0a-4d97-bae9-b9092e2bea03] Completed 302 Found in 143ms (ActiveRecord: 6.3ms)
2017-01-19T15:53:27.900564+00:00 heroku[router]: at=info method=GET path="/test_cases/rp-token_endpoint-client_secret_basic" host=connect-rp-certified.herokuapp.com request_id=e00e4029-5c0a-4d97-bae9-b9092e2bea03 fwd="122.210.153.65" dyno=web.1 connect=0ms service=147ms status=302 bytes=1814
2017-01-19T15:53:28.800265+00:00 app[web.1]: I, [2017-01-19T15:53:28.800178 #4]  INFO -- : [4ee48379-4b69-4f78-9166-4ce7cc297922] Started GET "/test_case_callbacks/rp-token_endpoint-client_secret_basic?client_id=Ld2ybuQf61Sq&iss=https%3A%2F%2Frp.certification.openid.net%3A8080%2Fnov-rp-certified%2Frp-token_endpoint-client_secret_basic&scope=profile+email+address+phone+openid&code=eKD9asBu4huEMBpZUtAO15oMGYuZaIMLvesYwjmE3WR90Z1PbCyl%2FMyXB21zk%2BYCcK9zSB8oAKpwNtEvTGeE%2Bmih%2FoY8MO66GtW%2Fe3pyzqqa8fqWHXinQuk5bjZuCmtuNEJBUWAEcKZjeCNHacqsXQ%3D%3D&state=2205deeaf5e00094f2c00e8f85b71596" for 122.210.153.65 at 2017-01-19 15:53:28 +0000
2017-01-19T15:53:28.801173+00:00 app[web.1]: I, [2017-01-19T15:53:28.801111 #4]  INFO -- : [4ee48379-4b69-4f78-9166-4ce7cc297922] Processing by TestCaseCallbacksController#show as HTML
2017-01-19T15:53:28.801261+00:00 app[web.1]: I, [2017-01-19T15:53:28.801205 #4]  INFO -- : [4ee48379-4b69-4f78-9166-4ce7cc297922]   Parameters: {"client_id"=>"Ld2ybuQf61Sq", "iss"=>"https://rp.certification.openid.net:8080/nov-rp-certified/rp-token_endpoint-client_secret_basic", "scope"=>"profile email address phone openid", "code"=>"eKD9asBu4huEMBpZUtAO15oMGYuZaIMLvesYwjmE3WR90Z1PbCyl/MyXB21zk+YCcK9zSB8oAKpwNtEvTGeE+mih/oY8MO66GtW/e3pyzqqa8fqWHXinQuk5bjZuCmtuNEJBUWAEcKZjeCNHacqsXQ==", "state"=>"2205deeaf5e00094f2c00e8f85b71596", "id"=>"rp-token_endpoint-client_secret_basic"}
2017-01-19T15:53:28.804108+00:00 app[web.1]: D, [2017-01-19T15:53:28.804043 #4] DEBUG -- : [4ee48379-4b69-4f78-9166-4ce7cc297922]   TestCase Load (0.8ms)  SELECT  "test_cases".* FROM "test_cases" WHERE "test_cases"."identifier" = $1 LIMIT $2  [["identifier", "rp-token_endpoint-client_secret_basic"], ["LIMIT", 1]]
2017-01-19T15:53:28.807555+00:00 app[web.1]: D, [2017-01-19T15:53:28.807495 #4] DEBUG -- : [4ee48379-4b69-4f78-9166-4ce7cc297922]   Client Load (0.9ms)  SELECT  "clients".* FROM "clients" WHERE "clients"."test_case_id" = $1 AND "clients"."identifier" = $2 LIMIT $3  [["test_case_id", 11], ["identifier", "Ld2ybuQf61Sq"], ["LIMIT", 1]]
2017-01-19T15:53:28.808607+00:00 app[web.1]: I, [2017-01-19T15:53:28.808532 #4]  INFO -- : [4ee48379-4b69-4f78-9166-4ce7cc297922] ======= [SWD] HTTP REQUEST STARTED =======
2017-01-19T15:53:28.808609+00:00 app[web.1]: GET /nov-rp-certified/rp-token_endpoint-client_secret_basic/.well-known/openid-configuration HTTP/1.1
2017-01-19T15:53:28.808610+00:00 app[web.1]: Host: rp.certification.openid.net:8080
2017-01-19T15:53:28.808610+00:00 app[web.1]:
2017-01-19T15:53:28.808611+00:00 app[web.1]:
2017-01-19T15:53:28.840376+00:00 app[web.1]: I, [2017-01-19T15:53:28.840277 #4]  INFO -- : [4ee48379-4b69-4f78-9166-4ce7cc297922] --------------------------------------------------
2017-01-19T15:53:28.840378+00:00 app[web.1]: Status: 200 OK
2017-01-19T15:53:28.840379+00:00 app[web.1]: Cache-Control: no-store
2017-01-19T15:53:28.840379+00:00 app[web.1]: x-ffo: bar
2017-01-19T15:53:28.840380+00:00 app[web.1]: Content-type: application/json
2017-01-19T15:53:28.840380+00:00 app[web.1]: Access-Control-Allow-Origin: *
2017-01-19T15:53:28.840381+00:00 app[web.1]: Access-Control-Allow-Methods: GET
2017-01-19T15:53:28.840382+00:00 app[web.1]: Access-Control-Allow-Headers: Authorization
2017-01-19T15:53:28.840382+00:00 app[web.1]: Transfer-Encoding: chunked
2017-01-19T15:53:28.840382+00:00 app[web.1]: Date: Thu, 19 Jan 2017 15:53:28 GMT
2017-01-19T15:53:28.840383+00:00 app[web.1]: Server: openid-www2
2017-01-19T15:53:28.840383+00:00 app[web.1]: Content-Length: 0
2017-01-19T15:53:28.840384+00:00 app[web.1]:
2017-01-19T15:53:28.840385+00:00 app[web.1]: {"request_parameter_supported": true, "require_request_uri_registration": true, "response_types_supported": ["code", "id_token token", "code id_token", "code token", "code id_token token"], "id_token_signing_alg_values_supported": ["RS256", "RS384", "RS512", "ES256", "ES384", "ES512", "HS256", "HS384", "HS512", "PS256", "PS384", "PS512", "none"], "token_endpoint_auth_methods_supported": ["client_secret_post", "client_secret_basic", "client_secret_jwt", "private_key_jwt"], "request_object_encryption_enc_values_supported": ["A128CBC-HS256", "A192CBC-HS384", "A256CBC-HS512", "A128GCM", "A192GCM", "A256GCM"], "response_modes_supported": ["query", "fragment", "form_post"], "jwks_uri": "https://rp.certification.openid.net:8080/static/jwks_B2dibwpoi8jn8foX.json", "userinfo_endpoint": "https://rp.certification.openid.net:8080/nov-rp-certified/rp-token_endpoint-client_secret_basic/userinfo", "request_object_signing_alg_values_supported": ["RS256", "RS384", "RS512", "ES256", "ES384", "ES512", "HS256", "HS384", "HS512", "PS256", "PS384", "PS512", "none"], "userinfo_encryption_enc_values_supported": ["A128CBC-HS256", "A192CBC-HS384", "A256CBC-HS512", "A128GCM", "A192GCM", "A256GCM"], "token_endpoint": "https://rp.certification.openid.net:8080/nov-rp-certified/rp-token_endpoint-client_secret_basic/token", "userinfo_encryption_alg_values_supported": ["RSA1_5", "RSA-OAEP", "A128KW", "A192KW", "A256KW", "ECDH-ES", "ECDH-ES+A128KW", "ECDH-ES+A192KW", "ECDH-ES+A256KW"], "claim_types_supported": ["normal", "aggregated", "distributed"], "id_token_encryption_alg_values_supported": ["RSA1_5", "RSA-OAEP", "A128KW", "A192KW", "A256KW", "ECDH-ES", "ECDH-ES+A128KW", "ECDH-ES+A192KW", "ECDH-ES+A256KW"], "userinfo_signing_alg_values_supported": ["RS256", "RS384", "RS512", "ES256", "ES384", "ES512", "HS256", "HS384", "HS512", "PS256", "PS384", "PS512", "none"], "claims_supported": ["updated_at", "name", "nickname", "sub", "middle_name", "locale", "phone_number_verified", "family_name", "email_verified", "website", "address", "zoneinfo", "email", "given_name", "birthdate", "preferred_username", "profile", "phone_number", "picture", "gender"], "version": "3.0", "claims_parameter_supported": true, "grant_types_supported": ["authorization_code", "implicit", "urn:ietf:params:oauth:grant-type:jwt-bearer"], "request_uri_parameter_supported": true, "subject_types_supported": ["public", "pairwise"], "scopes_supported": ["phone", "email", "offline_access", "openid", "profile", "address", "openid"], "request_object_encryption_alg_values_supported": ["RSA1_5", "RSA-OAEP", "A128KW", "A192KW", "A256KW", "ECDH-ES", "ECDH-ES+A128KW", "ECDH-ES+A192KW", "ECDH-ES+A256KW"], "end_session_endpoint": "https://rp.certification.openid.net:8080/nov-rp-certified/rp-token_endpoint-client_secret_basic/end_session", "registration_endpoint": "https://rp.certification.openid.net:8080/nov-rp-certified/rp-token_endpoint-client_secret_basic/registration", "id_token_encryption_enc_values_supported": ["A128CBC-HS256", "A192CBC-HS384", "A256CBC-HS512", "A128GCM", "A192GCM", "A256GCM"], "token_endpoint_auth_signing_alg_values_supported": ["RS256", "RS384", "RS512", "ES256", "ES384", "ES512", "HS256", "HS384", "HS512", "PS256", "PS384", "PS512"], "issuer": "https://rp.certification.openid.net:8080/nov-rp-certified/rp-token_endpoint-client_secret_basic", "authorization_endpoint": "https://rp.certification.openid.net:8080/nov-rp-certified/rp-token_endpoint-client_secret_basic/authorization", "acr_values_supported": ["PASSWORD"]}
2017-01-19T15:53:28.840386+00:00 app[web.1]: ======= [SWD] HTTP REQUEST FINISHED =======
2017-01-19T15:53:28.842674+00:00 app[web.1]: I, [2017-01-19T15:53:28.842602 #4]  INFO -- : [4ee48379-4b69-4f78-9166-4ce7cc297922] ======= [Rack::OAuth2] HTTP REQUEST STARTED =======
2017-01-19T15:53:28.842746+00:00 app[web.1]: I, [2017-01-19T15:53:28.842680 #4]  INFO -- : [4ee48379-4b69-4f78-9166-4ce7cc297922] POST /nov-rp-certified/rp-token_endpoint-client_secret_basic/token HTTP/1.1
2017-01-19T15:53:28.842747+00:00 app[web.1]: Authorization: Basic TGQyeWJ1UWY2MVNxOmZmZWU5ZGE1MGU2MDEyMGFjMzA0ZjE4MzViNzM4MDRhNDBlODMwMDFmMmM4MDAyZjM0MTczMGE5
2017-01-19T15:53:28.842747+00:00 app[web.1]: Content-Type: application/x-www-form-urlencoded
2017-01-19T15:53:28.842748+00:00 app[web.1]: Content-Length: 325
2017-01-19T15:53:28.842749+00:00 app[web.1]: Host: rp.certification.openid.net:8080
2017-01-19T15:53:28.842750+00:00 app[web.1]:
2017-01-19T15:53:28.842752+00:00 app[web.1]: grant_type=authorization_code&code=eKD9asBu4huEMBpZUtAO15oMGYuZaIMLvesYwjmE3WR90Z1PbCyl%2FMyXB21zk%2BYCcK9zSB8oAKpwNtEvTGeE%2Bmih%2FoY8MO66GtW%2Fe3pyzqqa8fqWHXinQuk5bjZuCmtuNEJBUWAEcKZjeCNHacqsXQ%3D%3D&redirect_uri=https%3A%2F%2Fconnect-rp-certified.herokuapp.com%2Ftest_case_callbacks%2Frp-token_endpoint-client_secret_basic
2017-01-19T15:53:28.882348+00:00 app[web.1]: I, [2017-01-19T15:53:28.882228 #4]  INFO -- : [4ee48379-4b69-4f78-9166-4ce7cc297922] --------------------------------------------------
2017-01-19T15:53:28.882419+00:00 app[web.1]: I, [2017-01-19T15:53:28.882344 #4]  INFO -- : [4ee48379-4b69-4f78-9166-4ce7cc297922] Status: 200 OK
2017-01-19T15:53:28.882420+00:00 app[web.1]: Content-type: application/json
2017-01-19T15:53:28.882421+00:00 app[web.1]: Access-Control-Allow-Origin: *
2017-01-19T15:53:28.882422+00:00 app[web.1]: Access-Control-Allow-Methods: GET
2017-01-19T15:53:28.882423+00:00 app[web.1]: Access-Control-Allow-Headers: Authorization
2017-01-19T15:53:28.882423+00:00 app[web.1]: Transfer-Encoding: chunked
2017-01-19T15:53:28.882424+00:00 app[web.1]: Date: Thu, 19 Jan 2017 15:53:28 GMT
2017-01-19T15:53:28.882425+00:00 app[web.1]: Server: openid-www2
2017-01-19T15:53:28.882426+00:00 app[web.1]: Content-Length: 0
2017-01-19T15:53:28.882427+00:00 app[web.1]:
2017-01-19T15:53:28.882431+00:00 app[web.1]: {"token_type": "Bearer", "scope": "profile email address phone openid", "access_token": "1Io8qOL0PxpPLlkfQ58EOctuZ+8uahnM7s1k4C5fBbQOXAmqvTXKSjIeiarA3KhiTAWbLelD7XelbS6NNpO++vXjM20jQOgnOF0lwSDVS/egSyCW/wUT8fwd7U7eOJKHLZap8Ymz+LVfnFw67MPjcA==", "state": "2205deeaf5e00094f2c00e8f85b71596", "id_token": "eyJhbGciOiJSUzI1NiIsImtpZCI6ImJfRGxmVk5CbWdHSFViekxmYzNKa1I5SUpJTmNZZ2NRN01yZ0hmUkxhcDAifQ.eyJpc3MiOiAiaHR0cHM6Ly9ycC5jZXJ0aWZpY2F0aW9uLm9wZW5pZC5uZXQ6ODA4MC9ub3YtcnAtY2VydGlmaWVkL3JwLXRva2VuX2VuZHBvaW50LWNsaWVudF9zZWNyZXRfYmFzaWMiLCAiaWF0IjogMTQ4NDg0MTIwOCwgIm5vbmNlIjogIjVjMjEwMDdmNjYzZWEwYjRkY2I2YWJhMjE1MmQ2MjJlIiwgInN1YiI6ICIxYjJmYzkzNDFhMTZhZTRlMzAwODI5NjVkNTM3YWU0N2MyMWEwZjI3ZmQ0M2VhYjc4MzMwZWQ4MTc1MWFlNmRiIiwgImFjciI6ICJQQVNTV09SRCIsICJhdWQiOiBbIkxkMnlidVFmNjFTcSJdLCAiZXhwIjogMTQ4NDkyNzYwOCwgImF1dGhfdGltZSI6IDE0ODQ4NDEyMDh9.XjtG4n2PB2E7vhnf65SftFNHPSGiQIfleXXOWQFWHM5-QiOveje-X9kt-O6eAGNx5G09446d6BV3bDO_ozqSYGZsGfsBKF5uREV8W8XzMriRhTn4AMIKnjYQFx5kHmtDB9y3zu7_fQRHanR2k9g6CgRC4jGIQsXwjxcZeaW72kdwpOI68Np14Avv-i3FGHsl8W-j8UraAh6hZ0zF3FKBZ6Ihwl2y9yGTr3jziLcG9upMc38TV0kkXAvBlZkMmiLlxNd27KBFkUnd2QvYwZ5VAguQfXfeEsNtFEXdyy9LoP4q6U42LC3Bqo9wE84OEOXSDh6v_-hwc-YY2WLcO1pyzg"}
2017-01-19T15:53:28.882490+00:00 app[web.1]: I, [2017-01-19T15:53:28.882423 #4]  INFO -- : [4ee48379-4b69-4f78-9166-4ce7cc297922] ======= [Rack::OAuth2] HTTP REQUEST FINISHED =======
2017-01-19T15:53:28.883717+00:00 app[web.1]: I, [2017-01-19T15:53:28.883639 #4]  INFO -- : [4ee48379-4b69-4f78-9166-4ce7cc297922] ======= [OpenIDConnect] HTTP REQUEST STARTED =======
2017-01-19T15:53:28.883786+00:00 app[web.1]: I, [2017-01-19T15:53:28.883717 #4]  INFO -- : [4ee48379-4b69-4f78-9166-4ce7cc297922] GET /static/jwks_B2dibwpoi8jn8foX.json HTTP/1.1
2017-01-19T15:53:28.883787+00:00 app[web.1]: Host: rp.certification.openid.net:8080
2017-01-19T15:53:28.883788+00:00 app[web.1]:
2017-01-19T15:53:28.883789+00:00 app[web.1]:
2017-01-19T15:53:28.909326+00:00 app[web.1]: I, [2017-01-19T15:53:28.909233 #4]  INFO -- : [4ee48379-4b69-4f78-9166-4ce7cc297922] --------------------------------------------------
2017-01-19T15:53:28.909401+00:00 app[web.1]: I, [2017-01-19T15:53:28.909326 #4]  INFO -- : [4ee48379-4b69-4f78-9166-4ce7cc297922] Status: 200 OK
2017-01-19T15:53:28.909403+00:00 app[web.1]: Content-type: text/html
2017-01-19T15:53:28.909403+00:00 app[web.1]: Access-Control-Allow-Origin: *
2017-01-19T15:53:28.909404+00:00 app[web.1]: Access-Control-Allow-Methods: GET
2017-01-19T15:53:28.909405+00:00 app[web.1]: Access-Control-Allow-Headers: Authorization
2017-01-19T15:53:28.909405+00:00 app[web.1]: Transfer-Encoding: chunked
2017-01-19T15:53:28.909406+00:00 app[web.1]: Date: Thu, 19 Jan 2017 15:53:28 GMT
2017-01-19T15:53:28.909407+00:00 app[web.1]: Server: openid-www2
2017-01-19T15:53:28.909407+00:00 app[web.1]: Content-Length: 0
2017-01-19T15:53:28.909408+00:00 app[web.1]:
2017-01-19T15:53:28.909410+00:00 app[web.1]: {"keys": [{"kty": "RSA", "e": "AQAB", "n": "qAEO5HN-iXYser8joW8u2Uhegg0egZ0Y1bk_WNt4NKrQJbMdf5o7Kl6eRIQ9oQfR5e7b6oUSwHtngNd3o1KZHKzyxPYp72i9HCKKxZPvnC7_1xNhBvqR3cjSogPDhBxtiho2vtgPxmhQOjtjV3yS-Ik8twPUSwfY1GxLZjeXeIXCLrd-3hFKgeoOcwENvaolTTUf9CxIfpKk0s95B1V8mLFvjVqT7ftn84VQdf88kwBTEIThRlM9Ot00NoNgbitmf95xj8sMera-ZT2zBElBnlMFiLN_bHuADQROimy-iGfhqpH3d_tWaAtXZFCJ7OY6CDPVQZ9fKSjmLeeDOyFR_Q", "kid": "48Afw-zz40sUw6Uj8ZCsfqnm0q9Bq3bK9yYcozi50Zw", "use": "enc"}, {"kty": "RSA", "e": "AQAB", "n": "tR3l3Oc1_sNfRbHp_BIjh52bL8o4-S21GlRAhRb0vSdnfIFWJKM6SRPtZh96ShDdWja-lZC7f2rqK1iNVsEi5FYcRcEUN5-wcZimoee7jo_DzFozRhqu2x57Y2YGE-b1GhgyM6PjLd8NMoU60eQ7SHACuJj_2ewtK-ffNuxCnyK9O_TMq-vi4OUousQXDJxaOrHnVYZvxGBtwgM-oGWF2o0VOAS9A8RRT-1SpIwcnNRrg_hUtCh3W-epzb_Hm5fBsA6YBmTc2cHIqDwq0ue8T3WM7NKX7Wg-FcZFV4IJOzkJ8KYDbTqDBjiiygYUVKTQl4WdIm9ova-Fblo8iceiOw", "kid": "b_DlfVNBmgGHUbzLfc3JkR9IJINcYgcQ7MrgHfRLap0", "use": "sig"}, {"y": "ZV-Qv-l0W4x6bRtZpY9nbtfB16IsbZgD_s1Ij0tzzqw", "x": "gbXzgi85BLLirjFbjdYU4xqvodAKOnPThlXE1I0h_q4", "kty": "EC", "crv": "P-256", "kid": "CzHDxT2OrV2yblaTU_M1T-FfYbLIlsyvSNJORAycY_Q", "use": "sig"}, {"y": "iq4cg4edBnFiCRQ8dtSPLpq76h7mO1Z3imKAwPYToQ", "x": "eS0QXtIGq1ri29CtaSa5PD8PBkGL3domM70f3YO-vaU", "kty": "EC", "crv": "P-256", "kid": "jctMt0kDRN2mxEszSTvfw1DqpESssVWnZo24vQQMjDc", "use": "enc"}]}
2017-01-19T15:53:28.909483+00:00 app[web.1]: I, [2017-01-19T15:53:28.909428 #4]  INFO -- : [4ee48379-4b69-4f78-9166-4ce7cc297922] ======= [OpenIDConnect] HTTP REQUEST FINISHED =======
2017-01-19T15:53:28.910675+00:00 app[web.1]: I, [2017-01-19T15:53:28.910618 #4]  INFO -- : [4ee48379-4b69-4f78-9166-4ce7cc297922] ======= [Rack::OAuth2] HTTP REQUEST STARTED =======
2017-01-19T15:53:28.910741+00:00 app[web.1]: I, [2017-01-19T15:53:28.910675 #4]  INFO -- : [4ee48379-4b69-4f78-9166-4ce7cc297922] GET /nov-rp-certified/rp-token_endpoint-client_secret_basic/userinfo? HTTP/1.1
2017-01-19T15:53:28.910743+00:00 app[web.1]: Authorization: Bearer 1Io8qOL0PxpPLlkfQ58EOctuZ+8uahnM7s1k4C5fBbQOXAmqvTXKSjIeiarA3KhiTAWbLelD7XelbS6NNpO++vXjM20jQOgnOF0lwSDVS/egSyCW/wUT8fwd7U7eOJKHLZap8Ymz+LVfnFw67MPjcA==
2017-01-19T15:53:28.910743+00:00 app[web.1]: Host: rp.certification.openid.net:8080
2017-01-19T15:53:28.910744+00:00 app[web.1]:
2017-01-19T15:53:28.910745+00:00 app[web.1]:
2017-01-19T15:53:28.948700+00:00 app[web.1]: I, [2017-01-19T15:53:28.948577 #4]  INFO -- : [4ee48379-4b69-4f78-9166-4ce7cc297922] --------------------------------------------------
2017-01-19T15:53:28.948768+00:00 app[web.1]: I, [2017-01-19T15:53:28.948693 #4]  INFO -- : [4ee48379-4b69-4f78-9166-4ce7cc297922] Status: 200 OK
2017-01-19T15:53:28.948769+00:00 app[web.1]: Content-type: application/json
2017-01-19T15:53:28.948769+00:00 app[web.1]: Access-Control-Allow-Origin: *
2017-01-19T15:53:28.948771+00:00 app[web.1]: Access-Control-Allow-Methods: GET
2017-01-19T15:53:28.948771+00:00 app[web.1]: Access-Control-Allow-Headers: Authorization
2017-01-19T15:53:28.948771+00:00 app[web.1]: Transfer-Encoding: chunked
2017-01-19T15:53:28.948772+00:00 app[web.1]: Date: Thu, 19 Jan 2017 15:53:28 GMT
2017-01-19T15:53:28.948772+00:00 app[web.1]: Server: openid-www2
2017-01-19T15:53:28.948773+00:00 app[web.1]: Content-Length: 0
2017-01-19T15:53:28.948773+00:00 app[web.1]:
2017-01-19T15:53:28.948778+00:00 app[web.1]: {"name": "Diana Krall", "nickname": "Dina", "sub": "1b2fc9341a16ae4e30082965d537ae47c21a0f27fd43eab78330ed81751ae6db", "email": "diana@example.org", "given_name": "Diana", "family_name": "Krall", "email_verified": false, "phone_number": "+46 90 7865000", "address": {"locality": "Ume\u00e5", "postal_code": "SE-90187", "country": "Sweden", "street_address": "Ume\u00e5 Universitet"}}
2017-01-19T15:53:28.948890+00:00 app[web.1]: I, [2017-01-19T15:53:28.948775 #4]  INFO -- : [4ee48379-4b69-4f78-9166-4ce7cc297922] ======= [Rack::OAuth2] HTTP REQUEST FINISHED =======
2017-01-19T15:53:28.949823+00:00 app[web.1]: I, [2017-01-19T15:53:28.949766 #4]  INFO -- : [4ee48379-4b69-4f78-9166-4ce7cc297922]   Rendering test_case_callbacks/show.html.erb within layouts/popup
2017-01-19T15:53:28.950145+00:00 app[web.1]: I, [2017-01-19T15:53:28.950091 #4]  INFO -- : [4ee48379-4b69-4f78-9166-4ce7cc297922]   Rendered test_case_callbacks/show.html.erb within layouts/popup (0.2ms)
2017-01-19T15:53:28.951147+00:00 app[web.1]: I, [2017-01-19T15:53:28.951067 #4]  INFO -- : [4ee48379-4b69-4f78-9166-4ce7cc297922]   Rendered layouts/_wrapper.html.erb (0.7ms)
2017-01-19T15:53:28.951536+00:00 app[web.1]: I, [2017-01-19T15:53:28.951454 #4]  INFO -- : [4ee48379-4b69-4f78-9166-4ce7cc297922] Completed 200 OK in 150ms (Views: 1.8ms | ActiveRecord: 1.6ms)
2017-01-19T15:53:28.953323+00:00 heroku[router]: at=info method=GET path="/test_case_callbacks/rp-token_endpoint-client_secret_basic?client_id=Ld2ybuQf61Sq&iss=https%3A%2F%2Frp.certification.openid.net%3A8080%2Fnov-rp-certified%2Frp-token_endpoint-client_secret_basic&scope=profile+email+address+phone+openid&code=eKD9asBu4huEMBpZUtAO15oMGYuZaIMLvesYwjmE3WR90Z1PbCyl%2FMyXB21zk%2BYCcK9zSB8oAKpwNtEvTGeE%2Bmih%2FoY8MO66GtW%2Fe3pyzqqa8fqWHXinQuk5bjZuCmtuNEJBUWAEcKZjeCNHacqsXQ%3D%3D&state=2205deeaf5e00094f2c00e8f85b71596" host=connect-rp-certified.herokuapp.com request_id=4ee48379-4b69-4f78-9166-4ce7cc297922 fwd="122.210.153.65" dyno=web.1 connect=0ms service=154ms status=200 bytes=5327