2017-01-19T15:56:29.450696+00:00 app[web.1]: I, [2017-01-19T15:56:29.450602 #4]  INFO -- : [f1d48710-bc20-4d2c-ad3e-814c9271c556] Started GET "/test_cases/rp-id_token-issuer-mismatch" for 122.210.153.65 at 2017-01-19 15:56:29 +0000
2017-01-19T15:56:29.451899+00:00 app[web.1]: I, [2017-01-19T15:56:29.451472 #4]  INFO -- : [f1d48710-bc20-4d2c-ad3e-814c9271c556] Processing by TestCasesController#show as HTML
2017-01-19T15:56:29.451902+00:00 app[web.1]: I, [2017-01-19T15:56:29.451556 #4]  INFO -- : [f1d48710-bc20-4d2c-ad3e-814c9271c556]   Parameters: {"id"=>"rp-id_token-issuer-mismatch"}
2017-01-19T15:56:29.455112+00:00 app[web.1]: D, [2017-01-19T15:56:29.455039 #4] DEBUG -- : [f1d48710-bc20-4d2c-ad3e-814c9271c556]   TestCase Load (1.0ms)  SELECT  "test_cases".* FROM "test_cases" WHERE "test_cases"."identifier" = $1 LIMIT $2  [["identifier", "rp-id_token-issuer-mismatch"], ["LIMIT", 1]]
2017-01-19T15:56:29.456021+00:00 app[web.1]: I, [2017-01-19T15:56:29.455949 #4]  INFO -- : [f1d48710-bc20-4d2c-ad3e-814c9271c556] ======= [SWD] HTTP REQUEST STARTED =======
2017-01-19T15:56:29.456023+00:00 app[web.1]: GET /nov-rp-certified/rp-id_token-issuer-mismatch/.well-known/openid-configuration HTTP/1.1
2017-01-19T15:56:29.456024+00:00 app[web.1]: Host: rp.certification.openid.net:8080
2017-01-19T15:56:29.456025+00:00 app[web.1]:
2017-01-19T15:56:29.456025+00:00 app[web.1]:
2017-01-19T15:56:29.534401+00:00 app[web.1]: I, [2017-01-19T15:56:29.534296 #4]  INFO -- : [f1d48710-bc20-4d2c-ad3e-814c9271c556] --------------------------------------------------
2017-01-19T15:56:29.534405+00:00 app[web.1]: Status: 200 OK
2017-01-19T15:56:29.534406+00:00 app[web.1]: Cache-Control: no-store
2017-01-19T15:56:29.534407+00:00 app[web.1]: x-ffo: bar
2017-01-19T15:56:29.534408+00:00 app[web.1]: Content-type: application/json
2017-01-19T15:56:29.534408+00:00 app[web.1]: Access-Control-Allow-Origin: *
2017-01-19T15:56:29.534409+00:00 app[web.1]: Access-Control-Allow-Methods: GET
2017-01-19T15:56:29.534410+00:00 app[web.1]: Access-Control-Allow-Headers: Authorization
2017-01-19T15:56:29.534410+00:00 app[web.1]: Transfer-Encoding: chunked
2017-01-19T15:56:29.534411+00:00 app[web.1]: Date: Thu, 19 Jan 2017 15:56:29 GMT
2017-01-19T15:56:29.534411+00:00 app[web.1]: Server: openid-www2
2017-01-19T15:56:29.534412+00:00 app[web.1]: Content-Length: 0
2017-01-19T15:56:29.534413+00:00 app[web.1]:
2017-01-19T15:56:29.534416+00:00 app[web.1]: {"request_parameter_supported": true, "require_request_uri_registration": true, "response_types_supported": ["code", "id_token", "id_token token", "code id_token", "code token", "code id_token token"], "id_token_signing_alg_values_supported": ["RS256", "RS384", "RS512", "ES256", "ES384", "ES512", "HS256", "HS384", "HS512", "PS256", "PS384", "PS512", "none"], "token_endpoint_auth_methods_supported": ["client_secret_post", "client_secret_basic", "client_secret_jwt", "private_key_jwt"], "request_object_encryption_enc_values_supported": ["A128CBC-HS256", "A192CBC-HS384", "A256CBC-HS512", "A128GCM", "A192GCM", "A256GCM"], "response_modes_supported": ["query", "fragment", "form_post"], "jwks_uri": "https://rp.certification.openid.net:8080/static/jwks_ElAVaBwOjSdLRt1s.json", "userinfo_endpoint": "https://rp.certification.openid.net:8080/nov-rp-certified/rp-id_token-issuer-mismatch/userinfo", "request_object_signing_alg_values_supported": ["RS256", "RS384", "RS512", "ES256", "ES384", "ES512", "HS256", "HS384", "HS512", "PS256", "PS384", "PS512", "none"], "userinfo_encryption_enc_values_supported": ["A128CBC-HS256", "A192CBC-HS384", "A256CBC-HS512", "A128GCM", "A192GCM", "A256GCM"], "token_endpoint": "https://rp.certification.openid.net:8080/nov-rp-certified/rp-id_token-issuer-mismatch/token", "userinfo_encryption_alg_values_supported": ["RSA1_5", "RSA-OAEP", "A128KW", "A192KW", "A256KW", "ECDH-ES", "ECDH-ES+A128KW", "ECDH-ES+A192KW", "ECDH-ES+A256KW"], "claim_types_supported": ["normal", "aggregated", "distributed"], "id_token_encryption_alg_values_supported": ["RSA1_5", "RSA-OAEP", "A128KW", "A192KW", "A256KW", "ECDH-ES", "ECDH-ES+A128KW", "ECDH-ES+A192KW", "ECDH-ES+A256KW"], "userinfo_signing_alg_values_supported": ["RS256", "RS384", "RS512", "ES256", "ES384", "ES512", "HS256", "HS384", "HS512", "PS256", "PS384", "PS512", "none"], "claims_supported": ["updated_at", "name", "nickname", "sub", "middle_name", "locale", "phone_number_verified", "family_name", "email_verified", "website", "address", "zoneinfo", "email", "given_name", "birthdate", "preferred_username", "profile", "phone_number", "picture", "gender"], "version": "3.0", "claims_parameter_supported": true, "grant_types_supported": ["authorization_code", "implicit", "urn:ietf:params:oauth:grant-type:jwt-bearer"], "request_uri_parameter_supported": true, "subject_types_supported": ["public", "pairwise"], "scopes_supported": ["phone", "email", "offline_access", "openid", "profile", "address", "openid"], "request_object_encryption_alg_values_supported": ["RSA1_5", "RSA-OAEP", "A128KW", "A192KW", "A256KW", "ECDH-ES", "ECDH-ES+A128KW", "ECDH-ES+A192KW", "ECDH-ES+A256KW"], "end_session_endpoint": "https://rp.certification.openid.net:8080/nov-rp-certified/rp-id_token-issuer-mismatch/end_session", "registration_endpoint": "https://rp.certification.openid.net:8080/nov-rp-certified/rp-id_token-issuer-mismatch/registration", "id_token_encryption_enc_values_supported": ["A128CBC-HS256", "A192CBC-HS384", "A256CBC-HS512", "A128GCM", "A192GCM", "A256GCM"], "token_endpoint_auth_signing_alg_values_supported": ["RS256", "RS384", "RS512", "ES256", "ES384", "ES512", "HS256", "HS384", "HS512", "PS256", "PS384", "PS512"], "issuer": "https://rp.certification.openid.net:8080/nov-rp-certified/rp-id_token-issuer-mismatch", "authorization_endpoint": "https://rp.certification.openid.net:8080/nov-rp-certified/rp-id_token-issuer-mismatch/authorization", "acr_values_supported": ["PASSWORD"]}
2017-01-19T15:56:29.534417+00:00 app[web.1]: ======= [SWD] HTTP REQUEST FINISHED =======
2017-01-19T15:56:29.538537+00:00 app[web.1]: I, [2017-01-19T15:56:29.538447 #4]  INFO -- : [f1d48710-bc20-4d2c-ad3e-814c9271c556] ======= [OpenIDConnect] HTTP REQUEST STARTED =======
2017-01-19T15:56:29.538633+00:00 app[web.1]: I, [2017-01-19T15:56:29.538533 #4]  INFO -- : [f1d48710-bc20-4d2c-ad3e-814c9271c556] POST /nov-rp-certified/rp-id_token-issuer-mismatch/registration HTTP/1.1
2017-01-19T15:56:29.538635+00:00 app[web.1]: Content-Type: application/json
2017-01-19T15:56:29.538635+00:00 app[web.1]: Content-Length: 190
2017-01-19T15:56:29.538636+00:00 app[web.1]: Host: rp.certification.openid.net:8080
2017-01-19T15:56:29.538637+00:00 app[web.1]:
2017-01-19T15:56:29.538638+00:00 app[web.1]: {"application_type":"web","client_name":"NOV RP - rp-id_token-issuer-mismatch","redirect_uris":["https://connect-rp-certified.herokuapp.com/test_case_callbacks/rp-id_token-issuer-mismatch"]}
2017-01-19T15:56:29.563788+00:00 app[web.1]: I, [2017-01-19T15:56:29.563688 #4]  INFO -- : [f1d48710-bc20-4d2c-ad3e-814c9271c556] --------------------------------------------------
2017-01-19T15:56:29.563836+00:00 app[web.1]: I, [2017-01-19T15:56:29.563778 #4]  INFO -- : [f1d48710-bc20-4d2c-ad3e-814c9271c556] Status: 201 Created
2017-01-19T15:56:29.563837+00:00 app[web.1]: Cache-Control: no-store
2017-01-19T15:56:29.563837+00:00 app[web.1]: Content-type: application/json
2017-01-19T15:56:29.563838+00:00 app[web.1]: Access-Control-Allow-Origin: *
2017-01-19T15:56:29.563838+00:00 app[web.1]: Access-Control-Allow-Methods: GET
2017-01-19T15:56:29.563839+00:00 app[web.1]: Access-Control-Allow-Headers: Authorization
2017-01-19T15:56:29.563839+00:00 app[web.1]: Transfer-Encoding: chunked
2017-01-19T15:56:29.563840+00:00 app[web.1]: Date: Thu, 19 Jan 2017 15:56:29 GMT
2017-01-19T15:56:29.563840+00:00 app[web.1]: Server: openid-www2
2017-01-19T15:56:29.563840+00:00 app[web.1]: Content-Length: 0
2017-01-19T15:56:29.563841+00:00 app[web.1]:
2017-01-19T15:56:29.563842+00:00 app[web.1]: {"client_id": "9ZX6BJqGaBvo", "client_secret": "4de16f28ad27d49c5ce208c98bdd9507a654bcb3a06558835053ad8d", "response_types": ["code"], "client_name": "NOV RP - rp-id_token-issuer-mismatch", "application_type": "web", "registration_client_uri": "https://rp.certification.openid.net:8080/nov-rp-certified/registration?client_id=9ZX6BJqGaBvo", "registration_access_token": "3VOA8LH81ay4hgGBX2F5sXLpcHNqDMLh", "redirect_uris": ["https://connect-rp-certified.herokuapp.com/test_case_callbacks/rp-id_token-issuer-mismatch"], "client_id_issued_at": 1484841389, "client_secret_expires_at": 1484927789}
2017-01-19T15:56:29.563891+00:00 app[web.1]: I, [2017-01-19T15:56:29.563835 #4]  INFO -- : [f1d48710-bc20-4d2c-ad3e-814c9271c556] ======= [OpenIDConnect] HTTP REQUEST FINISHED =======
2017-01-19T15:56:29.566122+00:00 app[web.1]: D, [2017-01-19T15:56:29.566058 #4] DEBUG -- : [f1d48710-bc20-4d2c-ad3e-814c9271c556]    (0.7ms)  BEGIN
2017-01-19T15:56:29.568802+00:00 app[web.1]: D, [2017-01-19T15:56:29.568721 #4] DEBUG -- : [f1d48710-bc20-4d2c-ad3e-814c9271c556]   Client Exists (0.9ms)  SELECT  1 AS one FROM "clients" WHERE "clients"."identifier" = $1 LIMIT $2  [["identifier", "9ZX6BJqGaBvo"], ["LIMIT", 1]]
2017-01-19T15:56:29.570660+00:00 app[web.1]: D, [2017-01-19T15:56:29.570574 #4] DEBUG -- : [f1d48710-bc20-4d2c-ad3e-814c9271c556]   SQL (0.9ms)  INSERT INTO "clients" ("test_case_id", "identifier", "secret", "created_at", "updated_at") VALUES ($1, $2, $3, $4, $5) RETURNING "id"  [["test_case_id", 13], ["identifier", "9ZX6BJqGaBvo"], ["secret", "4de16f28ad27d49c5ce208c98bdd9507a654bcb3a06558835053ad8d"], ["created_at", 2017-01-19 15:56:29 UTC], ["updated_at", 2017-01-19 15:56:29 UTC]]
2017-01-19T15:56:29.572552+00:00 app[web.1]: D, [2017-01-19T15:56:29.572501 #4] DEBUG -- : [f1d48710-bc20-4d2c-ad3e-814c9271c556]    (1.6ms)  COMMIT
2017-01-19T15:56:29.573027+00:00 app[web.1]: I, [2017-01-19T15:56:29.572979 #4]  INFO -- : [f1d48710-bc20-4d2c-ad3e-814c9271c556] Redirected to https://rp.certification.openid.net:8080/nov-rp-certified/rp-id_token-issuer-mismatch/authorization?client_id=9ZX6BJqGaBvo&nonce=3820c5890811bdda599bd34b1d1ec21f&redirect_uri=https%3A%2F%2Fconnect-rp-certified.herokuapp.com%2Ftest_case_callbacks%2Frp-id_token-issuer-mismatch&response_type=code&scope=profile+email+address+phone+openid&state=8f777676561a781f067e4c2f303205eb
2017-01-19T15:56:29.573201+00:00 app[web.1]: I, [2017-01-19T15:56:29.573145 #4]  INFO -- : [f1d48710-bc20-4d2c-ad3e-814c9271c556] Completed 302 Found in 121ms (ActiveRecord: 5.2ms)
2017-01-19T15:56:30.533032+00:00 app[web.1]: I, [2017-01-19T15:56:30.532948 #4]  INFO -- : [58150c94-37f4-4314-a5ff-3a4c2f67b9a7] Started GET "/test_case_callbacks/rp-id_token-issuer-mismatch?client_id=9ZX6BJqGaBvo&iss=https%3A%2F%2Frp.certification.openid.net%3A8080%2Fnov-rp-certified%2Frp-id_token-issuer-mismatch&scope=profile+email+address+phone+openid&code=fkKkt6z7AvJszCXzZy0ETBRRuk73WOXGd4xh%2FN1VN2SFePLkeNsNJZlmP7YLeOf78IwyFqKsR2t1fFjYVfes%2BEYz3jlodAJyNk8PZ1f0fHg2PAb2D39DbSouuQS7hGGmSAJ%2FHjuD502UPT4guBhlFg%3D%3D&state=8f777676561a781f067e4c2f303205eb" for 122.210.153.65 at 2017-01-19 15:56:30 +0000
2017-01-19T15:56:30.533895+00:00 app[web.1]: I, [2017-01-19T15:56:30.533837 #4]  INFO -- : [58150c94-37f4-4314-a5ff-3a4c2f67b9a7] Processing by TestCaseCallbacksController#show as HTML
2017-01-19T15:56:30.533965+00:00 app[web.1]: I, [2017-01-19T15:56:30.533910 #4]  INFO -- : [58150c94-37f4-4314-a5ff-3a4c2f67b9a7]   Parameters: {"client_id"=>"9ZX6BJqGaBvo", "iss"=>"https://rp.certification.openid.net:8080/nov-rp-certified/rp-id_token-issuer-mismatch", "scope"=>"profile email address phone openid", "code"=>"fkKkt6z7AvJszCXzZy0ETBRRuk73WOXGd4xh/N1VN2SFePLkeNsNJZlmP7YLeOf78IwyFqKsR2t1fFjYVfes+EYz3jlodAJyNk8PZ1f0fHg2PAb2D39DbSouuQS7hGGmSAJ/HjuD502UPT4guBhlFg==", "state"=>"8f777676561a781f067e4c2f303205eb", "id"=>"rp-id_token-issuer-mismatch"}
2017-01-19T15:56:30.536735+00:00 app[web.1]: D, [2017-01-19T15:56:30.536671 #4] DEBUG -- : [58150c94-37f4-4314-a5ff-3a4c2f67b9a7]   TestCase Load (0.7ms)  SELECT  "test_cases".* FROM "test_cases" WHERE "test_cases"."identifier" = $1 LIMIT $2  [["identifier", "rp-id_token-issuer-mismatch"], ["LIMIT", 1]]
2017-01-19T15:56:30.540789+00:00 app[web.1]: D, [2017-01-19T15:56:30.540725 #4] DEBUG -- : [58150c94-37f4-4314-a5ff-3a4c2f67b9a7]   Client Load (1.2ms)  SELECT  "clients".* FROM "clients" WHERE "clients"."test_case_id" = $1 AND "clients"."identifier" = $2 LIMIT $3  [["test_case_id", 13], ["identifier", "9ZX6BJqGaBvo"], ["LIMIT", 1]]
2017-01-19T15:56:30.541747+00:00 app[web.1]: I, [2017-01-19T15:56:30.541691 #4]  INFO -- : [58150c94-37f4-4314-a5ff-3a4c2f67b9a7] ======= [SWD] HTTP REQUEST STARTED =======
2017-01-19T15:56:30.541749+00:00 app[web.1]: GET /nov-rp-certified/rp-id_token-issuer-mismatch/.well-known/openid-configuration HTTP/1.1
2017-01-19T15:56:30.541750+00:00 app[web.1]: Host: rp.certification.openid.net:8080
2017-01-19T15:56:30.541750+00:00 app[web.1]:
2017-01-19T15:56:30.541751+00:00 app[web.1]:
2017-01-19T15:56:30.566909+00:00 app[web.1]: I, [2017-01-19T15:56:30.566831 #4]  INFO -- : [58150c94-37f4-4314-a5ff-3a4c2f67b9a7] --------------------------------------------------
2017-01-19T15:56:30.566910+00:00 app[web.1]: Status: 200 OK
2017-01-19T15:56:30.566912+00:00 app[web.1]: Cache-Control: no-store
2017-01-19T15:56:30.566912+00:00 app[web.1]: x-ffo: bar
2017-01-19T15:56:30.566913+00:00 app[web.1]: Content-type: application/json
2017-01-19T15:56:30.566913+00:00 app[web.1]: Access-Control-Allow-Origin: *
2017-01-19T15:56:30.566914+00:00 app[web.1]: Access-Control-Allow-Methods: GET
2017-01-19T15:56:30.566915+00:00 app[web.1]: Access-Control-Allow-Headers: Authorization
2017-01-19T15:56:30.566915+00:00 app[web.1]: Transfer-Encoding: chunked
2017-01-19T15:56:30.566918+00:00 app[web.1]: Date: Thu, 19 Jan 2017 15:56:30 GMT
2017-01-19T15:56:30.566919+00:00 app[web.1]: Server: openid-www2
2017-01-19T15:56:30.566919+00:00 app[web.1]: Content-Length: 0
2017-01-19T15:56:30.566920+00:00 app[web.1]:
2017-01-19T15:56:30.566926+00:00 app[web.1]: {"request_parameter_supported": true, "require_request_uri_registration": true, "response_types_supported": ["code", "id_token", "id_token token", "code id_token", "code token", "code id_token token"], "id_token_signing_alg_values_supported": ["RS256", "RS384", "RS512", "ES256", "ES384", "ES512", "HS256", "HS384", "HS512", "PS256", "PS384", "PS512", "none"], "token_endpoint_auth_methods_supported": ["client_secret_post", "client_secret_basic", "client_secret_jwt", "private_key_jwt"], "request_object_encryption_enc_values_supported": ["A128CBC-HS256", "A192CBC-HS384", "A256CBC-HS512", "A128GCM", "A192GCM", "A256GCM"], "response_modes_supported": ["query", "fragment", "form_post"], "jwks_uri": "https://rp.certification.openid.net:8080/static/jwks_LfBbp6DOsxSSRInZ.json", "userinfo_endpoint": "https://rp.certification.openid.net:8080/nov-rp-certified/rp-id_token-issuer-mismatch/userinfo", "request_object_signing_alg_values_supported": ["RS256", "RS384", "RS512", "ES256", "ES384", "ES512", "HS256", "HS384", "HS512", "PS256", "PS384", "PS512", "none"], "userinfo_encryption_enc_values_supported": ["A128CBC-HS256", "A192CBC-HS384", "A256CBC-HS512", "A128GCM", "A192GCM", "A256GCM"], "token_endpoint": "https://rp.certification.openid.net:8080/nov-rp-certified/rp-id_token-issuer-mismatch/token", "userinfo_encryption_alg_values_supported": ["RSA1_5", "RSA-OAEP", "A128KW", "A192KW", "A256KW", "ECDH-ES", "ECDH-ES+A128KW", "ECDH-ES+A192KW", "ECDH-ES+A256KW"], "claim_types_supported": ["normal", "aggregated", "distributed"], "id_token_encryption_alg_values_supported": ["RSA1_5", "RSA-OAEP", "A128KW", "A192KW", "A256KW", "ECDH-ES", "ECDH-ES+A128KW", "ECDH-ES+A192KW", "ECDH-ES+A256KW"], "userinfo_signing_alg_values_supported": ["RS256", "RS384", "RS512", "ES256", "ES384", "ES512", "HS256", "HS384", "HS512", "PS256", "PS384", "PS512", "none"], "claims_supported": ["updated_at", "name", "nickname", "sub", "middle_name", "locale", "phone_number_verified", "family_name", "email_verified", "website", "address", "zoneinfo", "email", "given_name", "birthdate", "preferred_username", "profile", "phone_number", "picture", "gender"], "version": "3.0", "claims_parameter_supported": true, "grant_types_supported": ["authorization_code", "implicit", "urn:ietf:params:oauth:grant-type:jwt-bearer"], "request_uri_parameter_supported": true, "subject_types_supported": ["public", "pairwise"], "scopes_supported": ["phone", "email", "offline_access", "openid", "profile", "address", "openid"], "request_object_encryption_alg_values_supported": ["RSA1_5", "RSA-OAEP", "A128KW", "A192KW", "A256KW", "ECDH-ES", "ECDH-ES+A128KW", "ECDH-ES+A192KW", "ECDH-ES+A256KW"], "end_session_endpoint": "https://rp.certification.openid.net:8080/nov-rp-certified/rp-id_token-issuer-mismatch/end_session", "registration_endpoint": "https://rp.certification.openid.net:8080/nov-rp-certified/rp-id_token-issuer-mismatch/registration", "id_token_encryption_enc_values_supported": ["A128CBC-HS256", "A192CBC-HS384", "A256CBC-HS512", "A128GCM", "A192GCM", "A256GCM"], "token_endpoint_auth_signing_alg_values_supported": ["RS256", "RS384", "RS512", "ES256", "ES384", "ES512", "HS256", "HS384", "HS512", "PS256", "PS384", "PS512"], "issuer": "https://rp.certification.openid.net:8080/nov-rp-certified/rp-id_token-issuer-mismatch", "authorization_endpoint": "https://rp.certification.openid.net:8080/nov-rp-certified/rp-id_token-issuer-mismatch/authorization", "acr_values_supported": ["PASSWORD"]}
2017-01-19T15:56:30.566926+00:00 app[web.1]: ======= [SWD] HTTP REQUEST FINISHED =======
2017-01-19T15:56:30.568613+00:00 app[web.1]: I, [2017-01-19T15:56:30.568536 #4]  INFO -- : [58150c94-37f4-4314-a5ff-3a4c2f67b9a7] ======= [Rack::OAuth2] HTTP REQUEST STARTED =======
2017-01-19T15:56:30.568618+00:00 app[web.1]: I, [2017-01-19T15:56:30.568588 #4]  INFO -- : [58150c94-37f4-4314-a5ff-3a4c2f67b9a7] POST /nov-rp-certified/rp-id_token-issuer-mismatch/token HTTP/1.1
2017-01-19T15:56:30.568619+00:00 app[web.1]: Authorization: Basic OVpYNkJKcUdhQnZvOjRkZTE2ZjI4YWQyN2Q0OWM1Y2UyMDhjOThiZGQ5NTA3YTY1NGJjYjNhMDY1NTg4MzUwNTNhZDhk
2017-01-19T15:56:30.568620+00:00 app[web.1]: Content-Type: application/x-www-form-urlencoded
2017-01-19T15:56:30.568620+00:00 app[web.1]: Content-Length: 311
2017-01-19T15:56:30.568621+00:00 app[web.1]: Host: rp.certification.openid.net:8080
2017-01-19T15:56:30.568622+00:00 app[web.1]:
2017-01-19T15:56:30.568623+00:00 app[web.1]: grant_type=authorization_code&code=fkKkt6z7AvJszCXzZy0ETBRRuk73WOXGd4xh%2FN1VN2SFePLkeNsNJZlmP7YLeOf78IwyFqKsR2t1fFjYVfes%2BEYz3jlodAJyNk8PZ1f0fHg2PAb2D39DbSouuQS7hGGmSAJ%2FHjuD502UPT4guBhlFg%3D%3D&redirect_uri=https%3A%2F%2Fconnect-rp-certified.herokuapp.com%2Ftest_case_callbacks%2Frp-id_token-issuer-mismatch
2017-01-19T15:56:30.601719+00:00 app[web.1]: I, [2017-01-19T15:56:30.601622 #4]  INFO -- : [58150c94-37f4-4314-a5ff-3a4c2f67b9a7] --------------------------------------------------
2017-01-19T15:56:30.601792+00:00 app[web.1]: I, [2017-01-19T15:56:30.601707 #4]  INFO -- : [58150c94-37f4-4314-a5ff-3a4c2f67b9a7] Status: 200 OK
2017-01-19T15:56:30.601794+00:00 app[web.1]: Content-type: application/json
2017-01-19T15:56:30.601794+00:00 app[web.1]: Access-Control-Allow-Origin: *
2017-01-19T15:56:30.601795+00:00 app[web.1]: Access-Control-Allow-Methods: GET
2017-01-19T15:56:30.601796+00:00 app[web.1]: Access-Control-Allow-Headers: Authorization
2017-01-19T15:56:30.601796+00:00 app[web.1]: Transfer-Encoding: chunked
2017-01-19T15:56:30.601797+00:00 app[web.1]: Date: Thu, 19 Jan 2017 15:56:30 GMT
2017-01-19T15:56:30.601798+00:00 app[web.1]: Server: openid-www2
2017-01-19T15:56:30.601799+00:00 app[web.1]: Content-Length: 0
2017-01-19T15:56:30.601799+00:00 app[web.1]:
2017-01-19T15:56:30.601803+00:00 app[web.1]: {"token_type": "Bearer", "scope": "profile email address phone openid", "access_token": "QHUaMkJK+mz4IukrN9mX/aV0O9UJvIuQi6FJ/a7hb/2dhtHbIMuWsa7VMR5MS/oBp3joJgfKMSmNVjKTEjBcMALZNRK7HX63bYCYPu3fVRrIjO86xIv9GXQtZzkMmGOvffWn23KeALbn/noS0YO+yQ==", "state": "8f777676561a781f067e4c2f303205eb", "id_token": "eyJhbGciOiJSUzI1NiIsImtpZCI6ImJfRGxmVk5CbWdHSFViekxmYzNKa1I5SUpJTmNZZ2NRN01yZ0hmUkxhcDAifQ.eyJpc3MiOiAiaHR0cHM6Ly9leGFtcGxlLm9yZy8iLCAiaWF0IjogMTQ4NDg0MTM5MCwgIm5vbmNlIjogIjM4MjBjNTg5MDgxMWJkZGE1OTliZDM0YjFkMWVjMjFmIiwgInN1YiI6ICIxYjJmYzkzNDFhMTZhZTRlMzAwODI5NjVkNTM3YWU0N2MyMWEwZjI3ZmQ0M2VhYjc4MzMwZWQ4MTc1MWFlNmRiIiwgImFjciI6ICJQQVNTV09SRCIsICJhdWQiOiBbIjlaWDZCSnFHYUJ2byJdLCAiZXhwIjogMTQ4NDkyNzc5MCwgImF1dGhfdGltZSI6IDE0ODQ4NDEzOTB9.nxH3TJ81SpvW0Elfv8X5mSVcyCrvp-AhhPkCXPG7G1diWnl8xYKu7YyRPgw2HZBq7Pvp_PmMKLteT-EyX9I2rjAgpWO4NJTlYXqmcPxjsCP6vl2LJUthpWYvpnQLt1nF9_FpTRXK-6j-aX4XOrFwN808mjOMi5K3WGphhtKUVmsyY2wp1xXcgosWWO8UxKmzg1aFbQeCNgvtHlplj6vnTQQdXt3rYf9B5hMQysW5csZ0nyDH5fxTWaIEFVDePycUW2OUafOpCOil_eWY-_O4ck0v0mx3x4oAUfXz0QjbgppmtMdy1C3KUcHplLwg4NMCb_GAg4Muv1jwIaZmZh2u7w"}
2017-01-19T15:56:30.602416+00:00 app[web.1]: I, [2017-01-19T15:56:30.601797 #4]  INFO -- : [58150c94-37f4-4314-a5ff-3a4c2f67b9a7] ======= [Rack::OAuth2] HTTP REQUEST FINISHED =======
2017-01-19T15:56:30.602689+00:00 app[web.1]: I, [2017-01-19T15:56:30.602638 #4]  INFO -- : [58150c94-37f4-4314-a5ff-3a4c2f67b9a7] ======= [OpenIDConnect] HTTP REQUEST STARTED =======
2017-01-19T15:56:30.602726+00:00 app[web.1]: I, [2017-01-19T15:56:30.602688 #4]  INFO -- : [58150c94-37f4-4314-a5ff-3a4c2f67b9a7] GET /static/jwks_LfBbp6DOsxSSRInZ.json HTTP/1.1
2017-01-19T15:56:30.602727+00:00 app[web.1]: Host: rp.certification.openid.net:8080
2017-01-19T15:56:30.602727+00:00 app[web.1]:
2017-01-19T15:56:30.602728+00:00 app[web.1]:
2017-01-19T15:56:30.624938+00:00 app[web.1]: I, [2017-01-19T15:56:30.624861 #4]  INFO -- : [58150c94-37f4-4314-a5ff-3a4c2f67b9a7] --------------------------------------------------
2017-01-19T15:56:30.624976+00:00 app[web.1]: I, [2017-01-19T15:56:30.624926 #4]  INFO -- : [58150c94-37f4-4314-a5ff-3a4c2f67b9a7] Status: 200 OK
2017-01-19T15:56:30.624977+00:00 app[web.1]: Content-type: text/html
2017-01-19T15:56:30.624978+00:00 app[web.1]: Access-Control-Allow-Origin: *
2017-01-19T15:56:30.624978+00:00 app[web.1]: Access-Control-Allow-Methods: GET
2017-01-19T15:56:30.624979+00:00 app[web.1]: Access-Control-Allow-Headers: Authorization
2017-01-19T15:56:30.624979+00:00 app[web.1]: Transfer-Encoding: chunked
2017-01-19T15:56:30.624979+00:00 app[web.1]: Date: Thu, 19 Jan 2017 15:56:30 GMT
2017-01-19T15:56:30.624980+00:00 app[web.1]: Server: openid-www2
2017-01-19T15:56:30.624980+00:00 app[web.1]: Content-Length: 0
2017-01-19T15:56:30.624981+00:00 app[web.1]:
2017-01-19T15:56:30.624982+00:00 app[web.1]: {"keys": [{"kty": "RSA", "e": "AQAB", "n": "qAEO5HN-iXYser8joW8u2Uhegg0egZ0Y1bk_WNt4NKrQJbMdf5o7Kl6eRIQ9oQfR5e7b6oUSwHtngNd3o1KZHKzyxPYp72i9HCKKxZPvnC7_1xNhBvqR3cjSogPDhBxtiho2vtgPxmhQOjtjV3yS-Ik8twPUSwfY1GxLZjeXeIXCLrd-3hFKgeoOcwENvaolTTUf9CxIfpKk0s95B1V8mLFvjVqT7ftn84VQdf88kwBTEIThRlM9Ot00NoNgbitmf95xj8sMera-ZT2zBElBnlMFiLN_bHuADQROimy-iGfhqpH3d_tWaAtXZFCJ7OY6CDPVQZ9fKSjmLeeDOyFR_Q", "kid": "48Afw-zz40sUw6Uj8ZCsfqnm0q9Bq3bK9yYcozi50Zw", "use": "enc"}, {"kty": "RSA", "e": "AQAB", "n": "tR3l3Oc1_sNfRbHp_BIjh52bL8o4-S21GlRAhRb0vSdnfIFWJKM6SRPtZh96ShDdWja-lZC7f2rqK1iNVsEi5FYcRcEUN5-wcZimoee7jo_DzFozRhqu2x57Y2YGE-b1GhgyM6PjLd8NMoU60eQ7SHACuJj_2ewtK-ffNuxCnyK9O_TMq-vi4OUousQXDJxaOrHnVYZvxGBtwgM-oGWF2o0VOAS9A8RRT-1SpIwcnNRrg_hUtCh3W-epzb_Hm5fBsA6YBmTc2cHIqDwq0ue8T3WM7NKX7Wg-FcZFV4IJOzkJ8KYDbTqDBjiiygYUVKTQl4WdIm9ova-Fblo8iceiOw", "kid": "b_DlfVNBmgGHUbzLfc3JkR9IJINcYgcQ7MrgHfRLap0", "use": "sig"}, {"y": "ZV-Qv-l0W4x6bRtZpY9nbtfB16IsbZgD_s1Ij0tzzqw", "x": "gbXzgi85BLLirjFbjdYU4xqvodAKOnPThlXE1I0h_q4", "kty": "EC", "crv": "P-256", "kid": "CzHDxT2OrV2yblaTU_M1T-FfYbLIlsyvSNJORAycY_Q", "use": "sig"}, {"y": "iq4cg4edBnFiCRQ8dtSPLpq76h7mO1Z3imKAwPYToQ", "x": "eS0QXtIGq1ri29CtaSa5PD8PBkGL3domM70f3YO-vaU", "kty": "EC", "crv": "P-256", "kid": "jctMt0kDRN2mxEszSTvfw1DqpESssVWnZo24vQQMjDc", "use": "enc"}]}
2017-01-19T15:56:30.625045+00:00 app[web.1]: I, [2017-01-19T15:56:30.624989 #4]  INFO -- : [58150c94-37f4-4314-a5ff-3a4c2f67b9a7] ======= [OpenIDConnect] HTTP REQUEST FINISHED =======
2017-01-19T15:56:30.625858+00:00 app[web.1]: I, [2017-01-19T15:56:30.625805 #4]  INFO -- : [58150c94-37f4-4314-a5ff-3a4c2f67b9a7] # ERROR => Invalid ID Token (OpenIDConnect::ResponseObject::IdToken::InvalidToken)
2017-01-19T15:56:30.625859+00:00 app[web.1]:
2017-01-19T15:56:30.626273+00:00 app[web.1]: I, [2017-01-19T15:56:30.626223 #4]  INFO -- : [58150c94-37f4-4314-a5ff-3a4c2f67b9a7]   Rendering protocol_error.html.erb within layouts/popup
2017-01-19T15:56:30.626482+00:00 app[web.1]: I, [2017-01-19T15:56:30.626430 #4]  INFO -- : [58150c94-37f4-4314-a5ff-3a4c2f67b9a7]   Rendered protocol_error.html.erb within layouts/popup (0.1ms)
2017-01-19T15:56:30.627514+00:00 app[web.1]: I, [2017-01-19T15:56:30.627463 #4]  INFO -- : [58150c94-37f4-4314-a5ff-3a4c2f67b9a7]   Rendered layouts/_wrapper.html.erb (0.7ms)
2017-01-19T15:56:30.627764+00:00 app[web.1]: I, [2017-01-19T15:56:30.627695 #4]  INFO -- : [58150c94-37f4-4314-a5ff-3a4c2f67b9a7] Completed 200 OK in 94ms (Views: 1.7ms | ActiveRecord: 2.0ms)
2017-01-19T15:56:30.624344+00:00 heroku[router]: at=info method=GET path="/test_case_callbacks/rp-id_token-issuer-mismatch?client_id=9ZX6BJqGaBvo&iss=https%3A%2F%2Frp.certification.openid.net%3A8080%2Fnov-rp-certified%2Frp-id_token-issuer-mismatch&scope=profile+email+address+phone+openid&code=fkKkt6z7AvJszCXzZy0ETBRRuk73WOXGd4xh%2FN1VN2SFePLkeNsNJZlmP7YLeOf78IwyFqKsR2t1fFjYVfes%2BEYz3jlodAJyNk8PZ1f0fHg2PAb2D39DbSouuQS7hGGmSAJ%2FHjuD502UPT4guBhlFg%3D%3D&state=8f777676561a781f067e4c2f303205eb" host=connect-rp-certified.herokuapp.com request_id=58150c94-37f4-4314-a5ff-3a4c2f67b9a7 fwd="122.210.153.65" dyno=web.1 connect=1ms service=98ms status=200 bytes=2809