2017-01-19T15:52:48.685518+00:00 app[web.1]: I, [2017-01-19T15:52:48.685405 #4]  INFO -- : [0714ea96-5370-4a9d-a9fe-eb788e7f1e68] Started GET "/test_cases/rp-nonce-invalid" for 122.210.153.65 at 2017-01-19 15:52:48 +0000
2017-01-19T15:52:48.688759+00:00 app[web.1]: I, [2017-01-19T15:52:48.688623 #4]  INFO -- : [0714ea96-5370-4a9d-a9fe-eb788e7f1e68] Processing by TestCasesController#show as HTML
2017-01-19T15:52:48.688892+00:00 app[web.1]: I, [2017-01-19T15:52:48.688824 #4]  INFO -- : [0714ea96-5370-4a9d-a9fe-eb788e7f1e68]   Parameters: {"id"=>"rp-nonce-invalid"}
2017-01-19T15:52:48.692900+00:00 app[web.1]: D, [2017-01-19T15:52:48.692819 #4] DEBUG -- : [0714ea96-5370-4a9d-a9fe-eb788e7f1e68]   TestCase Load (1.1ms)  SELECT  "test_cases".* FROM "test_cases" WHERE "test_cases"."identifier" = $1 LIMIT $2  [["identifier", "rp-nonce-invalid"], ["LIMIT", 1]]
2017-01-19T15:52:48.694804+00:00 app[web.1]: I, [2017-01-19T15:52:48.694745 #4]  INFO -- : [0714ea96-5370-4a9d-a9fe-eb788e7f1e68] ======= [SWD] HTTP REQUEST STARTED =======
2017-01-19T15:52:48.694807+00:00 app[web.1]: GET /nov-rp-certified/rp-nonce-invalid/.well-known/openid-configuration HTTP/1.1
2017-01-19T15:52:48.694808+00:00 app[web.1]: Host: rp.certification.openid.net:8080
2017-01-19T15:52:48.694809+00:00 app[web.1]:
2017-01-19T15:52:48.694809+00:00 app[web.1]:
2017-01-19T15:52:48.723981+00:00 app[web.1]: I, [2017-01-19T15:52:48.723853 #4]  INFO -- : [0714ea96-5370-4a9d-a9fe-eb788e7f1e68] --------------------------------------------------
2017-01-19T15:52:48.723983+00:00 app[web.1]: Status: 200 OK
2017-01-19T15:52:48.723984+00:00 app[web.1]: Cache-Control: no-store
2017-01-19T15:52:48.723985+00:00 app[web.1]: x-ffo: bar
2017-01-19T15:52:48.723985+00:00 app[web.1]: Content-type: application/json
2017-01-19T15:52:48.723986+00:00 app[web.1]: Access-Control-Allow-Origin: *
2017-01-19T15:52:48.723987+00:00 app[web.1]: Access-Control-Allow-Methods: GET
2017-01-19T15:52:48.723987+00:00 app[web.1]: Access-Control-Allow-Headers: Authorization
2017-01-19T15:52:48.723988+00:00 app[web.1]: Transfer-Encoding: chunked
2017-01-19T15:52:48.723989+00:00 app[web.1]: Date: Thu, 19 Jan 2017 15:52:48 GMT
2017-01-19T15:52:48.723989+00:00 app[web.1]: Server: openid-www2
2017-01-19T15:52:48.723990+00:00 app[web.1]: Content-Length: 0
2017-01-19T15:52:48.723991+00:00 app[web.1]:
2017-01-19T15:52:48.723995+00:00 app[web.1]: {"request_parameter_supported": true, "require_request_uri_registration": true, "response_types_supported": ["code", "id_token", "id_token token", "code id_token", "code token", "code id_token token"], "id_token_signing_alg_values_supported": ["RS256", "RS384", "RS512", "ES256", "ES384", "ES512", "HS256", "HS384", "HS512", "PS256", "PS384", "PS512", "none"], "token_endpoint_auth_methods_supported": ["client_secret_post", "client_secret_basic", "client_secret_jwt", "private_key_jwt"], "request_object_encryption_enc_values_supported": ["A128CBC-HS256", "A192CBC-HS384", "A256CBC-HS512", "A128GCM", "A192GCM", "A256GCM"], "response_modes_supported": ["query", "fragment", "form_post"], "jwks_uri": "https://rp.certification.openid.net:8080/static/jwks_OYXJUcNpv4t5GyWS.json", "userinfo_endpoint": "https://rp.certification.openid.net:8080/nov-rp-certified/rp-nonce-invalid/userinfo", "request_object_signing_alg_values_supported": ["RS256", "RS384", "RS512", "ES256", "ES384", "ES512", "HS256", "HS384", "HS512", "PS256", "PS384", "PS512", "none"], "userinfo_encryption_enc_values_supported": ["A128CBC-HS256", "A192CBC-HS384", "A256CBC-HS512", "A128GCM", "A192GCM", "A256GCM"], "token_endpoint": "https://rp.certification.openid.net:8080/nov-rp-certified/rp-nonce-invalid/token", "userinfo_encryption_alg_values_supported": ["RSA1_5", "RSA-OAEP", "A128KW", "A192KW", "A256KW", "ECDH-ES", "ECDH-ES+A128KW", "ECDH-ES+A192KW", "ECDH-ES+A256KW"], "claim_types_supported": ["normal", "aggregated", "distributed"], "id_token_encryption_alg_values_supported": ["RSA1_5", "RSA-OAEP", "A128KW", "A192KW", "A256KW", "ECDH-ES", "ECDH-ES+A128KW", "ECDH-ES+A192KW", "ECDH-ES+A256KW"], "userinfo_signing_alg_values_supported": ["RS256", "RS384", "RS512", "ES256", "ES384", "ES512", "HS256", "HS384", "HS512", "PS256", "PS384", "PS512", "none"], "claims_supported": ["updated_at", "name", "nickname", "sub", "middle_name", "locale", "phone_number_verified", "family_name", "email_verified", "website", "address", "zoneinfo", "email", "given_name", "birthdate", "preferred_username", "profile", "phone_number", "picture", "gender"], "version": "3.0", "claims_parameter_supported": true, "grant_types_supported": ["authorization_code", "implicit", "urn:ietf:params:oauth:grant-type:jwt-bearer"], "request_uri_parameter_supported": true, "subject_types_supported": ["public", "pairwise"], "scopes_supported": ["phone", "email", "offline_access", "openid", "profile", "address", "openid"], "request_object_encryption_alg_values_supported": ["RSA1_5", "RSA-OAEP", "A128KW", "A192KW", "A256KW", "ECDH-ES", "ECDH-ES+A128KW", "ECDH-ES+A192KW", "ECDH-ES+A256KW"], "end_session_endpoint": "https://rp.certification.openid.net:8080/nov-rp-certified/rp-nonce-invalid/end_session", "registration_endpoint": "https://rp.certification.openid.net:8080/nov-rp-certified/rp-nonce-invalid/registration", "id_token_encryption_enc_values_supported": ["A128CBC-HS256", "A192CBC-HS384", "A256CBC-HS512", "A128GCM", "A192GCM", "A256GCM"], "token_endpoint_auth_signing_alg_values_supported": ["RS256", "RS384", "RS512", "ES256", "ES384", "ES512", "HS256", "HS384", "HS512", "PS256", "PS384", "PS512"], "issuer": "https://rp.certification.openid.net:8080/nov-rp-certified/rp-nonce-invalid", "authorization_endpoint": "https://rp.certification.openid.net:8080/nov-rp-certified/rp-nonce-invalid/authorization", "acr_values_supported": ["PASSWORD"]}
2017-01-19T15:52:48.723996+00:00 app[web.1]: ======= [SWD] HTTP REQUEST FINISHED =======
2017-01-19T15:52:48.726352+00:00 app[web.1]: I, [2017-01-19T15:52:48.726284 #4]  INFO -- : [0714ea96-5370-4a9d-a9fe-eb788e7f1e68] ======= [OpenIDConnect] HTTP REQUEST STARTED =======
2017-01-19T15:52:48.726403+00:00 app[web.1]: I, [2017-01-19T15:52:48.726350 #4]  INFO -- : [0714ea96-5370-4a9d-a9fe-eb788e7f1e68] POST /nov-rp-certified/rp-nonce-invalid/registration HTTP/1.1
2017-01-19T15:52:48.726404+00:00 app[web.1]: Content-Type: application/json
2017-01-19T15:52:48.726404+00:00 app[web.1]: Content-Length: 168
2017-01-19T15:52:48.726405+00:00 app[web.1]: Host: rp.certification.openid.net:8080
2017-01-19T15:52:48.726405+00:00 app[web.1]:
2017-01-19T15:52:48.726406+00:00 app[web.1]: {"application_type":"web","client_name":"NOV RP - rp-nonce-invalid","redirect_uris":["https://connect-rp-certified.herokuapp.com/test_case_callbacks/rp-nonce-invalid"]}
2017-01-19T15:52:48.751771+00:00 app[web.1]: I, [2017-01-19T15:52:48.751687 #4]  INFO -- : [0714ea96-5370-4a9d-a9fe-eb788e7f1e68] --------------------------------------------------
2017-01-19T15:52:48.751823+00:00 app[web.1]: I, [2017-01-19T15:52:48.751761 #4]  INFO -- : [0714ea96-5370-4a9d-a9fe-eb788e7f1e68] Status: 201 Created
2017-01-19T15:52:48.751824+00:00 app[web.1]: Cache-Control: no-store
2017-01-19T15:52:48.751824+00:00 app[web.1]: Content-type: application/json
2017-01-19T15:52:48.751825+00:00 app[web.1]: Access-Control-Allow-Origin: *
2017-01-19T15:52:48.751825+00:00 app[web.1]: Access-Control-Allow-Methods: GET
2017-01-19T15:52:48.751826+00:00 app[web.1]: Access-Control-Allow-Headers: Authorization
2017-01-19T15:52:48.751826+00:00 app[web.1]: Transfer-Encoding: chunked
2017-01-19T15:52:48.751827+00:00 app[web.1]: Date: Thu, 19 Jan 2017 15:52:48 GMT
2017-01-19T15:52:48.751827+00:00 app[web.1]: Server: openid-www2
2017-01-19T15:52:48.751827+00:00 app[web.1]: Content-Length: 0
2017-01-19T15:52:48.751828+00:00 app[web.1]:
2017-01-19T15:52:48.751830+00:00 app[web.1]: {"client_id": "4tH7OAuHnj1r", "client_secret": "037c8dca5b26ffafe337d60fed90ad7c9d06124b1170bf848f3b74e8", "response_types": ["code"], "client_name": "NOV RP - rp-nonce-invalid", "application_type": "web", "registration_client_uri": "https://rp.certification.openid.net:8080/nov-rp-certified/registration?client_id=4tH7OAuHnj1r", "registration_access_token": "KAddsoHZH5hiUB7RLfRgoomXIVa3mLtd", "redirect_uris": ["https://connect-rp-certified.herokuapp.com/test_case_callbacks/rp-nonce-invalid"], "client_id_issued_at": 1484841168, "client_secret_expires_at": 1484927568}
2017-01-19T15:52:48.751864+00:00 app[web.1]: I, [2017-01-19T15:52:48.751823 #4]  INFO -- : [0714ea96-5370-4a9d-a9fe-eb788e7f1e68] ======= [OpenIDConnect] HTTP REQUEST FINISHED =======
2017-01-19T15:52:48.753927+00:00 app[web.1]: D, [2017-01-19T15:52:48.753848 #4] DEBUG -- : [0714ea96-5370-4a9d-a9fe-eb788e7f1e68]    (0.7ms)  BEGIN
2017-01-19T15:52:48.759090+00:00 app[web.1]: D, [2017-01-19T15:52:48.759014 #4] DEBUG -- : [0714ea96-5370-4a9d-a9fe-eb788e7f1e68]   Client Exists (0.9ms)  SELECT  1 AS one FROM "clients" WHERE "clients"."identifier" = $1 LIMIT $2  [["identifier", "4tH7OAuHnj1r"], ["LIMIT", 1]]
2017-01-19T15:52:48.761061+00:00 app[web.1]: D, [2017-01-19T15:52:48.761001 #4] DEBUG -- : [0714ea96-5370-4a9d-a9fe-eb788e7f1e68]   SQL (1.0ms)  INSERT INTO "clients" ("test_case_id", "identifier", "secret", "created_at", "updated_at") VALUES ($1, $2, $3, $4, $5) RETURNING "id"  [["test_case_id", 6], ["identifier", "4tH7OAuHnj1r"], ["secret", "037c8dca5b26ffafe337d60fed90ad7c9d06124b1170bf848f3b74e8"], ["created_at", 2017-01-19 15:52:48 UTC], ["updated_at", 2017-01-19 15:52:48 UTC]]
2017-01-19T15:52:48.763043+00:00 app[web.1]: D, [2017-01-19T15:52:48.762978 #4] DEBUG -- : [0714ea96-5370-4a9d-a9fe-eb788e7f1e68]    (1.7ms)  COMMIT
2017-01-19T15:52:48.763546+00:00 app[web.1]: I, [2017-01-19T15:52:48.763492 #4]  INFO -- : [0714ea96-5370-4a9d-a9fe-eb788e7f1e68] Redirected to https://rp.certification.openid.net:8080/nov-rp-certified/rp-nonce-invalid/authorization?client_id=4tH7OAuHnj1r&nonce=a52cd63fd94255b5fbebf94d6e2f6ca0&redirect_uri=https%3A%2F%2Fconnect-rp-certified.herokuapp.com%2Ftest_case_callbacks%2Frp-nonce-invalid&response_type=code&scope=profile+email+address+phone+openid&state=928bd27e0d419df42daa7e027eeefbaf
2017-01-19T15:52:48.763711+00:00 app[web.1]: I, [2017-01-19T15:52:48.763657 #4]  INFO -- : [0714ea96-5370-4a9d-a9fe-eb788e7f1e68] Completed 302 Found in 75ms (ActiveRecord: 5.4ms)
2017-01-19T15:52:49.663889+00:00 app[web.1]: I, [2017-01-19T15:52:49.663803 #4]  INFO -- : [81a13b6e-7073-4946-995a-6b54993a1b07] Started GET "/test_case_callbacks/rp-nonce-invalid?client_id=4tH7OAuHnj1r&iss=https%3A%2F%2Frp.certification.openid.net%3A8080%2Fnov-rp-certified%2Frp-nonce-invalid&scope=profile+email+address+phone+openid&code=PbHV6iN6D8XOwBbQoFY17E9UFMUDNdFYJK0J18K8rxepibOVbVZ5yREH7Xju58abyOhzakc2cHNZr8GHuON6zbdQE2bxg%2B%2FyUVGJCo%2F9ocEzplT3FGCyeSr4BgSrW0D9U9HB%2F44FwASSuuxWhP4REQ%3D%3D&state=928bd27e0d419df42daa7e027eeefbaf" for 122.210.153.65 at 2017-01-19 15:52:49 +0000
2017-01-19T15:52:49.664779+00:00 app[web.1]: I, [2017-01-19T15:52:49.664700 #4]  INFO -- : [81a13b6e-7073-4946-995a-6b54993a1b07] Processing by TestCaseCallbacksController#show as HTML
2017-01-19T15:52:49.664864+00:00 app[web.1]: I, [2017-01-19T15:52:49.664808 #4]  INFO -- : [81a13b6e-7073-4946-995a-6b54993a1b07]   Parameters: {"client_id"=>"4tH7OAuHnj1r", "iss"=>"https://rp.certification.openid.net:8080/nov-rp-certified/rp-nonce-invalid", "scope"=>"profile email address phone openid", "code"=>"PbHV6iN6D8XOwBbQoFY17E9UFMUDNdFYJK0J18K8rxepibOVbVZ5yREH7Xju58abyOhzakc2cHNZr8GHuON6zbdQE2bxg+/yUVGJCo/9ocEzplT3FGCyeSr4BgSrW0D9U9HB/44FwASSuuxWhP4REQ==", "state"=>"928bd27e0d419df42daa7e027eeefbaf", "id"=>"rp-nonce-invalid"}
2017-01-19T15:52:49.667554+00:00 app[web.1]: D, [2017-01-19T15:52:49.667469 #4] DEBUG -- : [81a13b6e-7073-4946-995a-6b54993a1b07]   TestCase Load (0.7ms)  SELECT  "test_cases".* FROM "test_cases" WHERE "test_cases"."identifier" = $1 LIMIT $2  [["identifier", "rp-nonce-invalid"], ["LIMIT", 1]]
2017-01-19T15:52:49.669988+00:00 app[web.1]: D, [2017-01-19T15:52:49.669927 #4] DEBUG -- : [81a13b6e-7073-4946-995a-6b54993a1b07]   Client Load (0.9ms)  SELECT  "clients".* FROM "clients" WHERE "clients"."test_case_id" = $1 AND "clients"."identifier" = $2 LIMIT $3  [["test_case_id", 6], ["identifier", "4tH7OAuHnj1r"], ["LIMIT", 1]]
2017-01-19T15:52:49.670750+00:00 app[web.1]: I, [2017-01-19T15:52:49.670697 #4]  INFO -- : [81a13b6e-7073-4946-995a-6b54993a1b07] ======= [SWD] HTTP REQUEST STARTED =======
2017-01-19T15:52:49.670751+00:00 app[web.1]: GET /nov-rp-certified/rp-nonce-invalid/.well-known/openid-configuration HTTP/1.1
2017-01-19T15:52:49.670752+00:00 app[web.1]: Host: rp.certification.openid.net:8080
2017-01-19T15:52:49.670753+00:00 app[web.1]:
2017-01-19T15:52:49.670753+00:00 app[web.1]:
2017-01-19T15:52:49.696366+00:00 app[web.1]: I, [2017-01-19T15:52:49.696260 #4]  INFO -- : [81a13b6e-7073-4946-995a-6b54993a1b07] --------------------------------------------------
2017-01-19T15:52:49.696369+00:00 app[web.1]: Status: 200 OK
2017-01-19T15:52:49.696370+00:00 app[web.1]: Cache-Control: no-store
2017-01-19T15:52:49.696370+00:00 app[web.1]: x-ffo: bar
2017-01-19T15:52:49.696371+00:00 app[web.1]: Content-type: application/json
2017-01-19T15:52:49.696371+00:00 app[web.1]: Access-Control-Allow-Origin: *
2017-01-19T15:52:49.696372+00:00 app[web.1]: Access-Control-Allow-Methods: GET
2017-01-19T15:52:49.696373+00:00 app[web.1]: Access-Control-Allow-Headers: Authorization
2017-01-19T15:52:49.696373+00:00 app[web.1]: Transfer-Encoding: chunked
2017-01-19T15:52:49.696374+00:00 app[web.1]: Date: Thu, 19 Jan 2017 15:52:49 GMT
2017-01-19T15:52:49.696374+00:00 app[web.1]: Server: openid-www2
2017-01-19T15:52:49.696375+00:00 app[web.1]: Content-Length: 0
2017-01-19T15:52:49.696375+00:00 app[web.1]:
2017-01-19T15:52:49.696383+00:00 app[web.1]: {"request_parameter_supported": true, "require_request_uri_registration": true, "response_types_supported": ["code", "id_token", "id_token token", "code id_token", "code token", "code id_token token"], "id_token_signing_alg_values_supported": ["RS256", "RS384", "RS512", "ES256", "ES384", "ES512", "HS256", "HS384", "HS512", "PS256", "PS384", "PS512", "none"], "token_endpoint_auth_methods_supported": ["client_secret_post", "client_secret_basic", "client_secret_jwt", "private_key_jwt"], "request_object_encryption_enc_values_supported": ["A128CBC-HS256", "A192CBC-HS384", "A256CBC-HS512", "A128GCM", "A192GCM", "A256GCM"], "response_modes_supported": ["query", "fragment", "form_post"], "jwks_uri": "https://rp.certification.openid.net:8080/static/jwks_uGnVb5UC4tDPRGoB.json", "userinfo_endpoint": "https://rp.certification.openid.net:8080/nov-rp-certified/rp-nonce-invalid/userinfo", "request_object_signing_alg_values_supported": ["RS256", "RS384", "RS512", "ES256", "ES384", "ES512", "HS256", "HS384", "HS512", "PS256", "PS384", "PS512", "none"], "userinfo_encryption_enc_values_supported": ["A128CBC-HS256", "A192CBC-HS384", "A256CBC-HS512", "A128GCM", "A192GCM", "A256GCM"], "token_endpoint": "https://rp.certification.openid.net:8080/nov-rp-certified/rp-nonce-invalid/token", "userinfo_encryption_alg_values_supported": ["RSA1_5", "RSA-OAEP", "A128KW", "A192KW", "A256KW", "ECDH-ES", "ECDH-ES+A128KW", "ECDH-ES+A192KW", "ECDH-ES+A256KW"], "claim_types_supported": ["normal", "aggregated", "distributed"], "id_token_encryption_alg_values_supported": ["RSA1_5", "RSA-OAEP", "A128KW", "A192KW", "A256KW", "ECDH-ES", "ECDH-ES+A128KW", "ECDH-ES+A192KW", "ECDH-ES+A256KW"], "userinfo_signing_alg_values_supported": ["RS256", "RS384", "RS512", "ES256", "ES384", "ES512", "HS256", "HS384", "HS512", "PS256", "PS384", "PS512", "none"], "claims_supported": ["updated_at", "name", "nickname", "sub", "middle_name", "locale", "phone_number_verified", "family_name", "email_verified", "website", "address", "zoneinfo", "email", "given_name", "birthdate", "preferred_username", "profile", "phone_number", "picture", "gender"], "version": "3.0", "claims_parameter_supported": true, "grant_types_supported": ["authorization_code", "implicit", "urn:ietf:params:oauth:grant-type:jwt-bearer"], "request_uri_parameter_supported": true, "subject_types_supported": ["public", "pairwise"], "scopes_supported": ["phone", "email", "offline_access", "openid", "profile", "address", "openid"], "request_object_encryption_alg_values_supported": ["RSA1_5", "RSA-OAEP", "A128KW", "A192KW", "A256KW", "ECDH-ES", "ECDH-ES+A128KW", "ECDH-ES+A192KW", "ECDH-ES+A256KW"], "end_session_endpoint": "https://rp.certification.openid.net:8080/nov-rp-certified/rp-nonce-invalid/end_session", "registration_endpoint": "https://rp.certification.openid.net:8080/nov-rp-certified/rp-nonce-invalid/registration", "id_token_encryption_enc_values_supported": ["A128CBC-HS256", "A192CBC-HS384", "A256CBC-HS512", "A128GCM", "A192GCM", "A256GCM"], "token_endpoint_auth_signing_alg_values_supported": ["RS256", "RS384", "RS512", "ES256", "ES384", "ES512", "HS256", "HS384", "HS512", "PS256", "PS384", "PS512"], "issuer": "https://rp.certification.openid.net:8080/nov-rp-certified/rp-nonce-invalid", "authorization_endpoint": "https://rp.certification.openid.net:8080/nov-rp-certified/rp-nonce-invalid/authorization", "acr_values_supported": ["PASSWORD"]}
2017-01-19T15:52:49.696384+00:00 app[web.1]: ======= [SWD] HTTP REQUEST FINISHED =======
2017-01-19T15:52:49.698669+00:00 app[web.1]: I, [2017-01-19T15:52:49.698601 #4]  INFO -- : [81a13b6e-7073-4946-995a-6b54993a1b07] ======= [Rack::OAuth2] HTTP REQUEST STARTED =======
2017-01-19T15:52:49.698730+00:00 app[web.1]: I, [2017-01-19T15:52:49.698672 #4]  INFO -- : [81a13b6e-7073-4946-995a-6b54993a1b07] POST /nov-rp-certified/rp-nonce-invalid/token HTTP/1.1
2017-01-19T15:52:49.698731+00:00 app[web.1]: Authorization: Basic NHRIN09BdUhuajFyOjAzN2M4ZGNhNWIyNmZmYWZlMzM3ZDYwZmVkOTBhZDdjOWQwNjEyNGIxMTcwYmY4NDhmM2I3NGU4
2017-01-19T15:52:49.698731+00:00 app[web.1]: Content-Type: application/x-www-form-urlencoded
2017-01-19T15:52:49.698732+00:00 app[web.1]: Content-Length: 302
2017-01-19T15:52:49.698732+00:00 app[web.1]: Host: rp.certification.openid.net:8080
2017-01-19T15:52:49.698733+00:00 app[web.1]:
2017-01-19T15:52:49.698734+00:00 app[web.1]: grant_type=authorization_code&code=PbHV6iN6D8XOwBbQoFY17E9UFMUDNdFYJK0J18K8rxepibOVbVZ5yREH7Xju58abyOhzakc2cHNZr8GHuON6zbdQE2bxg%2B%2FyUVGJCo%2F9ocEzplT3FGCyeSr4BgSrW0D9U9HB%2F44FwASSuuxWhP4REQ%3D%3D&redirect_uri=https%3A%2F%2Fconnect-rp-certified.herokuapp.com%2Ftest_case_callbacks%2Frp-nonce-invalid
2017-01-19T15:52:49.737094+00:00 app[web.1]: I, [2017-01-19T15:52:49.736984 #4]  INFO -- : [81a13b6e-7073-4946-995a-6b54993a1b07] --------------------------------------------------
2017-01-19T15:52:49.737171+00:00 app[web.1]: I, [2017-01-19T15:52:49.737093 #4]  INFO -- : [81a13b6e-7073-4946-995a-6b54993a1b07] Status: 200 OK
2017-01-19T15:52:49.737172+00:00 app[web.1]: Content-type: application/json
2017-01-19T15:52:49.737172+00:00 app[web.1]: Access-Control-Allow-Origin: *
2017-01-19T15:52:49.737173+00:00 app[web.1]: Access-Control-Allow-Methods: GET
2017-01-19T15:52:49.737174+00:00 app[web.1]: Access-Control-Allow-Headers: Authorization
2017-01-19T15:52:49.737174+00:00 app[web.1]: Transfer-Encoding: chunked
2017-01-19T15:52:49.737174+00:00 app[web.1]: Date: Thu, 19 Jan 2017 15:52:49 GMT
2017-01-19T15:52:49.737175+00:00 app[web.1]: Server: openid-www2
2017-01-19T15:52:49.737175+00:00 app[web.1]: Content-Length: 0
2017-01-19T15:52:49.737176+00:00 app[web.1]:
2017-01-19T15:52:49.737179+00:00 app[web.1]: {"token_type": "Bearer", "scope": "profile email address phone openid", "access_token": "7m6VJYZaKvxpAUmV4K+5woAk8Jld7zbgFUrlpfXFVGZvoUeddDsSeuratI7dKfXY0myViLEyitMiiqcckBgiWOOBShm+aRVqNt0zDuOBkklXY9Ow+xRcvQVxVyCDvLooG/WtgTyrFsHQeKqGqS2kGw==", "state": "928bd27e0d419df42daa7e027eeefbaf", "id_token": "eyJhbGciOiJSUzI1NiIsImtpZCI6ImJfRGxmVk5CbWdHSFViekxmYzNKa1I5SUpJTmNZZ2NRN01yZ0hmUkxhcDAifQ.eyJpc3MiOiAiaHR0cHM6Ly9ycC5jZXJ0aWZpY2F0aW9uLm9wZW5pZC5uZXQ6ODA4MC9ub3YtcnAtY2VydGlmaWVkL3JwLW5vbmNlLWludmFsaWQiLCAiaWF0IjogMTQ4NDg0MTE2OSwgIm5vbmNlIjogIjAxMjM0NTY3OCIsICJzdWIiOiAiMWIyZmM5MzQxYTE2YWU0ZTMwMDgyOTY1ZDUzN2FlNDdjMjFhMGYyN2ZkNDNlYWI3ODMzMGVkODE3NTFhZTZkYiIsICJhY3IiOiAiUEFTU1dPUkQiLCAiYXVkIjogWyI0dEg3T0F1SG5qMXIiXSwgImV4cCI6IDE0ODQ5Mjc1NjksICJhdXRoX3RpbWUiOiAxNDg0ODQxMTY5fQ.kvntT_ZfAxxfZX7q-uGBBDHsz-_j8F8knCRwc9Phb82hhFMGfcfxZ6a6MgAfqbelOqryMJrcK1EnwE8e81aKxYyXorpdYQ3Td1ty14QJTG1JnMh-WNiMovsZO76VrBRXtXPRR0Mara1gtNWTsCaliTVC8cO2t26Zmu7DnG-JLPX65gnnltfpOIArDuogj4Tz1mjprCAj5acc-2fGFwzGeOuz8WK1i4V1llNnpZxiT55TLllL9ojzsQyVDgX4SunxWQBmOwry2fLLm4YVY-jxCTtU7f1onrzRlrgG74kq6GVJZKTpifU43d1c_LuE9qyBVQBFfFbXcs-pWCgRz9U2OQ"}
2017-01-19T15:52:49.737245+00:00 app[web.1]: I, [2017-01-19T15:52:49.737181 #4]  INFO -- : [81a13b6e-7073-4946-995a-6b54993a1b07] ======= [Rack::OAuth2] HTTP REQUEST FINISHED =======
2017-01-19T15:52:49.738488+00:00 app[web.1]: I, [2017-01-19T15:52:49.738413 #4]  INFO -- : [81a13b6e-7073-4946-995a-6b54993a1b07] ======= [OpenIDConnect] HTTP REQUEST STARTED =======
2017-01-19T15:52:49.738563+00:00 app[web.1]: I, [2017-01-19T15:52:49.738494 #4]  INFO -- : [81a13b6e-7073-4946-995a-6b54993a1b07] GET /static/jwks_uGnVb5UC4tDPRGoB.json HTTP/1.1
2017-01-19T15:52:49.738563+00:00 app[web.1]: Host: rp.certification.openid.net:8080
2017-01-19T15:52:49.738564+00:00 app[web.1]:
2017-01-19T15:52:49.738564+00:00 app[web.1]:
2017-01-19T15:52:49.766627+00:00 app[web.1]: I, [2017-01-19T15:52:49.766528 #4]  INFO -- : [81a13b6e-7073-4946-995a-6b54993a1b07] --------------------------------------------------
2017-01-19T15:52:49.766685+00:00 app[web.1]: I, [2017-01-19T15:52:49.766618 #4]  INFO -- : [81a13b6e-7073-4946-995a-6b54993a1b07] Status: 200 OK
2017-01-19T15:52:49.766686+00:00 app[web.1]: Content-type: text/html
2017-01-19T15:52:49.766687+00:00 app[web.1]: Access-Control-Allow-Origin: *
2017-01-19T15:52:49.766687+00:00 app[web.1]: Access-Control-Allow-Methods: GET
2017-01-19T15:52:49.766688+00:00 app[web.1]: Access-Control-Allow-Headers: Authorization
2017-01-19T15:52:49.766688+00:00 app[web.1]: Transfer-Encoding: chunked
2017-01-19T15:52:49.766689+00:00 app[web.1]: Date: Thu, 19 Jan 2017 15:52:49 GMT
2017-01-19T15:52:49.766689+00:00 app[web.1]: Server: openid-www2
2017-01-19T15:52:49.766689+00:00 app[web.1]: Content-Length: 0
2017-01-19T15:52:49.766690+00:00 app[web.1]:
2017-01-19T15:52:49.766691+00:00 app[web.1]: {"keys": [{"kty": "RSA", "e": "AQAB", "n": "qAEO5HN-iXYser8joW8u2Uhegg0egZ0Y1bk_WNt4NKrQJbMdf5o7Kl6eRIQ9oQfR5e7b6oUSwHtngNd3o1KZHKzyxPYp72i9HCKKxZPvnC7_1xNhBvqR3cjSogPDhBxtiho2vtgPxmhQOjtjV3yS-Ik8twPUSwfY1GxLZjeXeIXCLrd-3hFKgeoOcwENvaolTTUf9CxIfpKk0s95B1V8mLFvjVqT7ftn84VQdf88kwBTEIThRlM9Ot00NoNgbitmf95xj8sMera-ZT2zBElBnlMFiLN_bHuADQROimy-iGfhqpH3d_tWaAtXZFCJ7OY6CDPVQZ9fKSjmLeeDOyFR_Q", "kid": "48Afw-zz40sUw6Uj8ZCsfqnm0q9Bq3bK9yYcozi50Zw", "use": "enc"}, {"kty": "RSA", "e": "AQAB", "n": "tR3l3Oc1_sNfRbHp_BIjh52bL8o4-S21GlRAhRb0vSdnfIFWJKM6SRPtZh96ShDdWja-lZC7f2rqK1iNVsEi5FYcRcEUN5-wcZimoee7jo_DzFozRhqu2x57Y2YGE-b1GhgyM6PjLd8NMoU60eQ7SHACuJj_2ewtK-ffNuxCnyK9O_TMq-vi4OUousQXDJxaOrHnVYZvxGBtwgM-oGWF2o0VOAS9A8RRT-1SpIwcnNRrg_hUtCh3W-epzb_Hm5fBsA6YBmTc2cHIqDwq0ue8T3WM7NKX7Wg-FcZFV4IJOzkJ8KYDbTqDBjiiygYUVKTQl4WdIm9ova-Fblo8iceiOw", "kid": "b_DlfVNBmgGHUbzLfc3JkR9IJINcYgcQ7MrgHfRLap0", "use": "sig"}, {"y": "ZV-Qv-l0W4x6bRtZpY9nbtfB16IsbZgD_s1Ij0tzzqw", "x": "gbXzgi85BLLirjFbjdYU4xqvodAKOnPThlXE1I0h_q4", "kty": "EC", "crv": "P-256", "kid": "CzHDxT2OrV2yblaTU_M1T-FfYbLIlsyvSNJORAycY_Q", "use": "sig"}, {"y": "iq4cg4edBnFiCRQ8dtSPLpq76h7mO1Z3imKAwPYToQ", "x": "eS0QXtIGq1ri29CtaSa5PD8PBkGL3domM70f3YO-vaU", "kty": "EC", "crv": "P-256", "kid": "jctMt0kDRN2mxEszSTvfw1DqpESssVWnZo24vQQMjDc", "use": "enc"}]}
2017-01-19T15:52:49.766735+00:00 app[web.1]: I, [2017-01-19T15:52:49.766687 #4]  INFO -- : [81a13b6e-7073-4946-995a-6b54993a1b07] ======= [OpenIDConnect] HTTP REQUEST FINISHED =======
2017-01-19T15:52:49.768052+00:00 app[web.1]: I, [2017-01-19T15:52:49.767982 #4]  INFO -- : [81a13b6e-7073-4946-995a-6b54993a1b07] # ERROR => Invalid ID Token (OpenIDConnect::ResponseObject::IdToken::InvalidToken)
2017-01-19T15:52:49.768054+00:00 app[web.1]:
2017-01-19T15:52:49.768666+00:00 app[web.1]: I, [2017-01-19T15:52:49.768517 #4]  INFO -- : [81a13b6e-7073-4946-995a-6b54993a1b07]   Rendering protocol_error.html.erb within layouts/popup
2017-01-19T15:52:49.768944+00:00 app[web.1]: I, [2017-01-19T15:52:49.768868 #4]  INFO -- : [81a13b6e-7073-4946-995a-6b54993a1b07]   Rendered protocol_error.html.erb within layouts/popup (0.1ms)
2017-01-19T15:52:49.770170+00:00 app[web.1]: I, [2017-01-19T15:52:49.770107 #4]  INFO -- : [81a13b6e-7073-4946-995a-6b54993a1b07]   Rendered layouts/_wrapper.html.erb (1.0ms)
2017-01-19T15:52:49.770441+00:00 app[web.1]: I, [2017-01-19T15:52:49.770383 #4]  INFO -- : [81a13b6e-7073-4946-995a-6b54993a1b07] Completed 200 OK in 105ms (Views: 2.1ms | ActiveRecord: 1.6ms)
2017-01-19T15:52:49.772240+00:00 heroku[router]: at=info method=GET path="/test_case_callbacks/rp-nonce-invalid?client_id=4tH7OAuHnj1r&iss=https%3A%2F%2Frp.certification.openid.net%3A8080%2Fnov-rp-certified%2Frp-nonce-invalid&scope=profile+email+address+phone+openid&code=PbHV6iN6D8XOwBbQoFY17E9UFMUDNdFYJK0J18K8rxepibOVbVZ5yREH7Xju58abyOhzakc2cHNZr8GHuON6zbdQE2bxg%2B%2FyUVGJCo%2F9ocEzplT3FGCyeSr4BgSrW0D9U9HB%2F44FwASSuuxWhP4REQ%3D%3D&state=928bd27e0d419df42daa7e027eeefbaf" host=connect-rp-certified.herokuapp.com request_id=81a13b6e-7073-4946-995a-6b54993a1b07 fwd="122.210.153.65" dyno=web.1 connect=0ms service=110ms status=200 bytes=2809