2017-01-19T15:52:10.154553+00:00 app[web.1]: I, [2017-01-19T15:52:10.154453 #4]  INFO -- : [e1acc013-5c02-4970-ad64-41c00b477b3a] Started GET "/test_cases/rp-scope-userinfo-claims" for 122.210.153.65 at 2017-01-19 15:52:10 +0000
2017-01-19T15:52:10.155468+00:00 app[web.1]: I, [2017-01-19T15:52:10.155404 #4]  INFO -- : [e1acc013-5c02-4970-ad64-41c00b477b3a] Processing by TestCasesController#show as HTML
2017-01-19T15:52:10.155537+00:00 app[web.1]: I, [2017-01-19T15:52:10.155483 #4]  INFO -- : [e1acc013-5c02-4970-ad64-41c00b477b3a]   Parameters: {"id"=>"rp-scope-userinfo-claims"}
2017-01-19T15:52:10.159091+00:00 app[web.1]: D, [2017-01-19T15:52:10.159007 #4] DEBUG -- : [e1acc013-5c02-4970-ad64-41c00b477b3a]   TestCase Load (1.0ms)  SELECT  "test_cases".* FROM "test_cases" WHERE "test_cases"."identifier" = $1 LIMIT $2  [["identifier", "rp-scope-userinfo-claims"], ["LIMIT", 1]]
2017-01-19T15:52:10.160138+00:00 app[web.1]: I, [2017-01-19T15:52:10.160072 #4]  INFO -- : [e1acc013-5c02-4970-ad64-41c00b477b3a] ======= [SWD] HTTP REQUEST STARTED =======
2017-01-19T15:52:10.160139+00:00 app[web.1]: GET /nov-rp-certified/rp-scope-userinfo-claims/.well-known/openid-configuration HTTP/1.1
2017-01-19T15:52:10.160140+00:00 app[web.1]: Host: rp.certification.openid.net:8080
2017-01-19T15:52:10.160141+00:00 app[web.1]:
2017-01-19T15:52:10.160141+00:00 app[web.1]:
2017-01-19T15:52:10.234031+00:00 app[web.1]: I, [2017-01-19T15:52:10.233917 #4]  INFO -- : [e1acc013-5c02-4970-ad64-41c00b477b3a] --------------------------------------------------
2017-01-19T15:52:10.234039+00:00 app[web.1]: Status: 200 OK
2017-01-19T15:52:10.234040+00:00 app[web.1]: Cache-Control: no-store
2017-01-19T15:52:10.234041+00:00 app[web.1]: x-ffo: bar
2017-01-19T15:52:10.234041+00:00 app[web.1]: Content-type: application/json
2017-01-19T15:52:10.234042+00:00 app[web.1]: Access-Control-Allow-Origin: *
2017-01-19T15:52:10.234043+00:00 app[web.1]: Access-Control-Allow-Methods: GET
2017-01-19T15:52:10.234043+00:00 app[web.1]: Access-Control-Allow-Headers: Authorization
2017-01-19T15:52:10.234044+00:00 app[web.1]: Transfer-Encoding: chunked
2017-01-19T15:52:10.234045+00:00 app[web.1]: Date: Thu, 19 Jan 2017 15:52:10 GMT
2017-01-19T15:52:10.234046+00:00 app[web.1]: Server: openid-www2
2017-01-19T15:52:10.234046+00:00 app[web.1]: Content-Length: 0
2017-01-19T15:52:10.234047+00:00 app[web.1]:
2017-01-19T15:52:10.234049+00:00 app[web.1]: {"request_parameter_supported": true, "require_request_uri_registration": true, "response_types_supported": ["code", "id_token", "id_token token", "code id_token", "code token", "code id_token token"], "id_token_signing_alg_values_supported": ["RS256", "RS384", "RS512", "ES256", "ES384", "ES512", "HS256", "HS384", "HS512", "PS256", "PS384", "PS512", "none"], "token_endpoint_auth_methods_supported": ["client_secret_post", "client_secret_basic", "client_secret_jwt", "private_key_jwt"], "request_object_encryption_enc_values_supported": ["A128CBC-HS256", "A192CBC-HS384", "A256CBC-HS512", "A128GCM", "A192GCM", "A256GCM"], "response_modes_supported": ["query", "fragment", "form_post"], "jwks_uri": "https://rp.certification.openid.net:8080/static/jwks_2xDLw8qY0KNsppWj.json", "userinfo_endpoint": "https://rp.certification.openid.net:8080/nov-rp-certified/rp-scope-userinfo-claims/userinfo", "request_object_signing_alg_values_supported": ["RS256", "RS384", "RS512", "ES256", "ES384", "ES512", "HS256", "HS384", "HS512", "PS256", "PS384", "PS512", "none"], "userinfo_encryption_enc_values_supported": ["A128CBC-HS256", "A192CBC-HS384", "A256CBC-HS512", "A128GCM", "A192GCM", "A256GCM"], "token_endpoint": "https://rp.certification.openid.net:8080/nov-rp-certified/rp-scope-userinfo-claims/token", "userinfo_encryption_alg_values_supported": ["RSA1_5", "RSA-OAEP", "A128KW", "A192KW", "A256KW", "ECDH-ES", "ECDH-ES+A128KW", "ECDH-ES+A192KW", "ECDH-ES+A256KW"], "claim_types_supported": ["normal", "aggregated", "distributed"], "id_token_encryption_alg_values_supported": ["RSA1_5", "RSA-OAEP", "A128KW", "A192KW", "A256KW", "ECDH-ES", "ECDH-ES+A128KW", "ECDH-ES+A192KW", "ECDH-ES+A256KW"], "userinfo_signing_alg_values_supported": ["RS256", "RS384", "RS512", "ES256", "ES384", "ES512", "HS256", "HS384", "HS512", "PS256", "PS384", "PS512", "none"], "claims_supported": ["updated_at", "name", "nickname", "sub", "middle_name", "locale", "phone_number_verified", "family_name", "email_verified", "website", "address", "zoneinfo", "email", "given_name", "birthdate", "preferred_username", "profile", "phone_number", "picture", "gender"], "version": "3.0", "claims_parameter_supported": true, "grant_types_supported": ["authorization_code", "implicit", "urn:ietf:params:oauth:grant-type:jwt-bearer"], "request_uri_parameter_supported": true, "subject_types_supported": ["public", "pairwise"], "scopes_supported": ["phone", "email", "offline_access", "openid", "profile", "address", "openid"], "request_object_encryption_alg_values_supported": ["RSA1_5", "RSA-OAEP", "A128KW", "A192KW", "A256KW", "ECDH-ES", "ECDH-ES+A128KW", "ECDH-ES+A192KW", "ECDH-ES+A256KW"], "end_session_endpoint": "https://rp.certification.openid.net:8080/nov-rp-certified/rp-scope-userinfo-claims/end_session", "registration_endpoint": "https://rp.certification.openid.net:8080/nov-rp-certified/rp-scope-userinfo-claims/registration", "id_token_encryption_enc_values_supported": ["A128CBC-HS256", "A192CBC-HS384", "A256CBC-HS512", "A128GCM", "A192GCM", "A256GCM"], "token_endpoint_auth_signing_alg_values_supported": ["RS256", "RS384", "RS512", "ES256", "ES384", "ES512", "HS256", "HS384", "HS512", "PS256", "PS384", "PS512"], "issuer": "https://rp.certification.openid.net:8080/nov-rp-certified/rp-scope-userinfo-claims", "authorization_endpoint": "https://rp.certification.openid.net:8080/nov-rp-certified/rp-scope-userinfo-claims/authorization", "acr_values_supported": ["PASSWORD"]}
2017-01-19T15:52:10.234050+00:00 app[web.1]: ======= [SWD] HTTP REQUEST FINISHED =======
2017-01-19T15:52:10.235436+00:00 app[web.1]: I, [2017-01-19T15:52:10.235381 #4]  INFO -- : [e1acc013-5c02-4970-ad64-41c00b477b3a] ======= [OpenIDConnect] HTTP REQUEST STARTED =======
2017-01-19T15:52:10.235479+00:00 app[web.1]: I, [2017-01-19T15:52:10.235435 #4]  INFO -- : [e1acc013-5c02-4970-ad64-41c00b477b3a] POST /nov-rp-certified/rp-scope-userinfo-claims/registration HTTP/1.1
2017-01-19T15:52:10.235480+00:00 app[web.1]: Content-Type: application/json
2017-01-19T15:52:10.235480+00:00 app[web.1]: Content-Length: 184
2017-01-19T15:52:10.235481+00:00 app[web.1]: Host: rp.certification.openid.net:8080
2017-01-19T15:52:10.235481+00:00 app[web.1]:
2017-01-19T15:52:10.235482+00:00 app[web.1]: {"application_type":"web","client_name":"NOV RP - rp-scope-userinfo-claims","redirect_uris":["https://connect-rp-certified.herokuapp.com/test_case_callbacks/rp-scope-userinfo-claims"]}
2017-01-19T15:52:10.260238+00:00 app[web.1]: I, [2017-01-19T15:52:10.260130 #4]  INFO -- : [e1acc013-5c02-4970-ad64-41c00b477b3a] --------------------------------------------------
2017-01-19T15:52:10.260294+00:00 app[web.1]: I, [2017-01-19T15:52:10.260213 #4]  INFO -- : [e1acc013-5c02-4970-ad64-41c00b477b3a] Status: 201 Created
2017-01-19T15:52:10.260295+00:00 app[web.1]: Cache-Control: no-store
2017-01-19T15:52:10.260296+00:00 app[web.1]: Content-type: application/json
2017-01-19T15:52:10.260296+00:00 app[web.1]: Access-Control-Allow-Origin: *
2017-01-19T15:52:10.260297+00:00 app[web.1]: Access-Control-Allow-Methods: GET
2017-01-19T15:52:10.260298+00:00 app[web.1]: Access-Control-Allow-Headers: Authorization
2017-01-19T15:52:10.260299+00:00 app[web.1]: Transfer-Encoding: chunked
2017-01-19T15:52:10.260300+00:00 app[web.1]: Date: Thu, 19 Jan 2017 15:52:10 GMT
2017-01-19T15:52:10.260300+00:00 app[web.1]: Server: openid-www2
2017-01-19T15:52:10.260301+00:00 app[web.1]: Content-Length: 0
2017-01-19T15:52:10.260302+00:00 app[web.1]:
2017-01-19T15:52:10.260303+00:00 app[web.1]: {"client_id": "eABzOdYuV25b", "client_secret": "2b332e9bdbe57cd615f3dd2c39f68ff4ac4dff7a70514fc7dab7153c", "response_types": ["code"], "client_name": "NOV RP - rp-scope-userinfo-claims", "application_type": "web", "registration_client_uri": "https://rp.certification.openid.net:8080/nov-rp-certified/registration?client_id=eABzOdYuV25b", "registration_access_token": "9KyBv4hi3dSQHP6FCNSi2JURStqjpUro", "redirect_uris": ["https://connect-rp-certified.herokuapp.com/test_case_callbacks/rp-scope-userinfo-claims"], "client_id_issued_at": 1484841130, "client_secret_expires_at": 1484927530}
2017-01-19T15:52:10.260356+00:00 app[web.1]: I, [2017-01-19T15:52:10.260292 #4]  INFO -- : [e1acc013-5c02-4970-ad64-41c00b477b3a] ======= [OpenIDConnect] HTTP REQUEST FINISHED =======
2017-01-19T15:52:10.262276+00:00 app[web.1]: D, [2017-01-19T15:52:10.262213 #4] DEBUG -- : [e1acc013-5c02-4970-ad64-41c00b477b3a]    (0.7ms)  BEGIN
2017-01-19T15:52:10.264521+00:00 app[web.1]: D, [2017-01-19T15:52:10.264456 #4] DEBUG -- : [e1acc013-5c02-4970-ad64-41c00b477b3a]   Client Exists (0.9ms)  SELECT  1 AS one FROM "clients" WHERE "clients"."identifier" = $1 LIMIT $2  [["identifier", "eABzOdYuV25b"], ["LIMIT", 1]]
2017-01-19T15:52:10.266254+00:00 app[web.1]: D, [2017-01-19T15:52:10.266191 #4] DEBUG -- : [e1acc013-5c02-4970-ad64-41c00b477b3a]   SQL (0.9ms)  INSERT INTO "clients" ("test_case_id", "identifier", "secret", "created_at", "updated_at") VALUES ($1, $2, $3, $4, $5) RETURNING "id"  [["test_case_id", 5], ["identifier", "eABzOdYuV25b"], ["secret", "2b332e9bdbe57cd615f3dd2c39f68ff4ac4dff7a70514fc7dab7153c"], ["created_at", 2017-01-19 15:52:10 UTC], ["updated_at", 2017-01-19 15:52:10 UTC]]
2017-01-19T15:52:10.268140+00:00 app[web.1]: D, [2017-01-19T15:52:10.268079 #4] DEBUG -- : [e1acc013-5c02-4970-ad64-41c00b477b3a]    (1.6ms)  COMMIT
2017-01-19T15:52:10.268735+00:00 app[web.1]: I, [2017-01-19T15:52:10.268669 #4]  INFO -- : [e1acc013-5c02-4970-ad64-41c00b477b3a] Redirected to https://rp.certification.openid.net:8080/nov-rp-certified/rp-scope-userinfo-claims/authorization?client_id=eABzOdYuV25b&nonce=3e273b56807af8d3472f3ff3fff50394&redirect_uri=https%3A%2F%2Fconnect-rp-certified.herokuapp.com%2Ftest_case_callbacks%2Frp-scope-userinfo-claims&response_type=code&scope=profile+email+address+phone+openid&state=ac8b2a960f5b52e7af2beecf6fb613eb
2017-01-19T15:52:10.268916+00:00 app[web.1]: I, [2017-01-19T15:52:10.268859 #4]  INFO -- : [e1acc013-5c02-4970-ad64-41c00b477b3a] Completed 302 Found in 113ms (ActiveRecord: 5.1ms)
2017-01-19T15:52:10.941784+00:00 app[web.1]: I, [2017-01-19T15:52:10.941705 #4]  INFO -- : [c2d87694-a707-40ef-964e-4ef3c9205285] Started GET "/test_case_callbacks/rp-scope-userinfo-claims?client_id=eABzOdYuV25b&iss=https%3A%2F%2Frp.certification.openid.net%3A8080%2Fnov-rp-certified%2Frp-scope-userinfo-claims&scope=profile+email+address+phone+openid&code=dFOhXwnKjUr5349HeGddeH%2Fz1ya7rr%2Bm30UOjXibNHlXQch35GhE5Kj04zRHkdowLliIQl53qLi2MhIRs7Hyd2TX4rXHgvotKjer873moDn9QTOIvVbXgMD6hA%2Fv8uY8iptVpp46yB7HKrymW9xnXw%3D%3D&state=ac8b2a960f5b52e7af2beecf6fb613eb" for 122.210.153.65 at 2017-01-19 15:52:10 +0000
2017-01-19T15:52:10.942757+00:00 app[web.1]: I, [2017-01-19T15:52:10.942698 #4]  INFO -- : [c2d87694-a707-40ef-964e-4ef3c9205285] Processing by TestCaseCallbacksController#show as HTML
2017-01-19T15:52:10.942860+00:00 app[web.1]: I, [2017-01-19T15:52:10.942799 #4]  INFO -- : [c2d87694-a707-40ef-964e-4ef3c9205285]   Parameters: {"client_id"=>"eABzOdYuV25b", "iss"=>"https://rp.certification.openid.net:8080/nov-rp-certified/rp-scope-userinfo-claims", "scope"=>"profile email address phone openid", "code"=>"dFOhXwnKjUr5349HeGddeH/z1ya7rr+m30UOjXibNHlXQch35GhE5Kj04zRHkdowLliIQl53qLi2MhIRs7Hyd2TX4rXHgvotKjer873moDn9QTOIvVbXgMD6hA/v8uY8iptVpp46yB7HKrymW9xnXw==", "state"=>"ac8b2a960f5b52e7af2beecf6fb613eb", "id"=>"rp-scope-userinfo-claims"}
2017-01-19T15:52:10.945487+00:00 app[web.1]: D, [2017-01-19T15:52:10.945419 #4] DEBUG -- : [c2d87694-a707-40ef-964e-4ef3c9205285]   TestCase Load (0.7ms)  SELECT  "test_cases".* FROM "test_cases" WHERE "test_cases"."identifier" = $1 LIMIT $2  [["identifier", "rp-scope-userinfo-claims"], ["LIMIT", 1]]
2017-01-19T15:52:10.948345+00:00 app[web.1]: D, [2017-01-19T15:52:10.948209 #4] DEBUG -- : [c2d87694-a707-40ef-964e-4ef3c9205285]   Client Load (0.9ms)  SELECT  "clients".* FROM "clients" WHERE "clients"."test_case_id" = $1 AND "clients"."identifier" = $2 LIMIT $3  [["test_case_id", 5], ["identifier", "eABzOdYuV25b"], ["LIMIT", 1]]
2017-01-19T15:52:10.949265+00:00 app[web.1]: I, [2017-01-19T15:52:10.949211 #4]  INFO -- : [c2d87694-a707-40ef-964e-4ef3c9205285] ======= [SWD] HTTP REQUEST STARTED =======
2017-01-19T15:52:10.949266+00:00 app[web.1]: GET /nov-rp-certified/rp-scope-userinfo-claims/.well-known/openid-configuration HTTP/1.1
2017-01-19T15:52:10.949268+00:00 app[web.1]: Host: rp.certification.openid.net:8080
2017-01-19T15:52:10.949268+00:00 app[web.1]:
2017-01-19T15:52:10.949269+00:00 app[web.1]:
2017-01-19T15:52:10.975310+00:00 app[web.1]: I, [2017-01-19T15:52:10.975186 #4]  INFO -- : [c2d87694-a707-40ef-964e-4ef3c9205285] --------------------------------------------------
2017-01-19T15:52:10.975313+00:00 app[web.1]: Status: 200 OK
2017-01-19T15:52:10.975314+00:00 app[web.1]: Cache-Control: no-store
2017-01-19T15:52:10.975315+00:00 app[web.1]: x-ffo: bar
2017-01-19T15:52:10.975315+00:00 app[web.1]: Content-type: application/json
2017-01-19T15:52:10.975316+00:00 app[web.1]: Access-Control-Allow-Origin: *
2017-01-19T15:52:10.975317+00:00 app[web.1]: Access-Control-Allow-Methods: GET
2017-01-19T15:52:10.975317+00:00 app[web.1]: Access-Control-Allow-Headers: Authorization
2017-01-19T15:52:10.975318+00:00 app[web.1]: Transfer-Encoding: chunked
2017-01-19T15:52:10.975318+00:00 app[web.1]: Date: Thu, 19 Jan 2017 15:52:10 GMT
2017-01-19T15:52:10.975319+00:00 app[web.1]: Server: openid-www2
2017-01-19T15:52:10.975319+00:00 app[web.1]: Content-Length: 0
2017-01-19T15:52:10.975320+00:00 app[web.1]:
2017-01-19T15:52:10.975322+00:00 app[web.1]: {"request_parameter_supported": true, "require_request_uri_registration": true, "response_types_supported": ["code", "id_token", "id_token token", "code id_token", "code token", "code id_token token"], "id_token_signing_alg_values_supported": ["RS256", "RS384", "RS512", "ES256", "ES384", "ES512", "HS256", "HS384", "HS512", "PS256", "PS384", "PS512", "none"], "token_endpoint_auth_methods_supported": ["client_secret_post", "client_secret_basic", "client_secret_jwt", "private_key_jwt"], "request_object_encryption_enc_values_supported": ["A128CBC-HS256", "A192CBC-HS384", "A256CBC-HS512", "A128GCM", "A192GCM", "A256GCM"], "response_modes_supported": ["query", "fragment", "form_post"], "jwks_uri": "https://rp.certification.openid.net:8080/static/jwks_v2GjYJvu9S9kNoi9.json", "userinfo_endpoint": "https://rp.certification.openid.net:8080/nov-rp-certified/rp-scope-userinfo-claims/userinfo", "request_object_signing_alg_values_supported": ["RS256", "RS384", "RS512", "ES256", "ES384", "ES512", "HS256", "HS384", "HS512", "PS256", "PS384", "PS512", "none"], "userinfo_encryption_enc_values_supported": ["A128CBC-HS256", "A192CBC-HS384", "A256CBC-HS512", "A128GCM", "A192GCM", "A256GCM"], "token_endpoint": "https://rp.certification.openid.net:8080/nov-rp-certified/rp-scope-userinfo-claims/token", "userinfo_encryption_alg_values_supported": ["RSA1_5", "RSA-OAEP", "A128KW", "A192KW", "A256KW", "ECDH-ES", "ECDH-ES+A128KW", "ECDH-ES+A192KW", "ECDH-ES+A256KW"], "claim_types_supported": ["normal", "aggregated", "distributed"], "id_token_encryption_alg_values_supported": ["RSA1_5", "RSA-OAEP", "A128KW", "A192KW", "A256KW", "ECDH-ES", "ECDH-ES+A128KW", "ECDH-ES+A192KW", "ECDH-ES+A256KW"], "userinfo_signing_alg_values_supported": ["RS256", "RS384", "RS512", "ES256", "ES384", "ES512", "HS256", "HS384", "HS512", "PS256", "PS384", "PS512", "none"], "claims_supported": ["updated_at", "name", "nickname", "sub", "middle_name", "locale", "phone_number_verified", "family_name", "email_verified", "website", "address", "zoneinfo", "email", "given_name", "birthdate", "preferred_username", "profile", "phone_number", "picture", "gender"], "version": "3.0", "claims_parameter_supported": true, "grant_types_supported": ["authorization_code", "implicit", "urn:ietf:params:oauth:grant-type:jwt-bearer"], "request_uri_parameter_supported": true, "subject_types_supported": ["public", "pairwise"], "scopes_supported": ["phone", "email", "offline_access", "openid", "profile", "address", "openid"], "request_object_encryption_alg_values_supported": ["RSA1_5", "RSA-OAEP", "A128KW", "A192KW", "A256KW", "ECDH-ES", "ECDH-ES+A128KW", "ECDH-ES+A192KW", "ECDH-ES+A256KW"], "end_session_endpoint": "https://rp.certification.openid.net:8080/nov-rp-certified/rp-scope-userinfo-claims/end_session", "registration_endpoint": "https://rp.certification.openid.net:8080/nov-rp-certified/rp-scope-userinfo-claims/registration", "id_token_encryption_enc_values_supported": ["A128CBC-HS256", "A192CBC-HS384", "A256CBC-HS512", "A128GCM", "A192GCM", "A256GCM"], "token_endpoint_auth_signing_alg_values_supported": ["RS256", "RS384", "RS512", "ES256", "ES384", "ES512", "HS256", "HS384", "HS512", "PS256", "PS384", "PS512"], "issuer": "https://rp.certification.openid.net:8080/nov-rp-certified/rp-scope-userinfo-claims", "authorization_endpoint": "https://rp.certification.openid.net:8080/nov-rp-certified/rp-scope-userinfo-claims/authorization", "acr_values_supported": ["PASSWORD"]}
2017-01-19T15:52:10.975323+00:00 app[web.1]: ======= [SWD] HTTP REQUEST FINISHED =======
2017-01-19T15:52:10.977277+00:00 app[web.1]: I, [2017-01-19T15:52:10.977200 #4]  INFO -- : [c2d87694-a707-40ef-964e-4ef3c9205285] ======= [Rack::OAuth2] HTTP REQUEST STARTED =======
2017-01-19T15:52:10.977334+00:00 app[web.1]: I, [2017-01-19T15:52:10.977259 #4]  INFO -- : [c2d87694-a707-40ef-964e-4ef3c9205285] POST /nov-rp-certified/rp-scope-userinfo-claims/token HTTP/1.1
2017-01-19T15:52:10.977336+00:00 app[web.1]: Authorization: Basic ZUFCek9kWXVWMjViOjJiMzMyZTliZGJlNTdjZDYxNWYzZGQyYzM5ZjY4ZmY0YWM0ZGZmN2E3MDUxNGZjN2RhYjcxNTNj
2017-01-19T15:52:10.977337+00:00 app[web.1]: Content-Type: application/x-www-form-urlencoded
2017-01-19T15:52:10.977338+00:00 app[web.1]: Content-Length: 308
2017-01-19T15:52:10.977339+00:00 app[web.1]: Host: rp.certification.openid.net:8080
2017-01-19T15:52:10.977340+00:00 app[web.1]:
2017-01-19T15:52:10.977341+00:00 app[web.1]: grant_type=authorization_code&code=dFOhXwnKjUr5349HeGddeH%2Fz1ya7rr%2Bm30UOjXibNHlXQch35GhE5Kj04zRHkdowLliIQl53qLi2MhIRs7Hyd2TX4rXHgvotKjer873moDn9QTOIvVbXgMD6hA%2Fv8uY8iptVpp46yB7HKrymW9xnXw%3D%3D&redirect_uri=https%3A%2F%2Fconnect-rp-certified.herokuapp.com%2Ftest_case_callbacks%2Frp-scope-userinfo-claims
2017-01-19T15:52:11.009266+00:00 app[web.1]: I, [2017-01-19T15:52:11.009137 #4]  INFO -- : [c2d87694-a707-40ef-964e-4ef3c9205285] --------------------------------------------------
2017-01-19T15:52:11.009370+00:00 app[web.1]: I, [2017-01-19T15:52:11.009295 #4]  INFO -- : [c2d87694-a707-40ef-964e-4ef3c9205285] Status: 200 OK
2017-01-19T15:52:11.009372+00:00 app[web.1]: Content-type: application/json
2017-01-19T15:52:11.009373+00:00 app[web.1]: Access-Control-Allow-Origin: *
2017-01-19T15:52:11.009374+00:00 app[web.1]: Access-Control-Allow-Methods: GET
2017-01-19T15:52:11.009375+00:00 app[web.1]: Access-Control-Allow-Headers: Authorization
2017-01-19T15:52:11.009375+00:00 app[web.1]: Transfer-Encoding: chunked
2017-01-19T15:52:11.009376+00:00 app[web.1]: Date: Thu, 19 Jan 2017 15:52:11 GMT
2017-01-19T15:52:11.009376+00:00 app[web.1]: Server: openid-www2
2017-01-19T15:52:11.009377+00:00 app[web.1]: Content-Length: 0
2017-01-19T15:52:11.009378+00:00 app[web.1]:
2017-01-19T15:52:11.009380+00:00 app[web.1]: {"token_type": "Bearer", "scope": "profile email address phone openid", "access_token": "t/awDbCB7UFdxVjFjeEfCdcTUE+5SwzUz/rvMA4QbrfH18hJTQo4eIqFBWMaBlFizVY7Jskt5RJvC3UmqerCzHfPLm102gDjfpcU7Hci6U+YQVilAsQOdM8+L3xeeaXT7CW2UErwdxIp7LIPx0pGvQ==", "state": "ac8b2a960f5b52e7af2beecf6fb613eb", "id_token": "eyJhbGciOiJSUzI1NiIsImtpZCI6ImJfRGxmVk5CbWdHSFViekxmYzNKa1I5SUpJTmNZZ2NRN01yZ0hmUkxhcDAifQ.eyJpc3MiOiAiaHR0cHM6Ly9ycC5jZXJ0aWZpY2F0aW9uLm9wZW5pZC5uZXQ6ODA4MC9ub3YtcnAtY2VydGlmaWVkL3JwLXNjb3BlLXVzZXJpbmZvLWNsYWltcyIsICJpYXQiOiAxNDg0ODQxMTMxLCAibm9uY2UiOiAiM2UyNzNiNTY4MDdhZjhkMzQ3MmYzZmYzZmZmNTAzOTQiLCAic3ViIjogIjFiMmZjOTM0MWExNmFlNGUzMDA4Mjk2NWQ1MzdhZTQ3YzIxYTBmMjdmZDQzZWFiNzgzMzBlZDgxNzUxYWU2ZGIiLCAiYWNyIjogIlBBU1NXT1JEIiwgImF1ZCI6IFsiZUFCek9kWXVWMjViIl0sICJleHAiOiAxNDg0OTI3NTMxLCAiYXV0aF90aW1lIjogMTQ4NDg0MTEzMH0.maT2CaFXuCpC0DgmyPTGSFfj8VDR1J1M_Cn44FaVo1LpnxhjbF8LfOsZZeEnfyipoTf8VXh73gSo3G9OSFTmu4FCYRMm59xjLGWluYXH0UtWb1l88hL3wnMs5ZL-FBEA9KleUE0TMJXCQSEptEuosCzN4UeBvrACmtrHEuokoIC11OFULAHjfcR5M1Camo3PCYoWjVsiOb6XxEnMAafL6jLBbskmGTeejU1RnP6p-CnkAtujeb37CUqhSxdlzh1cj4uEOA2V55ghdLKqmzyuo6wuG8wsdjg_J3ivyqIzwDM9IWMhNErbwiIK6rTtwYxheFev7-X3gyX0qEZ8LtBtqg"}
2017-01-19T15:52:11.009461+00:00 app[web.1]: I, [2017-01-19T15:52:11.009403 #4]  INFO -- : [c2d87694-a707-40ef-964e-4ef3c9205285] ======= [Rack::OAuth2] HTTP REQUEST FINISHED =======
2017-01-19T15:52:11.010416+00:00 app[web.1]: I, [2017-01-19T15:52:11.010356 #4]  INFO -- : [c2d87694-a707-40ef-964e-4ef3c9205285] ======= [OpenIDConnect] HTTP REQUEST STARTED =======
2017-01-19T15:52:11.010478+00:00 app[web.1]: I, [2017-01-19T15:52:11.010412 #4]  INFO -- : [c2d87694-a707-40ef-964e-4ef3c9205285] GET /static/jwks_v2GjYJvu9S9kNoi9.json HTTP/1.1
2017-01-19T15:52:11.010479+00:00 app[web.1]: Host: rp.certification.openid.net:8080
2017-01-19T15:52:11.010480+00:00 app[web.1]:
2017-01-19T15:52:11.010481+00:00 app[web.1]:
2017-01-19T15:52:11.037301+00:00 app[web.1]: I, [2017-01-19T15:52:11.037202 #4]  INFO -- : [c2d87694-a707-40ef-964e-4ef3c9205285] --------------------------------------------------
2017-01-19T15:52:11.037343+00:00 app[web.1]: I, [2017-01-19T15:52:11.037280 #4]  INFO -- : [c2d87694-a707-40ef-964e-4ef3c9205285] Status: 200 OK
2017-01-19T15:52:11.037344+00:00 app[web.1]: Content-type: text/html
2017-01-19T15:52:11.037344+00:00 app[web.1]: Access-Control-Allow-Origin: *
2017-01-19T15:52:11.037345+00:00 app[web.1]: Access-Control-Allow-Methods: GET
2017-01-19T15:52:11.037345+00:00 app[web.1]: Access-Control-Allow-Headers: Authorization
2017-01-19T15:52:11.037346+00:00 app[web.1]: Transfer-Encoding: chunked
2017-01-19T15:52:11.037346+00:00 app[web.1]: Date: Thu, 19 Jan 2017 15:52:11 GMT
2017-01-19T15:52:11.037347+00:00 app[web.1]: Server: openid-www2
2017-01-19T15:52:11.037347+00:00 app[web.1]: Content-Length: 0
2017-01-19T15:52:11.037348+00:00 app[web.1]:
2017-01-19T15:52:11.037349+00:00 app[web.1]: {"keys": [{"kty": "RSA", "e": "AQAB", "n": "qAEO5HN-iXYser8joW8u2Uhegg0egZ0Y1bk_WNt4NKrQJbMdf5o7Kl6eRIQ9oQfR5e7b6oUSwHtngNd3o1KZHKzyxPYp72i9HCKKxZPvnC7_1xNhBvqR3cjSogPDhBxtiho2vtgPxmhQOjtjV3yS-Ik8twPUSwfY1GxLZjeXeIXCLrd-3hFKgeoOcwENvaolTTUf9CxIfpKk0s95B1V8mLFvjVqT7ftn84VQdf88kwBTEIThRlM9Ot00NoNgbitmf95xj8sMera-ZT2zBElBnlMFiLN_bHuADQROimy-iGfhqpH3d_tWaAtXZFCJ7OY6CDPVQZ9fKSjmLeeDOyFR_Q", "kid": "48Afw-zz40sUw6Uj8ZCsfqnm0q9Bq3bK9yYcozi50Zw", "use": "enc"}, {"kty": "RSA", "e": "AQAB", "n": "tR3l3Oc1_sNfRbHp_BIjh52bL8o4-S21GlRAhRb0vSdnfIFWJKM6SRPtZh96ShDdWja-lZC7f2rqK1iNVsEi5FYcRcEUN5-wcZimoee7jo_DzFozRhqu2x57Y2YGE-b1GhgyM6PjLd8NMoU60eQ7SHACuJj_2ewtK-ffNuxCnyK9O_TMq-vi4OUousQXDJxaOrHnVYZvxGBtwgM-oGWF2o0VOAS9A8RRT-1SpIwcnNRrg_hUtCh3W-epzb_Hm5fBsA6YBmTc2cHIqDwq0ue8T3WM7NKX7Wg-FcZFV4IJOzkJ8KYDbTqDBjiiygYUVKTQl4WdIm9ova-Fblo8iceiOw", "kid": "b_DlfVNBmgGHUbzLfc3JkR9IJINcYgcQ7MrgHfRLap0", "use": "sig"}, {"y": "ZV-Qv-l0W4x6bRtZpY9nbtfB16IsbZgD_s1Ij0tzzqw", "x": "gbXzgi85BLLirjFbjdYU4xqvodAKOnPThlXE1I0h_q4", "kty": "EC", "crv": "P-256", "kid": "CzHDxT2OrV2yblaTU_M1T-FfYbLIlsyvSNJORAycY_Q", "use": "sig"}, {"y": "iq4cg4edBnFiCRQ8dtSPLpq76h7mO1Z3imKAwPYToQ", "x": "eS0QXtIGq1ri29CtaSa5PD8PBkGL3domM70f3YO-vaU", "kty": "EC", "crv": "P-256", "kid": "jctMt0kDRN2mxEszSTvfw1DqpESssVWnZo24vQQMjDc", "use": "enc"}]}
2017-01-19T15:52:11.037387+00:00 app[web.1]: I, [2017-01-19T15:52:11.037344 #4]  INFO -- : [c2d87694-a707-40ef-964e-4ef3c9205285] ======= [OpenIDConnect] HTTP REQUEST FINISHED =======
2017-01-19T15:52:11.038711+00:00 app[web.1]: I, [2017-01-19T15:52:11.038648 #4]  INFO -- : [c2d87694-a707-40ef-964e-4ef3c9205285] ======= [Rack::OAuth2] HTTP REQUEST STARTED =======
2017-01-19T15:52:11.038771+00:00 app[web.1]: I, [2017-01-19T15:52:11.038708 #4]  INFO -- : [c2d87694-a707-40ef-964e-4ef3c9205285] GET /nov-rp-certified/rp-scope-userinfo-claims/userinfo? HTTP/1.1
2017-01-19T15:52:11.038773+00:00 app[web.1]: Authorization: Bearer t/awDbCB7UFdxVjFjeEfCdcTUE+5SwzUz/rvMA4QbrfH18hJTQo4eIqFBWMaBlFizVY7Jskt5RJvC3UmqerCzHfPLm102gDjfpcU7Hci6U+YQVilAsQOdM8+L3xeeaXT7CW2UErwdxIp7LIPx0pGvQ==
2017-01-19T15:52:11.038780+00:00 app[web.1]: Host: rp.certification.openid.net:8080
2017-01-19T15:52:11.038780+00:00 app[web.1]:
2017-01-19T15:52:11.038781+00:00 app[web.1]:
2017-01-19T15:52:11.071360+00:00 app[web.1]: I, [2017-01-19T15:52:11.071270 #4]  INFO -- : [c2d87694-a707-40ef-964e-4ef3c9205285] --------------------------------------------------
2017-01-19T15:52:11.071448+00:00 app[web.1]: I, [2017-01-19T15:52:11.071398 #4]  INFO -- : [c2d87694-a707-40ef-964e-4ef3c9205285] Status: 200 OK
2017-01-19T15:52:11.071450+00:00 app[web.1]: Content-type: application/json
2017-01-19T15:52:11.071450+00:00 app[web.1]: Access-Control-Allow-Origin: *
2017-01-19T15:52:11.071451+00:00 app[web.1]: Access-Control-Allow-Methods: GET
2017-01-19T15:52:11.071452+00:00 app[web.1]: Access-Control-Allow-Headers: Authorization
2017-01-19T15:52:11.071452+00:00 app[web.1]: Transfer-Encoding: chunked
2017-01-19T15:52:11.071452+00:00 app[web.1]: Date: Thu, 19 Jan 2017 15:52:11 GMT
2017-01-19T15:52:11.071453+00:00 app[web.1]: Server: openid-www2
2017-01-19T15:52:11.071453+00:00 app[web.1]: Content-Length: 0
2017-01-19T15:52:11.071454+00:00 app[web.1]:
2017-01-19T15:52:11.071455+00:00 app[web.1]: {"name": "Diana Krall", "nickname": "Dina", "sub": "1b2fc9341a16ae4e30082965d537ae47c21a0f27fd43eab78330ed81751ae6db", "email": "diana@example.org", "given_name": "Diana", "family_name": "Krall", "email_verified": false, "phone_number": "+46 90 7865000", "address": {"locality": "Ume\u00e5", "postal_code": "SE-90187", "country": "Sweden", "street_address": "Ume\u00e5 Universitet"}}
2017-01-19T15:52:11.071493+00:00 app[web.1]: I, [2017-01-19T15:52:11.071448 #4]  INFO -- : [c2d87694-a707-40ef-964e-4ef3c9205285] ======= [Rack::OAuth2] HTTP REQUEST FINISHED =======
2017-01-19T15:52:11.073203+00:00 app[web.1]: I, [2017-01-19T15:52:11.073149 #4]  INFO -- : [c2d87694-a707-40ef-964e-4ef3c9205285]   Rendering test_case_callbacks/show.html.erb within layouts/popup
2017-01-19T15:52:11.073593+00:00 app[web.1]: I, [2017-01-19T15:52:11.073453 #4]  INFO -- : [c2d87694-a707-40ef-964e-4ef3c9205285]   Rendered test_case_callbacks/show.html.erb within layouts/popup (0.2ms)
2017-01-19T15:52:11.074574+00:00 app[web.1]: I, [2017-01-19T15:52:11.074521 #4]  INFO -- : [c2d87694-a707-40ef-964e-4ef3c9205285]   Rendered layouts/_wrapper.html.erb (0.8ms)
2017-01-19T15:52:11.074861+00:00 app[web.1]: I, [2017-01-19T15:52:11.074809 #4]  INFO -- : [c2d87694-a707-40ef-964e-4ef3c9205285] Completed 200 OK in 132ms (Views: 1.8ms | ActiveRecord: 1.7ms)
2017-01-19T15:52:11.076809+00:00 heroku[router]: at=info method=GET path="/test_case_callbacks/rp-scope-userinfo-claims?client_id=eABzOdYuV25b&iss=https%3A%2F%2Frp.certification.openid.net%3A8080%2Fnov-rp-certified%2Frp-scope-userinfo-claims&scope=profile+email+address+phone+openid&code=dFOhXwnKjUr5349HeGddeH%2Fz1ya7rr%2Bm30UOjXibNHlXQch35GhE5Kj04zRHkdowLliIQl53qLi2MhIRs7Hyd2TX4rXHgvotKjer873moDn9QTOIvVbXgMD6hA%2Fv8uY8iptVpp46yB7HKrymW9xnXw%3D%3D&state=ac8b2a960f5b52e7af2beecf6fb613eb" host=connect-rp-certified.herokuapp.com request_id=c2d87694-a707-40ef-964e-4ef3c9205285 fwd="122.210.153.65" dyno=web.1 connect=0ms service=136ms status=200 bytes=5288