2017-01-19T15:57:03.616965+00:00 app[web.1]: I, [2017-01-19T15:57:03.616803 #4]  INFO -- : [71a6b7fd-2eb6-4a22-95df-aa9387e641ae] Started GET "/test_cases/rp-id_token-kid-absent-multiple-jwks" for 122.210.153.65 at 2017-01-19 15:57:03 +0000
2017-01-19T15:57:03.618271+00:00 app[web.1]: I, [2017-01-19T15:57:03.618147 #4]  INFO -- : [71a6b7fd-2eb6-4a22-95df-aa9387e641ae] Processing by TestCasesController#show as HTML
2017-01-19T15:57:03.618326+00:00 app[web.1]: I, [2017-01-19T15:57:03.618280 #4]  INFO -- : [71a6b7fd-2eb6-4a22-95df-aa9387e641ae]   Parameters: {"id"=>"rp-id_token-kid-absent-multiple-jwks"}
2017-01-19T15:57:03.628374+00:00 app[web.1]: D, [2017-01-19T15:57:03.628286 #4] DEBUG -- : [71a6b7fd-2eb6-4a22-95df-aa9387e641ae]   TestCase Load (1.3ms)  SELECT  "test_cases".* FROM "test_cases" WHERE "test_cases"."identifier" = $1 LIMIT $2  [["identifier", "rp-id_token-kid-absent-multiple-jwks"], ["LIMIT", 1]]
2017-01-19T15:57:03.629473+00:00 app[web.1]: I, [2017-01-19T15:57:03.629415 #4]  INFO -- : [71a6b7fd-2eb6-4a22-95df-aa9387e641ae] ======= [SWD] HTTP REQUEST STARTED =======
2017-01-19T15:57:03.629474+00:00 app[web.1]: GET /nov-rp-certified/rp-id_token-kid-absent-multiple-jwks/.well-known/openid-configuration HTTP/1.1
2017-01-19T15:57:03.629475+00:00 app[web.1]: Host: rp.certification.openid.net:8080
2017-01-19T15:57:03.629476+00:00 app[web.1]:
2017-01-19T15:57:03.629477+00:00 app[web.1]:
2017-01-19T15:57:04.650046+00:00 heroku[router]: at=info method=GET path="/test_cases/rp-id_token-kid-absent-multiple-jwks" host=connect-rp-certified.herokuapp.com request_id=71a6b7fd-2eb6-4a22-95df-aa9387e641ae fwd="122.210.153.65" dyno=web.1 connect=0ms service=1039ms status=302 bytes=1810
2017-01-19T15:57:04.614626+00:00 app[web.1]: I, [2017-01-19T15:57:04.614515 #4]  INFO -- : [71a6b7fd-2eb6-4a22-95df-aa9387e641ae] --------------------------------------------------
2017-01-19T15:57:04.614642+00:00 app[web.1]: Status: 200 OK
2017-01-19T15:57:04.614643+00:00 app[web.1]: Cache-Control: no-store
2017-01-19T15:57:04.614644+00:00 app[web.1]: x-ffo: bar
2017-01-19T15:57:04.614644+00:00 app[web.1]: Content-type: application/json
2017-01-19T15:57:04.614645+00:00 app[web.1]: Access-Control-Allow-Origin: *
2017-01-19T15:57:04.614646+00:00 app[web.1]: Access-Control-Allow-Methods: GET
2017-01-19T15:57:04.614646+00:00 app[web.1]: Access-Control-Allow-Headers: Authorization
2017-01-19T15:57:04.614647+00:00 app[web.1]: Transfer-Encoding: chunked
2017-01-19T15:57:04.614647+00:00 app[web.1]: Date: Thu, 19 Jan 2017 15:57:04 GMT
2017-01-19T15:57:04.614648+00:00 app[web.1]: Server: openid-www2
2017-01-19T15:57:04.614648+00:00 app[web.1]: Content-Length: 0
2017-01-19T15:57:04.614649+00:00 app[web.1]:
2017-01-19T15:57:04.614658+00:00 app[web.1]: {"request_parameter_supported": true, "require_request_uri_registration": true, "response_types_supported": ["code", "id_token", "id_token token", "code id_token", "code token", "code id_token token"], "id_token_signing_alg_values_supported": ["RS256", "RS384", "RS512", "ES256", "ES384", "ES512", "HS256", "HS384", "HS512", "PS256", "PS384", "PS512", "none"], "token_endpoint_auth_methods_supported": ["client_secret_post", "client_secret_basic", "client_secret_jwt", "private_key_jwt"], "request_object_encryption_enc_values_supported": ["A128CBC-HS256", "A192CBC-HS384", "A256CBC-HS512", "A128GCM", "A192GCM", "A256GCM"], "response_modes_supported": ["query", "fragment", "form_post"], "jwks_uri": "https://rp.certification.openid.net:8080/static/jwks_g2gDq4BeM2X58XRo.json", "userinfo_endpoint": "https://rp.certification.openid.net:8080/nov-rp-certified/rp-id_token-kid-absent-multiple-jwks/userinfo", "request_object_signing_alg_values_supported": ["RS256", "RS384", "RS512", "ES256", "ES384", "ES512", "HS256", "HS384", "HS512", "PS256", "PS384", "PS512", "none"], "userinfo_encryption_enc_values_supported": ["A128CBC-HS256", "A192CBC-HS384", "A256CBC-HS512", "A128GCM", "A192GCM", "A256GCM"], "token_endpoint": "https://rp.certification.openid.net:8080/nov-rp-certified/rp-id_token-kid-absent-multiple-jwks/token", "userinfo_encryption_alg_values_supported": ["RSA1_5", "RSA-OAEP", "A128KW", "A192KW", "A256KW", "ECDH-ES", "ECDH-ES+A128KW", "ECDH-ES+A192KW", "ECDH-ES+A256KW"], "claim_types_supported": ["normal", "aggregated", "distributed"], "id_token_encryption_alg_values_supported": ["RSA1_5", "RSA-OAEP", "A128KW", "A192KW", "A256KW", "ECDH-ES", "ECDH-ES+A128KW", "ECDH-ES+A192KW", "ECDH-ES+A256KW"], "userinfo_signing_alg_values_supported": ["RS256", "RS384", "RS512", "ES256", "ES384", "ES512", "HS256", "HS384", "HS512", "PS256", "PS384", "PS512", "none"], "claims_supported": ["updated_at", "name", "nickname", "sub", "middle_name", "locale", "phone_number_verified", "family_name", "email_verified", "website", "address", "zoneinfo", "email", "given_name", "birthdate", "preferred_username", "profile", "phone_number", "picture", "gender"], "version": "3.0", "claims_parameter_supported": true, "grant_types_supported": ["authorization_code", "implicit", "urn:ietf:params:oauth:grant-type:jwt-bearer"], "request_uri_parameter_supported": true, "subject_types_supported": ["public", "pairwise"], "scopes_supported": ["phone", "email", "offline_access", "openid", "profile", "address", "openid"], "request_object_encryption_alg_values_supported": ["RSA1_5", "RSA-OAEP", "A128KW", "A192KW", "A256KW", "ECDH-ES", "ECDH-ES+A128KW", "ECDH-ES+A192KW", "ECDH-ES+A256KW"], "end_session_endpoint": "https://rp.certification.openid.net:8080/nov-rp-certified/rp-id_token-kid-absent-multiple-jwks/end_session", "registration_endpoint": "https://rp.certification.openid.net:8080/nov-rp-certified/rp-id_token-kid-absent-multiple-jwks/registration", "id_token_encryption_enc_values_supported": ["A128CBC-HS256", "A192CBC-HS384", "A256CBC-HS512", "A128GCM", "A192GCM", "A256GCM"], "token_endpoint_auth_signing_alg_values_supported": ["RS256", "RS384", "RS512", "ES256", "ES384", "ES512", "HS256", "HS384", "HS512", "PS256", "PS384", "PS512"], "issuer": "https://rp.certification.openid.net:8080/nov-rp-certified/rp-id_token-kid-absent-multiple-jwks", "authorization_endpoint": "https://rp.certification.openid.net:8080/nov-rp-certified/rp-id_token-kid-absent-multiple-jwks/authorization", "acr_values_supported": ["PASSWORD"]}
2017-01-19T15:57:04.614659+00:00 app[web.1]: ======= [SWD] HTTP REQUEST FINISHED =======
2017-01-19T15:57:04.617362+00:00 app[web.1]: I, [2017-01-19T15:57:04.617312 #4]  INFO -- : [71a6b7fd-2eb6-4a22-95df-aa9387e641ae] ======= [OpenIDConnect] HTTP REQUEST STARTED =======
2017-01-19T15:57:04.617401+00:00 app[web.1]: I, [2017-01-19T15:57:04.617359 #4]  INFO -- : [71a6b7fd-2eb6-4a22-95df-aa9387e641ae] POST /nov-rp-certified/rp-id_token-kid-absent-multiple-jwks/registration HTTP/1.1
2017-01-19T15:57:04.617402+00:00 app[web.1]: Content-Type: application/json
2017-01-19T15:57:04.617403+00:00 app[web.1]: Content-Length: 208
2017-01-19T15:57:04.617403+00:00 app[web.1]: Host: rp.certification.openid.net:8080
2017-01-19T15:57:04.617403+00:00 app[web.1]:
2017-01-19T15:57:04.617404+00:00 app[web.1]: {"application_type":"web","client_name":"NOV RP - rp-id_token-kid-absent-multiple-jwks","redirect_uris":["https://connect-rp-certified.herokuapp.com/test_case_callbacks/rp-id_token-kid-absent-multiple-jwks"]}
2017-01-19T15:57:04.644781+00:00 app[web.1]: I, [2017-01-19T15:57:04.644683 #4]  INFO -- : [71a6b7fd-2eb6-4a22-95df-aa9387e641ae] --------------------------------------------------
2017-01-19T15:57:04.644814+00:00 app[web.1]: I, [2017-01-19T15:57:04.644763 #4]  INFO -- : [71a6b7fd-2eb6-4a22-95df-aa9387e641ae] Status: 201 Created
2017-01-19T15:57:04.644815+00:00 app[web.1]: Cache-Control: no-store
2017-01-19T15:57:04.644815+00:00 app[web.1]: Content-type: application/json
2017-01-19T15:57:04.644816+00:00 app[web.1]: Access-Control-Allow-Origin: *
2017-01-19T15:57:04.644817+00:00 app[web.1]: Access-Control-Allow-Methods: GET
2017-01-19T15:57:04.644817+00:00 app[web.1]: Access-Control-Allow-Headers: Authorization
2017-01-19T15:57:04.644817+00:00 app[web.1]: Transfer-Encoding: chunked
2017-01-19T15:57:04.644818+00:00 app[web.1]: Date: Thu, 19 Jan 2017 15:57:04 GMT
2017-01-19T15:57:04.644818+00:00 app[web.1]: Server: openid-www2
2017-01-19T15:57:04.644819+00:00 app[web.1]: Content-Length: 0
2017-01-19T15:57:04.644819+00:00 app[web.1]:
2017-01-19T15:57:04.644823+00:00 app[web.1]: {"client_id": "uu9bhGDruZFV", "client_secret": "9cdeb616e058c4889fdc9e3c529081e8b6ca1bcf939a30d3b542eb6b", "response_types": ["code"], "client_name": "NOV RP - rp-id_token-kid-absent-multiple-jwks", "application_type": "web", "registration_client_uri": "https://rp.certification.openid.net:8080/nov-rp-certified/registration?client_id=uu9bhGDruZFV", "registration_access_token": "xVhnPNA3CIqNjw7SkX3ItgFVRS7UcTk7", "redirect_uris": ["https://connect-rp-certified.herokuapp.com/test_case_callbacks/rp-id_token-kid-absent-multiple-jwks"], "client_id_issued_at": 1484841424, "client_secret_expires_at": 1484927824}
2017-01-19T15:57:04.644852+00:00 app[web.1]: I, [2017-01-19T15:57:04.644813 #4]  INFO -- : [71a6b7fd-2eb6-4a22-95df-aa9387e641ae] ======= [OpenIDConnect] HTTP REQUEST FINISHED =======
2017-01-19T15:57:04.646950+00:00 app[web.1]: D, [2017-01-19T15:57:04.646896 #4] DEBUG -- : [71a6b7fd-2eb6-4a22-95df-aa9387e641ae]    (0.7ms)  BEGIN
2017-01-19T15:57:04.649198+00:00 app[web.1]: D, [2017-01-19T15:57:04.649138 #4] DEBUG -- : [71a6b7fd-2eb6-4a22-95df-aa9387e641ae]   Client Exists (0.8ms)  SELECT  1 AS one FROM "clients" WHERE "clients"."identifier" = $1 LIMIT $2  [["identifier", "uu9bhGDruZFV"], ["LIMIT", 1]]
2017-01-19T15:57:04.650946+00:00 app[web.1]: D, [2017-01-19T15:57:04.650878 #4] DEBUG -- : [71a6b7fd-2eb6-4a22-95df-aa9387e641ae]   SQL (0.8ms)  INSERT INTO "clients" ("test_case_id", "identifier", "secret", "created_at", "updated_at") VALUES ($1, $2, $3, $4, $5) RETURNING "id"  [["test_case_id", 10], ["identifier", "uu9bhGDruZFV"], ["secret", "9cdeb616e058c4889fdc9e3c529081e8b6ca1bcf939a30d3b542eb6b"], ["created_at", 2017-01-19 15:57:04 UTC], ["updated_at", 2017-01-19 15:57:04 UTC]]
2017-01-19T15:57:04.652700+00:00 app[web.1]: D, [2017-01-19T15:57:04.652645 #4] DEBUG -- : [71a6b7fd-2eb6-4a22-95df-aa9387e641ae]    (1.5ms)  COMMIT
2017-01-19T15:57:04.653244+00:00 app[web.1]: I, [2017-01-19T15:57:04.653185 #4]  INFO -- : [71a6b7fd-2eb6-4a22-95df-aa9387e641ae] Redirected to https://rp.certification.openid.net:8080/nov-rp-certified/rp-id_token-kid-absent-multiple-jwks/authorization?client_id=uu9bhGDruZFV&nonce=a4b8d07e2e4bc2dcebfa8aefa216b584&redirect_uri=https%3A%2F%2Fconnect-rp-certified.herokuapp.com%2Ftest_case_callbacks%2Frp-id_token-kid-absent-multiple-jwks&response_type=code&scope=profile+email+address+phone+openid&state=e1a655942707d506582d5e8f82286ac6
2017-01-19T15:57:04.653445+00:00 app[web.1]: I, [2017-01-19T15:57:04.653393 #4]  INFO -- : [71a6b7fd-2eb6-4a22-95df-aa9387e641ae] Completed 302 Found in 1035ms (ActiveRecord: 5.2ms)
2017-01-19T15:57:05.780179+00:00 app[web.1]: I, [2017-01-19T15:57:05.780084 #4]  INFO -- : [4a9fcbe3-eace-4d1b-8ca2-fa79ec4fa73d] Started GET "/test_case_callbacks/rp-id_token-kid-absent-multiple-jwks?client_id=uu9bhGDruZFV&iss=https%3A%2F%2Frp.certification.openid.net%3A8080%2Fnov-rp-certified%2Frp-id_token-kid-absent-multiple-jwks&scope=profile+email+address+phone+openid&code=FS9m21uPhqqOO3OHFzjj8M9jRzbMoclX1d3dKuPL72MchDWPfG%2FC5sA0xucSfUyju9p6%2Fzkeo5B09xZ7a%2FO66Cr%2FyyNdCyXPIFsFtNbs%2FCumZY6lBxyy25SfnBmbnolj31%2Bx8k0g6OPf0wM%2F%2F%2F1%2FYw%3D%3D&state=e1a655942707d506582d5e8f82286ac6" for 122.210.153.65 at 2017-01-19 15:57:05 +0000
2017-01-19T15:57:05.780951+00:00 app[web.1]: I, [2017-01-19T15:57:05.780887 #4]  INFO -- : [4a9fcbe3-eace-4d1b-8ca2-fa79ec4fa73d] Processing by TestCaseCallbacksController#show as HTML
2017-01-19T15:57:05.781014+00:00 app[web.1]: I, [2017-01-19T15:57:05.780960 #4]  INFO -- : [4a9fcbe3-eace-4d1b-8ca2-fa79ec4fa73d]   Parameters: {"client_id"=>"uu9bhGDruZFV", "iss"=>"https://rp.certification.openid.net:8080/nov-rp-certified/rp-id_token-kid-absent-multiple-jwks", "scope"=>"profile email address phone openid", "code"=>"FS9m21uPhqqOO3OHFzjj8M9jRzbMoclX1d3dKuPL72MchDWPfG/C5sA0xucSfUyju9p6/zkeo5B09xZ7a/O66Cr/yyNdCyXPIFsFtNbs/CumZY6lBxyy25SfnBmbnolj31+x8k0g6OPf0wM///1/Yw==", "state"=>"e1a655942707d506582d5e8f82286ac6", "id"=>"rp-id_token-kid-absent-multiple-jwks"}
2017-01-19T15:57:05.784694+00:00 app[web.1]: D, [2017-01-19T15:57:05.784627 #4] DEBUG -- : [4a9fcbe3-eace-4d1b-8ca2-fa79ec4fa73d]   TestCase Load (0.8ms)  SELECT  "test_cases".* FROM "test_cases" WHERE "test_cases"."identifier" = $1 LIMIT $2  [["identifier", "rp-id_token-kid-absent-multiple-jwks"], ["LIMIT", 1]]
2017-01-19T15:57:05.788237+00:00 app[web.1]: D, [2017-01-19T15:57:05.788177 #4] DEBUG -- : [4a9fcbe3-eace-4d1b-8ca2-fa79ec4fa73d]   Client Load (0.9ms)  SELECT  "clients".* FROM "clients" WHERE "clients"."test_case_id" = $1 AND "clients"."identifier" = $2 LIMIT $3  [["test_case_id", 10], ["identifier", "uu9bhGDruZFV"], ["LIMIT", 1]]
2017-01-19T15:57:05.788988+00:00 app[web.1]: I, [2017-01-19T15:57:05.788918 #4]  INFO -- : [4a9fcbe3-eace-4d1b-8ca2-fa79ec4fa73d] ======= [SWD] HTTP REQUEST STARTED =======
2017-01-19T15:57:05.788990+00:00 app[web.1]: GET /nov-rp-certified/rp-id_token-kid-absent-multiple-jwks/.well-known/openid-configuration HTTP/1.1
2017-01-19T15:57:05.788990+00:00 app[web.1]: Host: rp.certification.openid.net:8080
2017-01-19T15:57:05.788991+00:00 app[web.1]:
2017-01-19T15:57:05.788991+00:00 app[web.1]:
2017-01-19T15:57:06.984121+00:00 app[web.1]: I, [2017-01-19T15:57:06.983994 #4]  INFO -- : [4a9fcbe3-eace-4d1b-8ca2-fa79ec4fa73d] --------------------------------------------------
2017-01-19T15:57:06.984133+00:00 app[web.1]: Status: 200 OK
2017-01-19T15:57:06.984137+00:00 app[web.1]: Cache-Control: no-store
2017-01-19T15:57:06.984138+00:00 app[web.1]: x-ffo: bar
2017-01-19T15:57:06.984139+00:00 app[web.1]: Content-type: application/json
2017-01-19T15:57:06.984140+00:00 app[web.1]: Access-Control-Allow-Origin: *
2017-01-19T15:57:06.984141+00:00 app[web.1]: Access-Control-Allow-Methods: GET
2017-01-19T15:57:06.984142+00:00 app[web.1]: Access-Control-Allow-Headers: Authorization
2017-01-19T15:57:06.984142+00:00 app[web.1]: Transfer-Encoding: chunked
2017-01-19T15:57:06.984143+00:00 app[web.1]: Date: Thu, 19 Jan 2017 15:57:06 GMT
2017-01-19T15:57:06.984144+00:00 app[web.1]: Server: openid-www2
2017-01-19T15:57:06.984144+00:00 app[web.1]: Content-Length: 0
2017-01-19T15:57:06.984145+00:00 app[web.1]:
2017-01-19T15:57:06.984147+00:00 app[web.1]: {"request_parameter_supported": true, "require_request_uri_registration": true, "response_types_supported": ["code", "id_token", "id_token token", "code id_token", "code token", "code id_token token"], "id_token_signing_alg_values_supported": ["RS256", "RS384", "RS512", "ES256", "ES384", "ES512", "HS256", "HS384", "HS512", "PS256", "PS384", "PS512", "none"], "token_endpoint_auth_methods_supported": ["client_secret_post", "client_secret_basic", "client_secret_jwt", "private_key_jwt"], "request_object_encryption_enc_values_supported": ["A128CBC-HS256", "A192CBC-HS384", "A256CBC-HS512", "A128GCM", "A192GCM", "A256GCM"], "response_modes_supported": ["query", "fragment", "form_post"], "jwks_uri": "https://rp.certification.openid.net:8080/static/jwks_ak8X630R5AIXxs7w.json", "userinfo_endpoint": "https://rp.certification.openid.net:8080/nov-rp-certified/rp-id_token-kid-absent-multiple-jwks/userinfo", "request_object_signing_alg_values_supported": ["RS256", "RS384", "RS512", "ES256", "ES384", "ES512", "HS256", "HS384", "HS512", "PS256", "PS384", "PS512", "none"], "userinfo_encryption_enc_values_supported": ["A128CBC-HS256", "A192CBC-HS384", "A256CBC-HS512", "A128GCM", "A192GCM", "A256GCM"], "token_endpoint": "https://rp.certification.openid.net:8080/nov-rp-certified/rp-id_token-kid-absent-multiple-jwks/token", "userinfo_encryption_alg_values_supported": ["RSA1_5", "RSA-OAEP", "A128KW", "A192KW", "A256KW", "ECDH-ES", "ECDH-ES+A128KW", "ECDH-ES+A192KW", "ECDH-ES+A256KW"], "claim_types_supported": ["normal", "aggregated", "distributed"], "id_token_encryption_alg_values_supported": ["RSA1_5", "RSA-OAEP", "A128KW", "A192KW", "A256KW", "ECDH-ES", "ECDH-ES+A128KW", "ECDH-ES+A192KW", "ECDH-ES+A256KW"], "userinfo_signing_alg_values_supported": ["RS256", "RS384", "RS512", "ES256", "ES384", "ES512", "HS256", "HS384", "HS512", "PS256", "PS384", "PS512", "none"], "claims_supported": ["updated_at", "name", "nickname", "sub", "middle_name", "locale", "phone_number_verified", "family_name", "email_verified", "website", "address", "zoneinfo", "email", "given_name", "birthdate", "preferred_username", "profile", "phone_number", "picture", "gender"], "version": "3.0", "claims_parameter_supported": true, "grant_types_supported": ["authorization_code", "implicit", "urn:ietf:params:oauth:grant-type:jwt-bearer"], "request_uri_parameter_supported": true, "subject_types_supported": ["public", "pairwise"], "scopes_supported": ["phone", "email", "offline_access", "openid", "profile", "address", "openid"], "request_object_encryption_alg_values_supported": ["RSA1_5", "RSA-OAEP", "A128KW", "A192KW", "A256KW", "ECDH-ES", "ECDH-ES+A128KW", "ECDH-ES+A192KW", "ECDH-ES+A256KW"], "end_session_endpoint": "https://rp.certification.openid.net:8080/nov-rp-certified/rp-id_token-kid-absent-multiple-jwks/end_session", "registration_endpoint": "https://rp.certification.openid.net:8080/nov-rp-certified/rp-id_token-kid-absent-multiple-jwks/registration", "id_token_encryption_enc_values_supported": ["A128CBC-HS256", "A192CBC-HS384", "A256CBC-HS512", "A128GCM", "A192GCM", "A256GCM"], "token_endpoint_auth_signing_alg_values_supported": ["RS256", "RS384", "RS512", "ES256", "ES384", "ES512", "HS256", "HS384", "HS512", "PS256", "PS384", "PS512"], "issuer": "https://rp.certification.openid.net:8080/nov-rp-certified/rp-id_token-kid-absent-multiple-jwks", "authorization_endpoint": "https://rp.certification.openid.net:8080/nov-rp-certified/rp-id_token-kid-absent-multiple-jwks/authorization", "acr_values_supported": ["PASSWORD"]}
2017-01-19T15:57:06.984148+00:00 app[web.1]: ======= [SWD] HTTP REQUEST FINISHED =======
2017-01-19T15:57:06.986046+00:00 app[web.1]: I, [2017-01-19T15:57:06.985972 #4]  INFO -- : [4a9fcbe3-eace-4d1b-8ca2-fa79ec4fa73d] ======= [Rack::OAuth2] HTTP REQUEST STARTED =======
2017-01-19T15:57:06.986119+00:00 app[web.1]: I, [2017-01-19T15:57:06.986051 #4]  INFO -- : [4a9fcbe3-eace-4d1b-8ca2-fa79ec4fa73d] POST /nov-rp-certified/rp-id_token-kid-absent-multiple-jwks/token HTTP/1.1
2017-01-19T15:57:06.986120+00:00 app[web.1]: Authorization: Basic dXU5YmhHRHJ1WkZWOjljZGViNjE2ZTA1OGM0ODg5ZmRjOWUzYzUyOTA4MWU4YjZjYTFiY2Y5MzlhMzBkM2I1NDJlYjZi
2017-01-19T15:57:06.986121+00:00 app[web.1]: Content-Type: application/x-www-form-urlencoded
2017-01-19T15:57:06.986122+00:00 app[web.1]: Content-Length: 334
2017-01-19T15:57:06.986123+00:00 app[web.1]: Host: rp.certification.openid.net:8080
2017-01-19T15:57:06.986124+00:00 app[web.1]:
2017-01-19T15:57:06.986125+00:00 app[web.1]: grant_type=authorization_code&code=FS9m21uPhqqOO3OHFzjj8M9jRzbMoclX1d3dKuPL72MchDWPfG%2FC5sA0xucSfUyju9p6%2Fzkeo5B09xZ7a%2FO66Cr%2FyyNdCyXPIFsFtNbs%2FCumZY6lBxyy25SfnBmbnolj31%2Bx8k0g6OPf0wM%2F%2F%2F1%2FYw%3D%3D&redirect_uri=https%3A%2F%2Fconnect-rp-certified.herokuapp.com%2Ftest_case_callbacks%2Frp-id_token-kid-absent-multiple-jwks
2017-01-19T15:57:07.023908+00:00 app[web.1]: I, [2017-01-19T15:57:07.023793 #4]  INFO -- : [4a9fcbe3-eace-4d1b-8ca2-fa79ec4fa73d] --------------------------------------------------
2017-01-19T15:57:07.023955+00:00 app[web.1]: I, [2017-01-19T15:57:07.023895 #4]  INFO -- : [4a9fcbe3-eace-4d1b-8ca2-fa79ec4fa73d] Status: 200 OK
2017-01-19T15:57:07.023956+00:00 app[web.1]: Content-type: application/json
2017-01-19T15:57:07.023956+00:00 app[web.1]: Access-Control-Allow-Origin: *
2017-01-19T15:57:07.023957+00:00 app[web.1]: Access-Control-Allow-Methods: GET
2017-01-19T15:57:07.023958+00:00 app[web.1]: Access-Control-Allow-Headers: Authorization
2017-01-19T15:57:07.023958+00:00 app[web.1]: Transfer-Encoding: chunked
2017-01-19T15:57:07.023958+00:00 app[web.1]: Date: Thu, 19 Jan 2017 15:57:07 GMT
2017-01-19T15:57:07.023959+00:00 app[web.1]: Server: openid-www2
2017-01-19T15:57:07.023959+00:00 app[web.1]: Content-Length: 0
2017-01-19T15:57:07.023960+00:00 app[web.1]:
2017-01-19T15:57:07.023961+00:00 app[web.1]: {"token_type": "Bearer", "scope": "profile email address phone openid", "access_token": "MpsUn22yecyKQsdnYZ3Z+rzWpWA4xWR6Iyovh7qIeY/jAtBl7LJFfn23kmLTrm7IDlQAWnt1eiydKiQrle0ql83xrmgPPi+DLXGNlxnLtIueSkNvCe1i1H0gagd2fYm41jinfUMud7PSsYrQIbU35Q==", "state": "e1a655942707d506582d5e8f82286ac6", "id_token": "eyJhbGciOiJSUzI1NiJ9.eyJpc3MiOiAiaHR0cHM6Ly9ycC5jZXJ0aWZpY2F0aW9uLm9wZW5pZC5uZXQ6ODA4MC9ub3YtcnAtY2VydGlmaWVkL3JwLWlkX3Rva2VuLWtpZC1hYnNlbnQtbXVsdGlwbGUtandrcyIsICJpYXQiOiAxNDg0ODQxNDI3LCAibm9uY2UiOiAiYTRiOGQwN2UyZTRiYzJkY2ViZmE4YWVmYTIxNmI1ODQiLCAic3ViIjogIjFiMmZjOTM0MWExNmFlNGUzMDA4Mjk2NWQ1MzdhZTQ3YzIxYTBmMjdmZDQzZWFiNzgzMzBlZDgxNzUxYWU2ZGIiLCAiYWNyIjogIlBBU1NXT1JEIiwgImF1ZCI6IFsidXU5YmhHRHJ1WkZWIl0sICJleHAiOiAxNDg0OTI3ODI3LCAiYXV0aF90aW1lIjogMTQ4NDg0MTQyNX0.F6_jvTfbqUmQuDoUgGy1ZcNWYGhLRoH5cO7tGiuQeCCM1YUZ9KWE_OxtsJAOvn5ltHp3az_VndhSAoWa9Q6Zwl_4n1wq6sXRiDdld0VfHMQ86T70z92ox8rgS4LEixxog5nJVvN-jA6MZFLL4PBYs8fXu960_ANwxMVjxRoaF_k0qbKQZ108e5tSu92lNT4TZfAA_JMiVp6gLqziuS11mbqQbtveUcn0E_H7JUGbcSD0-Ue8GxeI2XdtjpYxgL-tadbIpyL-tl-dwSyIxN2KFjcluWILypJaD-vEQ-EuzTsX5AjLvT3XihMTAytS8uFJwx6TlVyhycHJPlmZAugeFQ"}
2017-01-19T15:57:07.024048+00:00 app[web.1]: I, [2017-01-19T15:57:07.023959 #4]  INFO -- : [4a9fcbe3-eace-4d1b-8ca2-fa79ec4fa73d] ======= [Rack::OAuth2] HTTP REQUEST FINISHED =======
2017-01-19T15:57:07.025009+00:00 app[web.1]: I, [2017-01-19T15:57:07.024949 #4]  INFO -- : [4a9fcbe3-eace-4d1b-8ca2-fa79ec4fa73d] ======= [OpenIDConnect] HTTP REQUEST STARTED =======
2017-01-19T15:57:07.025063+00:00 app[web.1]: I, [2017-01-19T15:57:07.025012 #4]  INFO -- : [4a9fcbe3-eace-4d1b-8ca2-fa79ec4fa73d] GET /static/jwks_ak8X630R5AIXxs7w.json HTTP/1.1
2017-01-19T15:57:07.025064+00:00 app[web.1]: Host: rp.certification.openid.net:8080
2017-01-19T15:57:07.025065+00:00 app[web.1]:
2017-01-19T15:57:07.025065+00:00 app[web.1]:
2017-01-19T15:57:07.045997+00:00 app[web.1]: I, [2017-01-19T15:57:07.045910 #4]  INFO -- : [4a9fcbe3-eace-4d1b-8ca2-fa79ec4fa73d] --------------------------------------------------
2017-01-19T15:57:07.046029+00:00 app[web.1]: I, [2017-01-19T15:57:07.045984 #4]  INFO -- : [4a9fcbe3-eace-4d1b-8ca2-fa79ec4fa73d] Status: 200 OK
2017-01-19T15:57:07.046030+00:00 app[web.1]: Content-type: text/html
2017-01-19T15:57:07.046030+00:00 app[web.1]: Access-Control-Allow-Origin: *
2017-01-19T15:57:07.046031+00:00 app[web.1]: Access-Control-Allow-Methods: GET
2017-01-19T15:57:07.046032+00:00 app[web.1]: Access-Control-Allow-Headers: Authorization
2017-01-19T15:57:07.046032+00:00 app[web.1]: Transfer-Encoding: chunked
2017-01-19T15:57:07.046032+00:00 app[web.1]: Date: Thu, 19 Jan 2017 15:57:07 GMT
2017-01-19T15:57:07.046033+00:00 app[web.1]: Server: openid-www2
2017-01-19T15:57:07.046033+00:00 app[web.1]: Content-Length: 0
2017-01-19T15:57:07.046034+00:00 app[web.1]:
2017-01-19T15:57:07.046038+00:00 app[web.1]: {"keys": [{"kty": "RSA", "e": "AQAB", "n": "qAEO5HN-iXYser8joW8u2Uhegg0egZ0Y1bk_WNt4NKrQJbMdf5o7Kl6eRIQ9oQfR5e7b6oUSwHtngNd3o1KZHKzyxPYp72i9HCKKxZPvnC7_1xNhBvqR3cjSogPDhBxtiho2vtgPxmhQOjtjV3yS-Ik8twPUSwfY1GxLZjeXeIXCLrd-3hFKgeoOcwENvaolTTUf9CxIfpKk0s95B1V8mLFvjVqT7ftn84VQdf88kwBTEIThRlM9Ot00NoNgbitmf95xj8sMera-ZT2zBElBnlMFiLN_bHuADQROimy-iGfhqpH3d_tWaAtXZFCJ7OY6CDPVQZ9fKSjmLeeDOyFR_Q", "kid": "m0", "use": "enc"}, {"kty": "RSA", "e": "AQAB", "n": "tR3l3Oc1_sNfRbHp_BIjh52bL8o4-S21GlRAhRb0vSdnfIFWJKM6SRPtZh96ShDdWja-lZC7f2rqK1iNVsEi5FYcRcEUN5-wcZimoee7jo_DzFozRhqu2x57Y2YGE-b1GhgyM6PjLd8NMoU60eQ7SHACuJj_2ewtK-ffNuxCnyK9O_TMq-vi4OUousQXDJxaOrHnVYZvxGBtwgM-oGWF2o0VOAS9A8RRT-1SpIwcnNRrg_hUtCh3W-epzb_Hm5fBsA6YBmTc2cHIqDwq0ue8T3WM7NKX7Wg-FcZFV4IJOzkJ8KYDbTqDBjiiygYUVKTQl4WdIm9ova-Fblo8iceiOw", "kid": "m1", "use": "sig"}, {"kty": "RSA", "e": "AQAB", "n": "vtZwFB_XjhrH8lKJlwEDnAsBFvQ1QD6ppFLCMgtS7CumptJOTqLXTdLGZ2LBZAds4hYZYvsFJTX20m52jyR0L14zPp9SzR6bTr0JwpuZgW5JfcAcaQ55mrz4d6E3ao8dKxubK7Y-fcq5O3xskdOsv_tWrVlTl5PWr9R7dHLqtVBwtvXX-wiyp2nMIQrF-jwEF71w-tclzhwykObcyGa7weRdbMc3kfDuC5EC9AydhEmu4THj5xzpnHylOCNtdJoaym_3fXpfL15tMgzQ43pp7Ee6v-HCJbDIuyZvaMyRqpPx3yv81IFIQHZ-5xO6PPGqtNkM4b6NXQeZNSEARHa3Jw", "kid": "m2", "use": "enc"}, {"kty": "RSA", "e": "AQAB", "n": "9gaCZiyn87NMH5dUHl8RatIHDEtmzNTNoYBereYQQowwV9OAsh5kPP2HqDszz_MV_L1UMSqSYp0Xzj6uinPFiclE6H-8-_TwINx5zuu7OgVwYuxOfJ5fKorhr5H_k86lWn16ESu-Uytoe4B2232JdoboO4t3DufUAxs26Zm_1tUFThvcc4h0nadCLnEcqoGYJBB7NOtXori1SbQnvX46jeghvORmB6fKptRefb4idMrREUymzB1tHtYYnBmxztniqovjI8BpgwdFPyhiNjpUzeLYlp-T5mw4GkjIfaa_hDPtNs9sMsmHM05ufWx3u-AWCKy0CtluZMTbMj7KEfiTdw", "kid": "m3", "use": "sig"}, {"y": "Jh73_XAvJ01RBPOU0j7qp2P0pI-u-AuX7jfE9lrN0hc", "x": "MxOjvQRVvhcq58JB3gQ15R0Gjp60cK7sqIA7_WySnxg", "kty": "EC", "crv": "P-256", "kid": "m4", "use": "sig"}, {"y": "CfhnT4FXO66N8-qysMCRR-YClcF8UcvL31f5g5DbLV8", "x": "jct58TkoRbytjOp4v06cy21E36qOxfNVgAQbCSYQFNI", "kty": "EC", "crv": "P-256", "kid": "m5", "use": "enc"}, {"y": "P_W4WRbXFMcmqQn0jrGNsHeXpxUhvUPKTQNIzbuZs24", "x": "0LJnvZTYVQVWyw1KSpDqVfSjOhGhxsBHGKP3HOwLeb4", "kty": "EC", "crv": "P-256", "kid": "m6", "use": "sig"}, {"y": "zFFsI4moTz0xWYbT-g9exqwTRjPJLSHdk4ABwyVdyc8", "x": "un2Jl5Ikzt_xNBhcpoFf7D_RmORxp9G5GTR4b8PSNw8", "kty": "EC", "crv": "P-256", "kid": "m7", "use": "enc"}]}
2017-01-19T15:57:07.046070+00:00 app[web.1]: I, [2017-01-19T15:57:07.046030 #4]  INFO -- : [4a9fcbe3-eace-4d1b-8ca2-fa79ec4fa73d] ======= [OpenIDConnect] HTTP REQUEST FINISHED =======
2017-01-19T15:57:07.046634+00:00 app[web.1]: I, [2017-01-19T15:57:07.046583 #4]  INFO -- : [4a9fcbe3-eace-4d1b-8ca2-fa79ec4fa73d] # ERROR => Multiple keys are found for kyt=RSA & use=sig (JSON::JWK::Set::KidNotFound)
2017-01-19T15:57:07.046635+00:00 app[web.1]:
2017-01-19T15:57:07.047086+00:00 app[web.1]: I, [2017-01-19T15:57:07.047033 #4]  INFO -- : [4a9fcbe3-eace-4d1b-8ca2-fa79ec4fa73d]   Rendering protocol_error.html.erb within layouts/popup
2017-01-19T15:57:07.047255+00:00 app[web.1]: I, [2017-01-19T15:57:07.047209 #4]  INFO -- : [4a9fcbe3-eace-4d1b-8ca2-fa79ec4fa73d]   Rendered protocol_error.html.erb within layouts/popup (0.1ms)
2017-01-19T15:57:07.049313+00:00 app[web.1]: I, [2017-01-19T15:57:07.049257 #4]  INFO -- : [4a9fcbe3-eace-4d1b-8ca2-fa79ec4fa73d]   Rendered layouts/_wrapper.html.erb (1.9ms)
2017-01-19T15:57:07.049533+00:00 app[web.1]: I, [2017-01-19T15:57:07.049462 #4]  INFO -- : [4a9fcbe3-eace-4d1b-8ca2-fa79ec4fa73d] Completed 200 OK in 1268ms (Views: 2.7ms | ActiveRecord: 1.6ms)
2017-01-19T15:57:07.045923+00:00 heroku[router]: at=info method=GET path="/test_case_callbacks/rp-id_token-kid-absent-multiple-jwks?client_id=uu9bhGDruZFV&iss=https%3A%2F%2Frp.certification.openid.net%3A8080%2Fnov-rp-certified%2Frp-id_token-kid-absent-multiple-jwks&scope=profile+email+address+phone+openid&code=FS9m21uPhqqOO3OHFzjj8M9jRzbMoclX1d3dKuPL72MchDWPfG%2FC5sA0xucSfUyju9p6%2Fzkeo5B09xZ7a%2FO66Cr%2FyyNdCyXPIFsFtNbs%2FCumZY6lBxyy25SfnBmbnolj31%2Bx8k0g6OPf0wM%2F%2F%2F1%2FYw%3D%3D&state=e1a655942707d506582d5e8f82286ac6" host=connect-rp-certified.herokuapp.com request_id=4a9fcbe3-eace-4d1b-8ca2-fa79ec4fa73d fwd="122.210.153.65" dyno=web.1 connect=0ms service=1272ms status=200 bytes=2817